<?xml version="1.0" encoding="utf-8"?>
<CoverageSession xmlns:xsd="http://www.w3.org/2001/XMLSchema" xmlns:xsi="http://www.w3.org/2001/XMLSchema-instance">
  <Summary numSequencePoints="391" visitedSequencePoints="372" numBranchPoints="159" visitedBranchPoints="138" sequenceCoverage="95.14" branchCoverage="86.79" maxCyclomaticComplexity="9" minCyclomaticComplexity="1" visitedClasses="19" numClasses="19" visitedMethods="69" numMethods="69" />
  <Modules>
    <Module skippedDueTo="Filter" hash="F6-1C-26-32-B8-C7-A6-87-68-7E-80-4F-D3-1F-1C-EF-30-D1-05-7D">
      <ModulePath>C:\Windows\Microsoft.Net\assembly\GAC_64\mscorlib\v4.0_4.0.0.0__b77a5c561934e089\mscorlib.dll</ModulePath>
      <ModuleTime>2017-06-06T11:13:06Z</ModuleTime>
      <ModuleName>mscorlib</ModuleName>
      <Classes />
    </Module>
    <Module skippedDueTo="MissingPdb" hash="73-2C-23-38-69-24-C6-47-B0-15-58-8D-B3-63-F3-64-AC-79-40-D5">
      <ModulePath>C:\Users\golubev.dmitriy\Documents\Visual Studio 2015\Projects\Task 1\packages\NUnit.ConsoleRunner.3.7.0\tools\nunit3-console.exe</ModulePath>
      <ModuleTime>2017-07-13T15:33:20Z</ModuleTime>
      <ModuleName>nunit3-console</ModuleName>
      <Classes />
    </Module>
    <Module skippedDueTo="Filter" hash="D6-2A-7C-69-81-E8-45-28-51-34-62-77-0B-DB-92-5B-A0-28-0A-4E">
      <ModulePath>C:\Windows\Microsoft.Net\assembly\GAC_MSIL\System\v4.0_4.0.0.0__b77a5c561934e089\System.dll</ModulePath>
      <ModuleTime>2017-06-06T11:17:36Z</ModuleTime>
      <ModuleName>System</ModuleName>
      <Classes />
    </Module>
    <Module skippedDueTo="MissingPdb" hash="4D-3A-F8-21-37-BF-6C-40-07-B1-F2-B3-C1-40-95-02-8B-29-D6-BF">
      <ModulePath>C:\Users\golubev.dmitriy\Documents\Visual Studio 2015\Projects\Task 1\packages\NUnit.ConsoleRunner.3.7.0\tools\nunit.engine.api.dll</ModulePath>
      <ModuleTime>2017-07-13T15:33:20Z</ModuleTime>
      <ModuleName>nunit.engine.api</ModuleName>
      <Classes />
    </Module>
    <Module skippedDueTo="MissingPdb" hash="78-8A-37-55-1D-1C-A6-13-69-DB-A2-FA-8C-58-E6-62-DB-70-B5-E7">
      <ModulePath>C:\Users\golubev.dmitriy\Documents\Visual Studio 2015\Projects\Task 1\packages\NUnit.ConsoleRunner.3.7.0\tools\nunit.engine.dll</ModulePath>
      <ModuleTime>2017-07-13T15:33:20Z</ModuleTime>
      <ModuleName>nunit.engine</ModuleName>
      <Classes />
    </Module>
    <Module skippedDueTo="MissingPdb" hash="78-8A-37-55-1D-1C-A6-13-69-DB-A2-FA-8C-58-E6-62-DB-70-B5-E7">
      <ModulePath>C:\Users\golubev.dmitriy\Documents\Visual Studio 2015\Projects\Task 1\packages\NUnit.ConsoleRunner.3.7.0\tools\nunit.engine.dll</ModulePath>
      <ModuleTime>2017-07-13T15:33:20Z</ModuleTime>
      <ModuleName>nunit.engine</ModuleName>
      <Classes />
    </Module>
    <Module skippedDueTo="Filter" hash="21-E4-90-B5-42-20-26-BA-49-19-94-C3-CA-93-44-7B-60-08-D7-1C">
      <ModulePath>C:\Windows\Microsoft.Net\assembly\GAC_MSIL\System.Xml\v4.0_4.0.0.0__b77a5c561934e089\System.Xml.dll</ModulePath>
      <ModuleTime>2017-06-06T11:17:36Z</ModuleTime>
      <ModuleName>System.Xml</ModuleName>
      <Classes />
    </Module>
    <Module skippedDueTo="Filter" hash="70-F6-3D-D8-EA-FC-2C-07-C9-3D-29-89-45-1E-1F-36-32-1B-39-E7">
      <ModulePath>C:\Windows\Microsoft.Net\assembly\GAC_64\System.Web\v4.0_4.0.0.0__b03f5f7f11d50a3a\System.Web.dll</ModulePath>
      <ModuleTime>2017-06-06T11:13:06Z</ModuleTime>
      <ModuleName>System.Web</ModuleName>
      <Classes />
    </Module>
    <Module skippedDueTo="MissingPdb" hash="8A-2E-8F-D6-9D-39-02-4A-2F-30-FC-06-42-F7-0F-A8-32-69-07-72">
      <ModulePath>C:\Users\golubev.dmitriy\Documents\Visual Studio 2015\Projects\Task 1\packages\NUnit.ConsoleRunner.3.7.0\tools\Mono.Cecil.dll</ModulePath>
      <ModuleTime>2017-07-13T15:33:20Z</ModuleTime>
      <ModuleName>Mono.Cecil</ModuleName>
      <Classes />
    </Module>
    <Module skippedDueTo="Filter" hash="A1-47-D1-CE-C9-BC-C0-A8-0B-2A-B5-42-EF-73-A0-6C-13-30-72-81">
      <ModulePath>C:\Windows\Microsoft.Net\assembly\GAC_MSIL\System.Runtime.Remoting\v4.0_4.0.0.0__b77a5c561934e089\System.Runtime.Remoting.dll</ModulePath>
      <ModuleTime>2017-04-21T09:53:36Z</ModuleTime>
      <ModuleName>System.Runtime.Remoting</ModuleName>
      <Classes />
    </Module>
    <Module skippedDueTo="Filter" hash="FB-D4-0E-90-EA-AB-B0-1B-C4-12-8E-0A-26-C7-FA-75-AA-39-11-98">
      <ModulePath>C:\Windows\Microsoft.Net\assembly\GAC_MSIL\System.Configuration\v4.0_4.0.0.0__b03f5f7f11d50a3a\System.Configuration.dll</ModulePath>
      <ModuleTime>2017-04-21T09:53:36Z</ModuleTime>
      <ModuleName>System.Configuration</ModuleName>
      <Classes />
    </Module>
    <Module skippedDueTo="Filter" hash="F6-1C-26-32-B8-C7-A6-87-68-7E-80-4F-D3-1F-1C-EF-30-D1-05-7D">
      <ModulePath>C:\Windows\Microsoft.Net\assembly\GAC_64\mscorlib\v4.0_4.0.0.0__b77a5c561934e089\mscorlib.dll</ModulePath>
      <ModuleTime>2017-06-06T11:13:06Z</ModuleTime>
      <ModuleName>mscorlib</ModuleName>
      <Classes />
    </Module>
    <Module skippedDueTo="MissingPdb" hash="F5-B4-D0-7A-07-D3-FB-8D-44-18-EB-94-5A-2A-C5-32-D7-96-48-25">
      <ModulePath>C:\Users\golubev.dmitriy\Documents\Visual Studio 2015\Projects\Task 1\packages\NUnit.ConsoleRunner.3.7.0\tools\nunit-agent.exe</ModulePath>
      <ModuleTime>2017-07-13T15:33:20Z</ModuleTime>
      <ModuleName>nunit-agent</ModuleName>
      <Classes />
    </Module>
    <Module skippedDueTo="MissingPdb" hash="78-8A-37-55-1D-1C-A6-13-69-DB-A2-FA-8C-58-E6-62-DB-70-B5-E7">
      <ModulePath>C:\Users\golubev.dmitriy\Documents\Visual Studio 2015\Projects\Task 1\packages\NUnit.ConsoleRunner.3.7.0\tools\nunit.engine.dll</ModulePath>
      <ModuleTime>2017-07-13T15:33:20Z</ModuleTime>
      <ModuleName>nunit.engine</ModuleName>
      <Classes />
    </Module>
    <Module skippedDueTo="MissingPdb" hash="4D-3A-F8-21-37-BF-6C-40-07-B1-F2-B3-C1-40-95-02-8B-29-D6-BF">
      <ModulePath>C:\Users\golubev.dmitriy\Documents\Visual Studio 2015\Projects\Task 1\packages\NUnit.ConsoleRunner.3.7.0\tools\nunit.engine.api.dll</ModulePath>
      <ModuleTime>2017-07-13T15:33:20Z</ModuleTime>
      <ModuleName>nunit.engine.api</ModuleName>
      <Classes />
    </Module>
    <Module skippedDueTo="Filter" hash="D6-2A-7C-69-81-E8-45-28-51-34-62-77-0B-DB-92-5B-A0-28-0A-4E">
      <ModulePath>C:\Windows\Microsoft.Net\assembly\GAC_MSIL\System\v4.0_4.0.0.0__b77a5c561934e089\System.dll</ModulePath>
      <ModuleTime>2017-06-06T11:17:36Z</ModuleTime>
      <ModuleName>System</ModuleName>
      <Classes />
    </Module>
    <Module skippedDueTo="Filter" hash="21-E4-90-B5-42-20-26-BA-49-19-94-C3-CA-93-44-7B-60-08-D7-1C">
      <ModulePath>C:\Windows\Microsoft.Net\assembly\GAC_MSIL\System.Xml\v4.0_4.0.0.0__b77a5c561934e089\System.Xml.dll</ModulePath>
      <ModuleTime>2017-06-06T11:17:36Z</ModuleTime>
      <ModuleName>System.Xml</ModuleName>
      <Classes />
    </Module>
    <Module skippedDueTo="Filter" hash="70-F6-3D-D8-EA-FC-2C-07-C9-3D-29-89-45-1E-1F-36-32-1B-39-E7">
      <ModulePath>C:\Windows\Microsoft.Net\assembly\GAC_64\System.Web\v4.0_4.0.0.0__b03f5f7f11d50a3a\System.Web.dll</ModulePath>
      <ModuleTime>2017-06-06T11:13:06Z</ModuleTime>
      <ModuleName>System.Web</ModuleName>
      <Classes />
    </Module>
    <Module skippedDueTo="MissingPdb" hash="8A-2E-8F-D6-9D-39-02-4A-2F-30-FC-06-42-F7-0F-A8-32-69-07-72">
      <ModulePath>C:\Users\golubev.dmitriy\Documents\Visual Studio 2015\Projects\Task 1\packages\NUnit.ConsoleRunner.3.7.0\tools\Mono.Cecil.dll</ModulePath>
      <ModuleTime>2017-07-13T15:33:20Z</ModuleTime>
      <ModuleName>Mono.Cecil</ModuleName>
      <Classes />
    </Module>
    <Module skippedDueTo="Filter" hash="A1-47-D1-CE-C9-BC-C0-A8-0B-2A-B5-42-EF-73-A0-6C-13-30-72-81">
      <ModulePath>C:\Windows\Microsoft.Net\assembly\GAC_MSIL\System.Runtime.Remoting\v4.0_4.0.0.0__b77a5c561934e089\System.Runtime.Remoting.dll</ModulePath>
      <ModuleTime>2017-04-21T09:53:36Z</ModuleTime>
      <ModuleName>System.Runtime.Remoting</ModuleName>
      <Classes />
    </Module>
    <Module skippedDueTo="Filter" hash="FB-D4-0E-90-EA-AB-B0-1B-C4-12-8E-0A-26-C7-FA-75-AA-39-11-98">
      <ModulePath>C:\Windows\Microsoft.Net\assembly\GAC_MSIL\System.Configuration\v4.0_4.0.0.0__b03f5f7f11d50a3a\System.Configuration.dll</ModulePath>
      <ModuleTime>2017-04-21T09:53:36Z</ModuleTime>
      <ModuleName>System.Configuration</ModuleName>
      <Classes />
    </Module>
    <Module skippedDueTo="MissingPdb" hash="DE-6F-4F-B5-38-CC-77-7B-8C-2C-DD-D4-82-02-87-E2-91-2C-AE-6A">
      <ModulePath>C:\Users\golubev.dmitriy\Documents\Visual Studio 2015\Projects\Task 1\Task 1.Tests\bin\Debug\nunit.framework.dll</ModulePath>
      <ModuleTime>2017-06-05T16:49:18Z</ModuleTime>
      <ModuleName>nunit.framework</ModuleName>
      <Classes />
    </Module>
    <Module skippedDueTo="Filter" hash="D6-2A-7C-69-81-E8-45-28-51-34-62-77-0B-DB-92-5B-A0-28-0A-4E">
      <ModulePath>C:\Windows\Microsoft.Net\assembly\GAC_MSIL\System\v4.0_4.0.0.0__b77a5c561934e089\System.dll</ModulePath>
      <ModuleTime>2017-06-06T11:17:36Z</ModuleTime>
      <ModuleName>System</ModuleName>
      <Classes />
    </Module>
    <Module skippedDueTo="Filter" hash="EC-C8-73-33-83-EB-E9-33-AC-FD-CC-8D-E1-9C-57-8F-47-55-09-A9">
      <ModulePath>C:\Windows\Microsoft.Net\assembly\GAC_MSIL\System.Core\v4.0_4.0.0.0__b77a5c561934e089\System.Core.dll</ModulePath>
      <ModuleTime>2017-06-06T11:17:36Z</ModuleTime>
      <ModuleName>System.Core</ModuleName>
      <Classes />
    </Module>
    <Module skippedDueTo="MissingPdb" hash="78-8A-37-55-1D-1C-A6-13-69-DB-A2-FA-8C-58-E6-62-DB-70-B5-E7">
      <ModulePath>C:\Users\golubev.dmitriy\Documents\Visual Studio 2015\Projects\Task 1\Task 1.Tests\bin\Debug\nunit.engine.dll</ModulePath>
      <ModuleTime>2017-07-19T08:08:38Z</ModuleTime>
      <ModuleName>nunit.engine</ModuleName>
      <Classes />
    </Module>
    <Module skippedDueTo="Filter" hash="70-F6-3D-D8-EA-FC-2C-07-C9-3D-29-89-45-1E-1F-36-32-1B-39-E7">
      <ModulePath>C:\Windows\Microsoft.Net\assembly\GAC_64\System.Web\v4.0_4.0.0.0__b03f5f7f11d50a3a\System.Web.dll</ModulePath>
      <ModuleTime>2017-06-06T11:13:06Z</ModuleTime>
      <ModuleName>System.Web</ModuleName>
      <Classes />
    </Module>
    <Module hash="89-65-58-A4-D4-48-24-09-65-80-89-3F-62-5F-BA-89-8E-38-D3-59">
      <Summary numSequencePoints="126" visitedSequencePoints="126" numBranchPoints="30" visitedBranchPoints="30" sequenceCoverage="100" branchCoverage="100" maxCyclomaticComplexity="3" minCyclomaticComplexity="1" visitedClasses="8" numClasses="8" visitedMethods="30" numMethods="30" />
      <ModulePath>C:\Users\golubev.dmitriy\Documents\Visual Studio 2015\Projects\Task 1\Task 1.Tests\bin\Debug\Task 1.Tests.dll</ModulePath>
      <ModuleTime>2017-08-07T09:58:51.6231197Z</ModuleTime>
      <ModuleName>Task 1.Tests</ModuleName>
      <Files>
        <File uid="1" fullPath="C:\Users\golubev.dmitriy\Documents\Visual Studio 2015\Projects\Task 1\Task 1.Tests\DomainModel\Repository\DBRepositoryTests.cs" />
        <File uid="8" fullPath="C:\Users\golubev.dmitriy\Documents\Visual Studio 2015\Projects\Task 1\Task 1.Tests\DomainModel\Models\ValidationLogTests.cs" />
      </Files>
      <Classes>
        <Class skippedDueTo="Filter">
          <FullName>&lt;Module&gt;</FullName>
          <Methods />
        </Class>
        <Class skippedDueTo="Filter">
          <FullName>Task_1.DomainModel.Service.Tests.SubnetCoverageManagerTests</FullName>
          <Methods />
        </Class>
        <Class skippedDueTo="Filter">
          <FullName>Task_1.DomainModel.Service.Tests.SubnetValidatorTests</FullName>
          <Methods />
        </Class>
        <Class skippedDueTo="Filter">
          <FullName>Task_1.DomainModel.Service.Tests.SubnetContainerManagerTests</FullName>
          <Methods />
        </Class>
        <Class skippedDueTo="Filter">
          <FullName>Task_1.Models.Tests.SubnetTests</FullName>
          <Methods />
        </Class>
        <Class>
          <Summary numSequencePoints="87" visitedSequencePoints="87" numBranchPoints="16" visitedBranchPoints="16" sequenceCoverage="100" branchCoverage="100" maxCyclomaticComplexity="3" minCyclomaticComplexity="1" visitedClasses="1" numClasses="1" visitedMethods="16" numMethods="16" />
          <FullName>DomainModel.Repository.Tests.DBRepositoryTests</FullName>
          <Methods>
            <Method visited="true" cyclomaticComplexity="3" nPathComplexity="0" sequenceCoverage="100" branchCoverage="100" isConstructor="true" isStatic="false" isGetter="false" isSetter="false">
              <Summary numSequencePoints="13" visitedSequencePoints="13" numBranchPoints="1" visitedBranchPoints="1" sequenceCoverage="100" branchCoverage="100" maxCyclomaticComplexity="3" minCyclomaticComplexity="3" visitedClasses="0" numClasses="0" visitedMethods="1" numMethods="1" />
              <MetadataToken>100663345</MetadataToken>
              <Name>System.Void DomainModel.Repository.Tests.DBRepositoryTests::.ctor()</Name>
              <FileRef uid="1" />
              <SequencePoints>
                <SequencePoint vc="1" uspid="1" ordinal="0" offset="0" sl="20" sc="9" el="20" ec="35" bec="0" bev="0" fileid="1" />
                <SequencePoint vc="1" uspid="2" ordinal="1" offset="7" sl="21" sc="9" el="21" ec="10" bec="0" bev="0" fileid="1" />
                <SequencePoint vc="1" uspid="3" ordinal="2" offset="8" sl="22" sc="13" el="24" ec="53" bec="0" bev="0" fileid="1" />
                <SequencePoint vc="1" uspid="4" ordinal="3" offset="19" sl="25" sc="13" el="25" ec="46" bec="0" bev="0" fileid="1" />
                <SequencePoint vc="1" uspid="5" ordinal="4" offset="30" sl="26" sc="13" el="26" ec="33" bec="0" bev="0" fileid="1" />
                <SequencePoint vc="1" uspid="6" ordinal="5" offset="41" sl="27" sc="13" el="31" ec="44" bec="0" bev="0" fileid="1" />
                <SequencePoint vc="1" uspid="7" ordinal="6" offset="64" sl="33" sc="20" el="33" ec="78" bec="0" bev="0" fileid="1" />
                <SequencePoint vc="1" uspid="8" ordinal="7" offset="76" sl="34" sc="13" el="34" ec="14" bec="0" bev="0" fileid="1" />
                <SequencePoint vc="1" uspid="9" ordinal="8" offset="77" sl="35" sc="17" el="35" ec="35" bec="0" bev="0" fileid="1" />
                <SequencePoint vc="1" uspid="10" ordinal="9" offset="84" sl="36" sc="24" el="36" ec="80" bec="0" bev="0" fileid="1" />
                <SequencePoint vc="1" uspid="11" ordinal="10" offset="92" sl="37" sc="21" el="37" ec="47" bec="0" bev="0" fileid="1" />
                <SequencePoint vc="1" uspid="12" ordinal="11" offset="112" sl="38" sc="13" el="38" ec="14" bec="0" bev="0" fileid="1" />
                <SequencePoint vc="1" uspid="13" ordinal="12" offset="126" sl="39" sc="9" el="39" ec="10" bec="0" bev="0" fileid="1" />
              </SequencePoints>
              <BranchPoints />
              <MethodPoint xsi:type="SequencePoint" vc="1" uspid="1" ordinal="0" offset="0" sl="20" sc="9" el="20" ec="35" bec="0" bev="0" fileid="1" />
            </Method>
            <Method visited="true" cyclomaticComplexity="1" nPathComplexity="0" sequenceCoverage="100" branchCoverage="100" isConstructor="false" isStatic="false" isGetter="false" isSetter="false">
              <Summary numSequencePoints="3" visitedSequencePoints="3" numBranchPoints="1" visitedBranchPoints="1" sequenceCoverage="100" branchCoverage="100" maxCyclomaticComplexity="1" minCyclomaticComplexity="1" visitedClasses="0" numClasses="0" visitedMethods="1" numMethods="1" />
              <MetadataToken>100663346</MetadataToken>
              <Name>System.Void DomainModel.Repository.Tests.DBRepositoryTests::DBRepository_RightConnectionString_Success()</Name>
              <FileRef uid="1" />
              <SequencePoints>
                <SequencePoint vc="1" uspid="14" ordinal="0" offset="0" sl="44" sc="9" el="44" ec="10" bec="0" bev="0" fileid="1" />
                <SequencePoint vc="1" uspid="15" ordinal="1" offset="1" sl="45" sc="13" el="45" ec="81" bec="0" bev="0" fileid="1" />
                <SequencePoint vc="1" uspid="16" ordinal="2" offset="19" sl="46" sc="9" el="46" ec="10" bec="0" bev="0" fileid="1" />
              </SequencePoints>
              <BranchPoints />
              <MethodPoint xsi:type="SequencePoint" vc="1" uspid="14" ordinal="0" offset="0" sl="44" sc="9" el="44" ec="10" bec="0" bev="0" fileid="1" />
            </Method>
            <Method visited="true" cyclomaticComplexity="1" nPathComplexity="0" sequenceCoverage="100" branchCoverage="100" isConstructor="false" isStatic="false" isGetter="false" isSetter="false">
              <Summary numSequencePoints="3" visitedSequencePoints="3" numBranchPoints="1" visitedBranchPoints="1" sequenceCoverage="100" branchCoverage="100" maxCyclomaticComplexity="1" minCyclomaticComplexity="1" visitedClasses="0" numClasses="0" visitedMethods="1" numMethods="1" />
              <MetadataToken>100663347</MetadataToken>
              <Name>System.Void DomainModel.Repository.Tests.DBRepositoryTests::DBRepository_WrongConnectionString_Fail()</Name>
              <FileRef uid="1" />
              <SequencePoints>
                <SequencePoint vc="1" uspid="17" ordinal="0" offset="0" sl="50" sc="9" el="50" ec="10" bec="0" bev="0" fileid="1" />
                <SequencePoint vc="1" uspid="18" ordinal="1" offset="1" sl="51" sc="13" el="51" ec="94" bec="0" bev="0" fileid="1" />
                <SequencePoint vc="1" uspid="19" ordinal="2" offset="19" sl="52" sc="9" el="52" ec="10" bec="0" bev="0" fileid="1" />
              </SequencePoints>
              <BranchPoints />
              <MethodPoint xsi:type="SequencePoint" vc="1" uspid="17" ordinal="0" offset="0" sl="50" sc="9" el="50" ec="10" bec="0" bev="0" fileid="1" />
            </Method>
            <Method visited="true" cyclomaticComplexity="1" nPathComplexity="0" sequenceCoverage="100" branchCoverage="100" isConstructor="false" isStatic="false" isGetter="false" isSetter="false">
              <Summary numSequencePoints="9" visitedSequencePoints="9" numBranchPoints="1" visitedBranchPoints="1" sequenceCoverage="100" branchCoverage="100" maxCyclomaticComplexity="1" minCyclomaticComplexity="1" visitedClasses="0" numClasses="0" visitedMethods="1" numMethods="1" />
              <MetadataToken>100663348</MetadataToken>
              <Name>System.Void DomainModel.Repository.Tests.DBRepositoryTests::Create_ValidData_Success()</Name>
              <FileRef uid="1" />
              <SequencePoints>
                <SequencePoint vc="1" uspid="20" ordinal="0" offset="0" sl="57" sc="9" el="57" ec="10" bec="0" bev="0" fileid="1" />
                <SequencePoint vc="1" uspid="21" ordinal="1" offset="1" sl="58" sc="13" el="58" ec="33" bec="0" bev="0" fileid="1" />
                <SequencePoint vc="1" uspid="22" ordinal="2" offset="8" sl="59" sc="13" el="59" ec="31" bec="0" bev="0" fileid="1" />
                <SequencePoint vc="1" uspid="23" ordinal="3" offset="14" sl="60" sc="13" el="60" ec="47" bec="0" bev="0" fileid="1" />
                <SequencePoint vc="1" uspid="24" ordinal="4" offset="20" sl="61" sc="13" el="61" ec="77" bec="0" bev="0" fileid="1" />
                <SequencePoint vc="1" uspid="25" ordinal="5" offset="38" sl="62" sc="13" el="65" ec="15" bec="0" bev="0" fileid="1" />
                <SequencePoint vc="1" uspid="26" ordinal="6" offset="58" sl="66" sc="13" el="66" ec="41" bec="0" bev="0" fileid="1" />
                <SequencePoint vc="1" uspid="27" ordinal="7" offset="67" sl="67" sc="13" el="67" ec="51" bec="0" bev="0" fileid="1" />
                <SequencePoint vc="1" uspid="28" ordinal="8" offset="76" sl="69" sc="9" el="69" ec="10" bec="0" bev="0" fileid="1" />
              </SequencePoints>
              <BranchPoints />
              <MethodPoint xsi:type="SequencePoint" vc="1" uspid="20" ordinal="0" offset="0" sl="57" sc="9" el="57" ec="10" bec="0" bev="0" fileid="1" />
            </Method>
            <Method visited="true" cyclomaticComplexity="1" nPathComplexity="0" sequenceCoverage="100" branchCoverage="100" isConstructor="false" isStatic="false" isGetter="false" isSetter="false">
              <Summary numSequencePoints="4" visitedSequencePoints="4" numBranchPoints="1" visitedBranchPoints="1" sequenceCoverage="100" branchCoverage="100" maxCyclomaticComplexity="1" minCyclomaticComplexity="1" visitedClasses="0" numClasses="0" visitedMethods="1" numMethods="1" />
              <MetadataToken>100663349</MetadataToken>
              <Name>System.Void DomainModel.Repository.Tests.DBRepositoryTests::Create_NullId_ThrowsException()</Name>
              <FileRef uid="1" />
              <SequencePoints>
                <SequencePoint vc="1" uspid="29" ordinal="0" offset="6" sl="73" sc="9" el="73" ec="10" bec="0" bev="0" fileid="1" />
                <SequencePoint vc="1" uspid="30" ordinal="1" offset="7" sl="74" sc="13" el="74" ec="77" bec="0" bev="0" fileid="1" />
                <SequencePoint vc="1" uspid="31" ordinal="2" offset="30" sl="75" sc="13" el="75" ec="98" bec="0" bev="0" fileid="1" />
                <SequencePoint vc="1" uspid="32" ordinal="3" offset="48" sl="76" sc="9" el="76" ec="10" bec="0" bev="0" fileid="1" />
              </SequencePoints>
              <BranchPoints />
              <MethodPoint vc="1" uspid="33" ordinal="0" offset="0" />
            </Method>
            <Method visited="true" cyclomaticComplexity="1" nPathComplexity="0" sequenceCoverage="100" branchCoverage="100" isConstructor="false" isStatic="false" isGetter="false" isSetter="false">
              <Summary numSequencePoints="4" visitedSequencePoints="4" numBranchPoints="1" visitedBranchPoints="1" sequenceCoverage="100" branchCoverage="100" maxCyclomaticComplexity="1" minCyclomaticComplexity="1" visitedClasses="0" numClasses="0" visitedMethods="1" numMethods="1" />
              <MetadataToken>100663350</MetadataToken>
              <Name>System.Void DomainModel.Repository.Tests.DBRepositoryTests::Create_NullSubnet_ThrowsException()</Name>
              <FileRef uid="1" />
              <SequencePoints>
                <SequencePoint vc="1" uspid="34" ordinal="0" offset="6" sl="80" sc="9" el="80" ec="10" bec="0" bev="0" fileid="1" />
                <SequencePoint vc="1" uspid="35" ordinal="1" offset="7" sl="81" sc="13" el="81" ec="77" bec="0" bev="0" fileid="1" />
                <SequencePoint vc="1" uspid="36" ordinal="2" offset="30" sl="82" sc="13" el="82" ec="86" bec="0" bev="0" fileid="1" />
                <SequencePoint vc="1" uspid="37" ordinal="3" offset="48" sl="83" sc="9" el="83" ec="10" bec="0" bev="0" fileid="1" />
              </SequencePoints>
              <BranchPoints />
              <MethodPoint vc="1" uspid="38" ordinal="0" offset="0" />
            </Method>
            <Method visited="true" cyclomaticComplexity="1" nPathComplexity="0" sequenceCoverage="100" branchCoverage="100" isConstructor="false" isStatic="false" isGetter="false" isSetter="false">
              <Summary numSequencePoints="9" visitedSequencePoints="9" numBranchPoints="1" visitedBranchPoints="1" sequenceCoverage="100" branchCoverage="100" maxCyclomaticComplexity="1" minCyclomaticComplexity="1" visitedClasses="0" numClasses="0" visitedMethods="1" numMethods="1" />
              <MetadataToken>100663351</MetadataToken>
              <Name>System.Void DomainModel.Repository.Tests.DBRepositoryTests::Delete_ValidData_Success()</Name>
              <FileRef uid="1" />
              <SequencePoints>
                <SequencePoint vc="1" uspid="39" ordinal="0" offset="0" sl="88" sc="9" el="88" ec="10" bec="0" bev="0" fileid="1" />
                <SequencePoint vc="1" uspid="40" ordinal="1" offset="1" sl="89" sc="13" el="89" ec="33" bec="0" bev="0" fileid="1" />
                <SequencePoint vc="1" uspid="41" ordinal="2" offset="8" sl="90" sc="13" el="90" ec="31" bec="0" bev="0" fileid="1" />
                <SequencePoint vc="1" uspid="42" ordinal="3" offset="14" sl="91" sc="13" el="91" ec="47" bec="0" bev="0" fileid="1" />
                <SequencePoint vc="1" uspid="43" ordinal="4" offset="20" sl="92" sc="13" el="92" ec="77" bec="0" bev="0" fileid="1" />
                <SequencePoint vc="1" uspid="44" ordinal="5" offset="38" sl="93" sc="13" el="93" ec="41" bec="0" bev="0" fileid="1" />
                <SequencePoint vc="1" uspid="45" ordinal="6" offset="47" sl="94" sc="13" el="94" ec="29" bec="0" bev="0" fileid="1" />
                <SequencePoint vc="1" uspid="46" ordinal="7" offset="55" sl="95" sc="13" el="95" ec="61" bec="0" bev="0" fileid="1" />
                <SequencePoint vc="1" uspid="47" ordinal="8" offset="68" sl="97" sc="9" el="97" ec="10" bec="0" bev="0" fileid="1" />
              </SequencePoints>
              <BranchPoints />
              <MethodPoint xsi:type="SequencePoint" vc="1" uspid="39" ordinal="0" offset="0" sl="88" sc="9" el="88" ec="10" bec="0" bev="0" fileid="1" />
            </Method>
            <Method visited="true" cyclomaticComplexity="1" nPathComplexity="0" sequenceCoverage="100" branchCoverage="100" isConstructor="false" isStatic="false" isGetter="false" isSetter="false">
              <Summary numSequencePoints="4" visitedSequencePoints="4" numBranchPoints="1" visitedBranchPoints="1" sequenceCoverage="100" branchCoverage="100" maxCyclomaticComplexity="1" minCyclomaticComplexity="1" visitedClasses="0" numClasses="0" visitedMethods="1" numMethods="1" />
              <MetadataToken>100663352</MetadataToken>
              <Name>System.Void DomainModel.Repository.Tests.DBRepositoryTests::Delete_NullId_ThrowsException()</Name>
              <FileRef uid="1" />
              <SequencePoints>
                <SequencePoint vc="1" uspid="48" ordinal="0" offset="6" sl="101" sc="9" el="101" ec="10" bec="0" bev="0" fileid="1" />
                <SequencePoint vc="1" uspid="49" ordinal="1" offset="7" sl="102" sc="13" el="102" ec="77" bec="0" bev="0" fileid="1" />
                <SequencePoint vc="1" uspid="50" ordinal="2" offset="30" sl="103" sc="13" el="103" ec="75" bec="0" bev="0" fileid="1" />
                <SequencePoint vc="1" uspid="51" ordinal="3" offset="48" sl="104" sc="9" el="104" ec="10" bec="0" bev="0" fileid="1" />
              </SequencePoints>
              <BranchPoints />
              <MethodPoint vc="1" uspid="52" ordinal="0" offset="0" />
            </Method>
            <Method visited="true" cyclomaticComplexity="1" nPathComplexity="0" sequenceCoverage="100" branchCoverage="100" isConstructor="false" isStatic="false" isGetter="false" isSetter="false">
              <Summary numSequencePoints="11" visitedSequencePoints="11" numBranchPoints="1" visitedBranchPoints="1" sequenceCoverage="100" branchCoverage="100" maxCyclomaticComplexity="1" minCyclomaticComplexity="1" visitedClasses="0" numClasses="0" visitedMethods="1" numMethods="1" />
              <MetadataToken>100663353</MetadataToken>
              <Name>System.Void DomainModel.Repository.Tests.DBRepositoryTests::Edit_ValidData_Success()</Name>
              <FileRef uid="1" />
              <SequencePoints>
                <SequencePoint vc="1" uspid="53" ordinal="0" offset="0" sl="109" sc="9" el="109" ec="10" bec="0" bev="0" fileid="1" />
                <SequencePoint vc="1" uspid="54" ordinal="1" offset="1" sl="110" sc="13" el="110" ec="33" bec="0" bev="0" fileid="1" />
                <SequencePoint vc="1" uspid="55" ordinal="2" offset="8" sl="111" sc="13" el="111" ec="35" bec="0" bev="0" fileid="1" />
                <SequencePoint vc="1" uspid="56" ordinal="3" offset="14" sl="112" sc="13" el="112" ec="47" bec="0" bev="0" fileid="1" />
                <SequencePoint vc="1" uspid="57" ordinal="4" offset="20" sl="113" sc="13" el="113" ec="77" bec="0" bev="0" fileid="1" />
                <SequencePoint vc="1" uspid="58" ordinal="5" offset="38" sl="114" sc="13" el="114" ec="45" bec="0" bev="0" fileid="1" />
                <SequencePoint vc="1" uspid="59" ordinal="6" offset="47" sl="115" sc="13" el="115" ec="35" bec="0" bev="0" fileid="1" />
                <SequencePoint vc="1" uspid="60" ordinal="7" offset="53" sl="116" sc="13" el="119" ec="15" bec="0" bev="0" fileid="1" />
                <SequencePoint vc="1" uspid="61" ordinal="8" offset="74" sl="121" sc="13" el="121" ec="51" bec="0" bev="0" fileid="1" />
                <SequencePoint vc="1" uspid="62" ordinal="9" offset="84" sl="122" sc="13" el="122" ec="51" bec="0" bev="0" fileid="1" />
                <SequencePoint vc="1" uspid="63" ordinal="10" offset="94" sl="124" sc="9" el="124" ec="10" bec="0" bev="0" fileid="1" />
              </SequencePoints>
              <BranchPoints />
              <MethodPoint xsi:type="SequencePoint" vc="1" uspid="53" ordinal="0" offset="0" sl="109" sc="9" el="109" ec="10" bec="0" bev="0" fileid="1" />
            </Method>
            <Method visited="true" cyclomaticComplexity="1" nPathComplexity="0" sequenceCoverage="100" branchCoverage="100" isConstructor="false" isStatic="false" isGetter="false" isSetter="false">
              <Summary numSequencePoints="4" visitedSequencePoints="4" numBranchPoints="1" visitedBranchPoints="1" sequenceCoverage="100" branchCoverage="100" maxCyclomaticComplexity="1" minCyclomaticComplexity="1" visitedClasses="0" numClasses="0" visitedMethods="1" numMethods="1" />
              <MetadataToken>100663354</MetadataToken>
              <Name>System.Void DomainModel.Repository.Tests.DBRepositoryTests::Edit_NullOldId_ThrowsException()</Name>
              <FileRef uid="1" />
              <SequencePoints>
                <SequencePoint vc="1" uspid="64" ordinal="0" offset="6" sl="128" sc="9" el="128" ec="10" bec="0" bev="0" fileid="1" />
                <SequencePoint vc="1" uspid="65" ordinal="1" offset="7" sl="129" sc="13" el="129" ec="77" bec="0" bev="0" fileid="1" />
                <SequencePoint vc="1" uspid="66" ordinal="2" offset="30" sl="130" sc="13" el="130" ec="119" bec="0" bev="0" fileid="1" />
                <SequencePoint vc="1" uspid="67" ordinal="3" offset="48" sl="131" sc="9" el="131" ec="10" bec="0" bev="0" fileid="1" />
              </SequencePoints>
              <BranchPoints />
              <MethodPoint vc="1" uspid="68" ordinal="0" offset="0" />
            </Method>
            <Method visited="true" cyclomaticComplexity="1" nPathComplexity="0" sequenceCoverage="100" branchCoverage="100" isConstructor="false" isStatic="false" isGetter="false" isSetter="false">
              <Summary numSequencePoints="4" visitedSequencePoints="4" numBranchPoints="1" visitedBranchPoints="1" sequenceCoverage="100" branchCoverage="100" maxCyclomaticComplexity="1" minCyclomaticComplexity="1" visitedClasses="0" numClasses="0" visitedMethods="1" numMethods="1" />
              <MetadataToken>100663355</MetadataToken>
              <Name>System.Void DomainModel.Repository.Tests.DBRepositoryTests::Edit_NullNewId_ThrowsException()</Name>
              <FileRef uid="1" />
              <SequencePoints>
                <SequencePoint vc="1" uspid="69" ordinal="0" offset="6" sl="135" sc="9" el="135" ec="10" bec="0" bev="0" fileid="1" />
                <SequencePoint vc="1" uspid="70" ordinal="1" offset="7" sl="136" sc="13" el="136" ec="77" bec="0" bev="0" fileid="1" />
                <SequencePoint vc="1" uspid="71" ordinal="2" offset="30" sl="137" sc="13" el="137" ec="119" bec="0" bev="0" fileid="1" />
                <SequencePoint vc="1" uspid="72" ordinal="3" offset="48" sl="138" sc="9" el="138" ec="10" bec="0" bev="0" fileid="1" />
              </SequencePoints>
              <BranchPoints />
              <MethodPoint vc="1" uspid="73" ordinal="0" offset="0" />
            </Method>
            <Method visited="true" cyclomaticComplexity="1" nPathComplexity="0" sequenceCoverage="100" branchCoverage="100" isConstructor="false" isStatic="false" isGetter="false" isSetter="false">
              <Summary numSequencePoints="4" visitedSequencePoints="4" numBranchPoints="1" visitedBranchPoints="1" sequenceCoverage="100" branchCoverage="100" maxCyclomaticComplexity="1" minCyclomaticComplexity="1" visitedClasses="0" numClasses="0" visitedMethods="1" numMethods="1" />
              <MetadataToken>100663356</MetadataToken>
              <Name>System.Void DomainModel.Repository.Tests.DBRepositoryTests::Edit_NullSubnet_ThrowsException()</Name>
              <FileRef uid="1" />
              <SequencePoints>
                <SequencePoint vc="1" uspid="74" ordinal="0" offset="6" sl="142" sc="9" el="142" ec="10" bec="0" bev="0" fileid="1" />
                <SequencePoint vc="1" uspid="75" ordinal="1" offset="7" sl="143" sc="13" el="143" ec="77" bec="0" bev="0" fileid="1" />
                <SequencePoint vc="1" uspid="76" ordinal="2" offset="30" sl="144" sc="13" el="144" ec="99" bec="0" bev="0" fileid="1" />
                <SequencePoint vc="1" uspid="77" ordinal="3" offset="48" sl="145" sc="9" el="145" ec="10" bec="0" bev="0" fileid="1" />
              </SequencePoints>
              <BranchPoints />
              <MethodPoint vc="1" uspid="78" ordinal="0" offset="0" />
            </Method>
            <Method visited="true" cyclomaticComplexity="1" nPathComplexity="0" sequenceCoverage="100" branchCoverage="100" isConstructor="false" isStatic="false" isGetter="false" isSetter="false">
              <Summary numSequencePoints="4" visitedSequencePoints="4" numBranchPoints="1" visitedBranchPoints="1" sequenceCoverage="100" branchCoverage="100" maxCyclomaticComplexity="1" minCyclomaticComplexity="1" visitedClasses="0" numClasses="0" visitedMethods="1" numMethods="1" />
              <MetadataToken>100663357</MetadataToken>
              <Name>System.Void DomainModel.Repository.Tests.DBRepositoryTests::TestRepositoryContent(DomainModel.Repository.IRepository,System.Collections.Generic.List`1&lt;DomainModel.Models.Subnet&gt;)</Name>
              <FileRef uid="1" />
              <SequencePoints>
                <SequencePoint vc="3" uspid="79" ordinal="0" offset="0" sl="149" sc="9" el="149" ec="10" bec="0" bev="0" fileid="1" />
                <SequencePoint vc="3" uspid="80" ordinal="1" offset="1" sl="150" sc="13" el="150" ec="44" bec="0" bev="0" fileid="1" />
                <SequencePoint vc="3" uspid="81" ordinal="2" offset="8" sl="151" sc="13" el="151" ec="63" bec="0" bev="0" fileid="1" />
                <SequencePoint vc="3" uspid="82" ordinal="3" offset="16" sl="152" sc="9" el="152" ec="10" bec="0" bev="0" fileid="1" />
              </SequencePoints>
              <BranchPoints />
              <MethodPoint xsi:type="SequencePoint" vc="3" uspid="79" ordinal="0" offset="0" sl="149" sc="9" el="149" ec="10" bec="0" bev="0" fileid="1" />
            </Method>
            <Method visited="true" cyclomaticComplexity="3" nPathComplexity="0" sequenceCoverage="100" branchCoverage="100" isConstructor="false" isStatic="false" isGetter="false" isSetter="false">
              <Summary numSequencePoints="9" visitedSequencePoints="9" numBranchPoints="1" visitedBranchPoints="1" sequenceCoverage="100" branchCoverage="100" maxCyclomaticComplexity="3" minCyclomaticComplexity="3" visitedClasses="0" numClasses="0" visitedMethods="1" numMethods="1" />
              <MetadataToken>100663358</MetadataToken>
              <Name>System.Void DomainModel.Repository.Tests.DBRepositoryTests::RecreateTestTable()</Name>
              <FileRef uid="1" />
              <SequencePoints>
                <SequencePoint vc="3" uspid="83" ordinal="0" offset="0" sl="154" sc="9" el="154" ec="10" bec="0" bev="0" fileid="1" />
                <SequencePoint vc="3" uspid="84" ordinal="1" offset="1" sl="155" sc="13" el="159" ec="44" bec="0" bev="0" fileid="1" />
                <SequencePoint vc="3" uspid="85" ordinal="2" offset="24" sl="161" sc="20" el="161" ec="78" bec="0" bev="0" fileid="1" />
                <SequencePoint vc="3" uspid="86" ordinal="3" offset="36" sl="162" sc="13" el="162" ec="14" bec="0" bev="0" fileid="1" />
                <SequencePoint vc="3" uspid="87" ordinal="4" offset="37" sl="163" sc="17" el="163" ec="35" bec="0" bev="0" fileid="1" />
                <SequencePoint vc="3" uspid="88" ordinal="5" offset="44" sl="164" sc="24" el="164" ec="80" bec="0" bev="0" fileid="1" />
                <SequencePoint vc="3" uspid="89" ordinal="6" offset="52" sl="165" sc="21" el="165" ec="47" bec="0" bev="0" fileid="1" />
                <SequencePoint vc="3" uspid="90" ordinal="7" offset="72" sl="166" sc="13" el="166" ec="14" bec="0" bev="0" fileid="1" />
                <SequencePoint vc="3" uspid="91" ordinal="8" offset="86" sl="167" sc="9" el="167" ec="10" bec="0" bev="0" fileid="1" />
              </SequencePoints>
              <BranchPoints />
              <MethodPoint xsi:type="SequencePoint" vc="3" uspid="83" ordinal="0" offset="0" sl="154" sc="9" el="154" ec="10" bec="0" bev="0" fileid="1" />
            </Method>
            <Method visited="true" cyclomaticComplexity="1" nPathComplexity="0" sequenceCoverage="100" branchCoverage="100" isConstructor="false" isStatic="false" isGetter="false" isSetter="false">
              <Summary numSequencePoints="1" visitedSequencePoints="1" numBranchPoints="1" visitedBranchPoints="1" sequenceCoverage="100" branchCoverage="100" maxCyclomaticComplexity="1" minCyclomaticComplexity="1" visitedClasses="0" numClasses="0" visitedMethods="1" numMethods="1" />
              <MetadataToken>100663359</MetadataToken>
              <Name>System.Void DomainModel.Repository.Tests.DBRepositoryTests::&lt;DBRepository_RightConnectionString_Success&gt;b__4_0()</Name>
              <FileRef uid="1" />
              <SequencePoints>
                <SequencePoint vc="1" uspid="92" ordinal="0" offset="0" sl="45" sc="39" el="45" ec="79" bec="0" bev="0" fileid="1" />
              </SequencePoints>
              <BranchPoints />
              <MethodPoint xsi:type="SequencePoint" vc="1" uspid="92" ordinal="0" offset="0" sl="45" sc="39" el="45" ec="79" bec="0" bev="0" fileid="1" />
            </Method>
            <Method visited="true" cyclomaticComplexity="1" nPathComplexity="0" sequenceCoverage="100" branchCoverage="100" isConstructor="false" isStatic="false" isGetter="false" isSetter="false">
              <Summary numSequencePoints="1" visitedSequencePoints="1" numBranchPoints="1" visitedBranchPoints="1" sequenceCoverage="100" branchCoverage="100" maxCyclomaticComplexity="1" minCyclomaticComplexity="1" visitedClasses="0" numClasses="0" visitedMethods="1" numMethods="1" />
              <MetadataToken>100663360</MetadataToken>
              <Name>System.Void DomainModel.Repository.Tests.DBRepositoryTests::&lt;DBRepository_WrongConnectionString_Fail&gt;b__5_0()</Name>
              <FileRef uid="1" />
              <SequencePoints>
                <SequencePoint vc="1" uspid="93" ordinal="0" offset="0" sl="51" sc="52" el="51" ec="92" bec="0" bev="0" fileid="1" />
              </SequencePoints>
              <BranchPoints />
              <MethodPoint xsi:type="SequencePoint" vc="1" uspid="93" ordinal="0" offset="0" sl="51" sc="52" el="51" ec="92" bec="0" bev="0" fileid="1" />
            </Method>
          </Methods>
        </Class>
        <Class>
          <Summary numSequencePoints="1" visitedSequencePoints="1" numBranchPoints="1" visitedBranchPoints="1" sequenceCoverage="100" branchCoverage="100" maxCyclomaticComplexity="1" minCyclomaticComplexity="1" visitedClasses="1" numClasses="1" visitedMethods="1" numMethods="1" />
          <FullName>DomainModel.Repository.Tests.DBRepositoryTests/&lt;&gt;c__DisplayClass7_0</FullName>
          <Methods>
            <Method visited="true" cyclomaticComplexity="1" nPathComplexity="0" sequenceCoverage="0" branchCoverage="0" isConstructor="true" isStatic="false" isGetter="false" isSetter="false">
              <Summary numSequencePoints="0" visitedSequencePoints="0" numBranchPoints="0" visitedBranchPoints="0" sequenceCoverage="0" branchCoverage="0" maxCyclomaticComplexity="1" minCyclomaticComplexity="1" visitedClasses="0" numClasses="0" visitedMethods="0" numMethods="0" />
              <MetadataToken>100663370</MetadataToken>
              <Name>System.Void DomainModel.Repository.Tests.DBRepositoryTests/&lt;&gt;c__DisplayClass7_0::.ctor()</Name>
              <SequencePoints />
              <BranchPoints />
              <MethodPoint vc="1" uspid="94" ordinal="0" offset="0" />
            </Method>
            <Method visited="true" cyclomaticComplexity="1" nPathComplexity="0" sequenceCoverage="100" branchCoverage="100" isConstructor="false" isStatic="false" isGetter="false" isSetter="false">
              <Summary numSequencePoints="1" visitedSequencePoints="1" numBranchPoints="1" visitedBranchPoints="1" sequenceCoverage="100" branchCoverage="100" maxCyclomaticComplexity="1" minCyclomaticComplexity="1" visitedClasses="0" numClasses="0" visitedMethods="1" numMethods="1" />
              <MetadataToken>100663371</MetadataToken>
              <Name>System.Void DomainModel.Repository.Tests.DBRepositoryTests/&lt;&gt;c__DisplayClass7_0::&lt;Create_NullId_ThrowsException&gt;b__0()</Name>
              <FileRef uid="1" />
              <SequencePoints>
                <SequencePoint vc="1" uspid="95" ordinal="0" offset="0" sl="75" sc="56" el="75" ec="96" bec="0" bev="0" fileid="1" />
              </SequencePoints>
              <BranchPoints />
              <MethodPoint xsi:type="SequencePoint" vc="1" uspid="95" ordinal="0" offset="0" sl="75" sc="56" el="75" ec="96" bec="0" bev="0" fileid="1" />
            </Method>
          </Methods>
        </Class>
        <Class>
          <Summary numSequencePoints="1" visitedSequencePoints="1" numBranchPoints="1" visitedBranchPoints="1" sequenceCoverage="100" branchCoverage="100" maxCyclomaticComplexity="1" minCyclomaticComplexity="1" visitedClasses="1" numClasses="1" visitedMethods="1" numMethods="1" />
          <FullName>DomainModel.Repository.Tests.DBRepositoryTests/&lt;&gt;c__DisplayClass8_0</FullName>
          <Methods>
            <Method visited="true" cyclomaticComplexity="1" nPathComplexity="0" sequenceCoverage="0" branchCoverage="0" isConstructor="true" isStatic="false" isGetter="false" isSetter="false">
              <Summary numSequencePoints="0" visitedSequencePoints="0" numBranchPoints="0" visitedBranchPoints="0" sequenceCoverage="0" branchCoverage="0" maxCyclomaticComplexity="1" minCyclomaticComplexity="1" visitedClasses="0" numClasses="0" visitedMethods="0" numMethods="0" />
              <MetadataToken>100663372</MetadataToken>
              <Name>System.Void DomainModel.Repository.Tests.DBRepositoryTests/&lt;&gt;c__DisplayClass8_0::.ctor()</Name>
              <SequencePoints />
              <BranchPoints />
              <MethodPoint vc="1" uspid="96" ordinal="0" offset="0" />
            </Method>
            <Method visited="true" cyclomaticComplexity="1" nPathComplexity="0" sequenceCoverage="100" branchCoverage="100" isConstructor="false" isStatic="false" isGetter="false" isSetter="false">
              <Summary numSequencePoints="1" visitedSequencePoints="1" numBranchPoints="1" visitedBranchPoints="1" sequenceCoverage="100" branchCoverage="100" maxCyclomaticComplexity="1" minCyclomaticComplexity="1" visitedClasses="0" numClasses="0" visitedMethods="1" numMethods="1" />
              <MetadataToken>100663373</MetadataToken>
              <Name>System.Void DomainModel.Repository.Tests.DBRepositoryTests/&lt;&gt;c__DisplayClass8_0::&lt;Create_NullSubnet_ThrowsException&gt;b__0()</Name>
              <FileRef uid="1" />
              <SequencePoints>
                <SequencePoint vc="1" uspid="97" ordinal="0" offset="0" sl="82" sc="56" el="82" ec="84" bec="0" bev="0" fileid="1" />
              </SequencePoints>
              <BranchPoints />
              <MethodPoint xsi:type="SequencePoint" vc="1" uspid="97" ordinal="0" offset="0" sl="82" sc="56" el="82" ec="84" bec="0" bev="0" fileid="1" />
            </Method>
          </Methods>
        </Class>
        <Class>
          <Summary numSequencePoints="1" visitedSequencePoints="1" numBranchPoints="1" visitedBranchPoints="1" sequenceCoverage="100" branchCoverage="100" maxCyclomaticComplexity="1" minCyclomaticComplexity="1" visitedClasses="1" numClasses="1" visitedMethods="1" numMethods="1" />
          <FullName>DomainModel.Repository.Tests.DBRepositoryTests/&lt;&gt;c__DisplayClass10_0</FullName>
          <Methods>
            <Method visited="true" cyclomaticComplexity="1" nPathComplexity="0" sequenceCoverage="0" branchCoverage="0" isConstructor="true" isStatic="false" isGetter="false" isSetter="false">
              <Summary numSequencePoints="0" visitedSequencePoints="0" numBranchPoints="0" visitedBranchPoints="0" sequenceCoverage="0" branchCoverage="0" maxCyclomaticComplexity="1" minCyclomaticComplexity="1" visitedClasses="0" numClasses="0" visitedMethods="0" numMethods="0" />
              <MetadataToken>100663374</MetadataToken>
              <Name>System.Void DomainModel.Repository.Tests.DBRepositoryTests/&lt;&gt;c__DisplayClass10_0::.ctor()</Name>
              <SequencePoints />
              <BranchPoints />
              <MethodPoint vc="1" uspid="98" ordinal="0" offset="0" />
            </Method>
            <Method visited="true" cyclomaticComplexity="1" nPathComplexity="0" sequenceCoverage="100" branchCoverage="100" isConstructor="false" isStatic="false" isGetter="false" isSetter="false">
              <Summary numSequencePoints="1" visitedSequencePoints="1" numBranchPoints="1" visitedBranchPoints="1" sequenceCoverage="100" branchCoverage="100" maxCyclomaticComplexity="1" minCyclomaticComplexity="1" visitedClasses="0" numClasses="0" visitedMethods="1" numMethods="1" />
              <MetadataToken>100663375</MetadataToken>
              <Name>System.Void DomainModel.Repository.Tests.DBRepositoryTests/&lt;&gt;c__DisplayClass10_0::&lt;Delete_NullId_ThrowsException&gt;b__0()</Name>
              <FileRef uid="1" />
              <SequencePoints>
                <SequencePoint vc="1" uspid="99" ordinal="0" offset="0" sl="103" sc="56" el="103" ec="73" bec="0" bev="0" fileid="1" />
              </SequencePoints>
              <BranchPoints />
              <MethodPoint xsi:type="SequencePoint" vc="1" uspid="99" ordinal="0" offset="0" sl="103" sc="56" el="103" ec="73" bec="0" bev="0" fileid="1" />
            </Method>
          </Methods>
        </Class>
        <Class>
          <Summary numSequencePoints="1" visitedSequencePoints="1" numBranchPoints="1" visitedBranchPoints="1" sequenceCoverage="100" branchCoverage="100" maxCyclomaticComplexity="1" minCyclomaticComplexity="1" visitedClasses="1" numClasses="1" visitedMethods="1" numMethods="1" />
          <FullName>DomainModel.Repository.Tests.DBRepositoryTests/&lt;&gt;c__DisplayClass12_0</FullName>
          <Methods>
            <Method visited="true" cyclomaticComplexity="1" nPathComplexity="0" sequenceCoverage="0" branchCoverage="0" isConstructor="true" isStatic="false" isGetter="false" isSetter="false">
              <Summary numSequencePoints="0" visitedSequencePoints="0" numBranchPoints="0" visitedBranchPoints="0" sequenceCoverage="0" branchCoverage="0" maxCyclomaticComplexity="1" minCyclomaticComplexity="1" visitedClasses="0" numClasses="0" visitedMethods="0" numMethods="0" />
              <MetadataToken>100663376</MetadataToken>
              <Name>System.Void DomainModel.Repository.Tests.DBRepositoryTests/&lt;&gt;c__DisplayClass12_0::.ctor()</Name>
              <SequencePoints />
              <BranchPoints />
              <MethodPoint vc="1" uspid="100" ordinal="0" offset="0" />
            </Method>
            <Method visited="true" cyclomaticComplexity="1" nPathComplexity="0" sequenceCoverage="100" branchCoverage="100" isConstructor="false" isStatic="false" isGetter="false" isSetter="false">
              <Summary numSequencePoints="1" visitedSequencePoints="1" numBranchPoints="1" visitedBranchPoints="1" sequenceCoverage="100" branchCoverage="100" maxCyclomaticComplexity="1" minCyclomaticComplexity="1" visitedClasses="0" numClasses="0" visitedMethods="1" numMethods="1" />
              <MetadataToken>100663377</MetadataToken>
              <Name>System.Void DomainModel.Repository.Tests.DBRepositoryTests/&lt;&gt;c__DisplayClass12_0::&lt;Edit_NullOldId_ThrowsException&gt;b__0()</Name>
              <FileRef uid="1" />
              <SequencePoints>
                <SequencePoint vc="1" uspid="101" ordinal="0" offset="0" sl="130" sc="56" el="130" ec="117" bec="0" bev="0" fileid="1" />
              </SequencePoints>
              <BranchPoints />
              <MethodPoint xsi:type="SequencePoint" vc="1" uspid="101" ordinal="0" offset="0" sl="130" sc="56" el="130" ec="117" bec="0" bev="0" fileid="1" />
            </Method>
          </Methods>
        </Class>
        <Class>
          <Summary numSequencePoints="1" visitedSequencePoints="1" numBranchPoints="1" visitedBranchPoints="1" sequenceCoverage="100" branchCoverage="100" maxCyclomaticComplexity="1" minCyclomaticComplexity="1" visitedClasses="1" numClasses="1" visitedMethods="1" numMethods="1" />
          <FullName>DomainModel.Repository.Tests.DBRepositoryTests/&lt;&gt;c__DisplayClass13_0</FullName>
          <Methods>
            <Method visited="true" cyclomaticComplexity="1" nPathComplexity="0" sequenceCoverage="0" branchCoverage="0" isConstructor="true" isStatic="false" isGetter="false" isSetter="false">
              <Summary numSequencePoints="0" visitedSequencePoints="0" numBranchPoints="0" visitedBranchPoints="0" sequenceCoverage="0" branchCoverage="0" maxCyclomaticComplexity="1" minCyclomaticComplexity="1" visitedClasses="0" numClasses="0" visitedMethods="0" numMethods="0" />
              <MetadataToken>100663378</MetadataToken>
              <Name>System.Void DomainModel.Repository.Tests.DBRepositoryTests/&lt;&gt;c__DisplayClass13_0::.ctor()</Name>
              <SequencePoints />
              <BranchPoints />
              <MethodPoint vc="1" uspid="102" ordinal="0" offset="0" />
            </Method>
            <Method visited="true" cyclomaticComplexity="1" nPathComplexity="0" sequenceCoverage="100" branchCoverage="100" isConstructor="false" isStatic="false" isGetter="false" isSetter="false">
              <Summary numSequencePoints="1" visitedSequencePoints="1" numBranchPoints="1" visitedBranchPoints="1" sequenceCoverage="100" branchCoverage="100" maxCyclomaticComplexity="1" minCyclomaticComplexity="1" visitedClasses="0" numClasses="0" visitedMethods="1" numMethods="1" />
              <MetadataToken>100663379</MetadataToken>
              <Name>System.Void DomainModel.Repository.Tests.DBRepositoryTests/&lt;&gt;c__DisplayClass13_0::&lt;Edit_NullNewId_ThrowsException&gt;b__0()</Name>
              <FileRef uid="1" />
              <SequencePoints>
                <SequencePoint vc="1" uspid="103" ordinal="0" offset="0" sl="137" sc="56" el="137" ec="117" bec="0" bev="0" fileid="1" />
              </SequencePoints>
              <BranchPoints />
              <MethodPoint xsi:type="SequencePoint" vc="1" uspid="103" ordinal="0" offset="0" sl="137" sc="56" el="137" ec="117" bec="0" bev="0" fileid="1" />
            </Method>
          </Methods>
        </Class>
        <Class>
          <Summary numSequencePoints="1" visitedSequencePoints="1" numBranchPoints="1" visitedBranchPoints="1" sequenceCoverage="100" branchCoverage="100" maxCyclomaticComplexity="1" minCyclomaticComplexity="1" visitedClasses="1" numClasses="1" visitedMethods="1" numMethods="1" />
          <FullName>DomainModel.Repository.Tests.DBRepositoryTests/&lt;&gt;c__DisplayClass14_0</FullName>
          <Methods>
            <Method visited="true" cyclomaticComplexity="1" nPathComplexity="0" sequenceCoverage="0" branchCoverage="0" isConstructor="true" isStatic="false" isGetter="false" isSetter="false">
              <Summary numSequencePoints="0" visitedSequencePoints="0" numBranchPoints="0" visitedBranchPoints="0" sequenceCoverage="0" branchCoverage="0" maxCyclomaticComplexity="1" minCyclomaticComplexity="1" visitedClasses="0" numClasses="0" visitedMethods="0" numMethods="0" />
              <MetadataToken>100663380</MetadataToken>
              <Name>System.Void DomainModel.Repository.Tests.DBRepositoryTests/&lt;&gt;c__DisplayClass14_0::.ctor()</Name>
              <SequencePoints />
              <BranchPoints />
              <MethodPoint vc="1" uspid="104" ordinal="0" offset="0" />
            </Method>
            <Method visited="true" cyclomaticComplexity="1" nPathComplexity="0" sequenceCoverage="100" branchCoverage="100" isConstructor="false" isStatic="false" isGetter="false" isSetter="false">
              <Summary numSequencePoints="1" visitedSequencePoints="1" numBranchPoints="1" visitedBranchPoints="1" sequenceCoverage="100" branchCoverage="100" maxCyclomaticComplexity="1" minCyclomaticComplexity="1" visitedClasses="0" numClasses="0" visitedMethods="1" numMethods="1" />
              <MetadataToken>100663381</MetadataToken>
              <Name>System.Void DomainModel.Repository.Tests.DBRepositoryTests/&lt;&gt;c__DisplayClass14_0::&lt;Edit_NullSubnet_ThrowsException&gt;b__0()</Name>
              <FileRef uid="1" />
              <SequencePoints>
                <SequencePoint vc="1" uspid="105" ordinal="0" offset="0" sl="144" sc="56" el="144" ec="97" bec="0" bev="0" fileid="1" />
              </SequencePoints>
              <BranchPoints />
              <MethodPoint xsi:type="SequencePoint" vc="1" uspid="105" ordinal="0" offset="0" sl="144" sc="56" el="144" ec="97" bec="0" bev="0" fileid="1" />
            </Method>
          </Methods>
        </Class>
        <Class>
          <Summary numSequencePoints="33" visitedSequencePoints="33" numBranchPoints="8" visitedBranchPoints="8" sequenceCoverage="100" branchCoverage="100" maxCyclomaticComplexity="1" minCyclomaticComplexity="1" visitedClasses="1" numClasses="1" visitedMethods="8" numMethods="8" />
          <FullName>DomainModel.Models.Tests.ValidationLogTests</FullName>
          <Methods>
            <Method visited="true" cyclomaticComplexity="1" nPathComplexity="0" sequenceCoverage="100" branchCoverage="100" isConstructor="false" isStatic="false" isGetter="false" isSetter="false">
              <Summary numSequencePoints="5" visitedSequencePoints="5" numBranchPoints="1" visitedBranchPoints="1" sequenceCoverage="100" branchCoverage="100" maxCyclomaticComplexity="1" minCyclomaticComplexity="1" visitedClasses="0" numClasses="0" visitedMethods="1" numMethods="1" />
              <MetadataToken>100663361</MetadataToken>
              <Name>System.Void DomainModel.Models.Tests.ValidationLogTests::ValidationLog_ValidParams_Success()</Name>
              <FileRef uid="8" />
              <SequencePoints>
                <SequencePoint vc="1" uspid="106" ordinal="0" offset="0" sl="10" sc="9" el="10" ec="10" bec="0" bev="0" fileid="8" />
                <SequencePoint vc="1" uspid="107" ordinal="1" offset="1" sl="11" sc="13" el="11" ec="78" bec="0" bev="0" fileid="8" />
                <SequencePoint vc="1" uspid="108" ordinal="2" offset="9" sl="13" sc="13" el="13" ec="59" bec="0" bev="0" fileid="8" />
                <SequencePoint vc="1" uspid="109" ordinal="3" offset="32" sl="14" sc="13" el="14" ec="63" bec="0" bev="0" fileid="8" />
                <SequencePoint vc="1" uspid="110" ordinal="4" offset="55" sl="15" sc="9" el="15" ec="10" bec="0" bev="0" fileid="8" />
              </SequencePoints>
              <BranchPoints />
              <MethodPoint xsi:type="SequencePoint" vc="1" uspid="106" ordinal="0" offset="0" sl="10" sc="9" el="10" ec="10" bec="0" bev="0" fileid="8" />
            </Method>
            <Method visited="true" cyclomaticComplexity="1" nPathComplexity="0" sequenceCoverage="100" branchCoverage="100" isConstructor="false" isStatic="false" isGetter="false" isSetter="false">
              <Summary numSequencePoints="4" visitedSequencePoints="4" numBranchPoints="1" visitedBranchPoints="1" sequenceCoverage="100" branchCoverage="100" maxCyclomaticComplexity="1" minCyclomaticComplexity="1" visitedClasses="0" numClasses="0" visitedMethods="1" numMethods="1" />
              <MetadataToken>100663362</MetadataToken>
              <Name>System.Void DomainModel.Models.Tests.ValidationLogTests::ToString_IdNoErrors_Success()</Name>
              <FileRef uid="8" />
              <SequencePoints>
                <SequencePoint vc="1" uspid="111" ordinal="0" offset="0" sl="19" sc="9" el="19" ec="10" bec="0" bev="0" fileid="8" />
                <SequencePoint vc="1" uspid="112" ordinal="1" offset="1" sl="20" sc="13" el="20" ec="78" bec="0" bev="0" fileid="8" />
                <SequencePoint vc="1" uspid="113" ordinal="2" offset="9" sl="22" sc="13" el="22" ec="76" bec="0" bev="0" fileid="8" />
                <SequencePoint vc="1" uspid="114" ordinal="3" offset="26" sl="23" sc="9" el="23" ec="10" bec="0" bev="0" fileid="8" />
              </SequencePoints>
              <BranchPoints />
              <MethodPoint xsi:type="SequencePoint" vc="1" uspid="111" ordinal="0" offset="0" sl="19" sc="9" el="19" ec="10" bec="0" bev="0" fileid="8" />
            </Method>
            <Method visited="true" cyclomaticComplexity="1" nPathComplexity="0" sequenceCoverage="100" branchCoverage="100" isConstructor="false" isStatic="false" isGetter="false" isSetter="false">
              <Summary numSequencePoints="4" visitedSequencePoints="4" numBranchPoints="1" visitedBranchPoints="1" sequenceCoverage="100" branchCoverage="100" maxCyclomaticComplexity="1" minCyclomaticComplexity="1" visitedClasses="0" numClasses="0" visitedMethods="1" numMethods="1" />
              <MetadataToken>100663363</MetadataToken>
              <Name>System.Void DomainModel.Models.Tests.ValidationLogTests::ToString_IdNotUnique_Success()</Name>
              <FileRef uid="8" />
              <SequencePoints>
                <SequencePoint vc="1" uspid="115" ordinal="0" offset="0" sl="27" sc="9" el="27" ec="10" bec="0" bev="0" fileid="8" />
                <SequencePoint vc="1" uspid="116" ordinal="1" offset="1" sl="28" sc="13" el="28" ec="79" bec="0" bev="0" fileid="8" />
                <SequencePoint vc="1" uspid="117" ordinal="2" offset="9" sl="30" sc="13" el="30" ec="78" bec="0" bev="0" fileid="8" />
                <SequencePoint vc="1" uspid="118" ordinal="3" offset="26" sl="31" sc="9" el="31" ec="10" bec="0" bev="0" fileid="8" />
              </SequencePoints>
              <BranchPoints />
              <MethodPoint xsi:type="SequencePoint" vc="1" uspid="115" ordinal="0" offset="0" sl="27" sc="9" el="27" ec="10" bec="0" bev="0" fileid="8" />
            </Method>
            <Method visited="true" cyclomaticComplexity="1" nPathComplexity="0" sequenceCoverage="100" branchCoverage="100" isConstructor="false" isStatic="false" isGetter="false" isSetter="false">
              <Summary numSequencePoints="4" visitedSequencePoints="4" numBranchPoints="1" visitedBranchPoints="1" sequenceCoverage="100" branchCoverage="100" maxCyclomaticComplexity="1" minCyclomaticComplexity="1" visitedClasses="0" numClasses="0" visitedMethods="1" numMethods="1" />
              <MetadataToken>100663364</MetadataToken>
              <Name>System.Void DomainModel.Models.Tests.ValidationLogTests::ToString_IdNotExists_Success()</Name>
              <FileRef uid="8" />
              <SequencePoints>
                <SequencePoint vc="1" uspid="119" ordinal="0" offset="0" sl="35" sc="9" el="35" ec="10" bec="0" bev="0" fileid="8" />
                <SequencePoint vc="1" uspid="120" ordinal="1" offset="1" sl="36" sc="13" el="36" ec="79" bec="0" bev="0" fileid="8" />
                <SequencePoint vc="1" uspid="121" ordinal="2" offset="9" sl="38" sc="13" el="38" ec="80" bec="0" bev="0" fileid="8" />
                <SequencePoint vc="1" uspid="122" ordinal="3" offset="26" sl="39" sc="9" el="39" ec="10" bec="0" bev="0" fileid="8" />
              </SequencePoints>
              <BranchPoints />
              <MethodPoint xsi:type="SequencePoint" vc="1" uspid="119" ordinal="0" offset="0" sl="35" sc="9" el="35" ec="10" bec="0" bev="0" fileid="8" />
            </Method>
            <Method visited="true" cyclomaticComplexity="1" nPathComplexity="0" sequenceCoverage="100" branchCoverage="100" isConstructor="false" isStatic="false" isGetter="false" isSetter="false">
              <Summary numSequencePoints="4" visitedSequencePoints="4" numBranchPoints="1" visitedBranchPoints="1" sequenceCoverage="100" branchCoverage="100" maxCyclomaticComplexity="1" minCyclomaticComplexity="1" visitedClasses="0" numClasses="0" visitedMethods="1" numMethods="1" />
              <MetadataToken>100663365</MetadataToken>
              <Name>System.Void DomainModel.Models.Tests.ValidationLogTests::ToString_IdInvalid_Success()</Name>
              <FileRef uid="8" />
              <SequencePoints>
                <SequencePoint vc="1" uspid="123" ordinal="0" offset="0" sl="43" sc="9" el="43" ec="10" bec="0" bev="0" fileid="8" />
                <SequencePoint vc="1" uspid="124" ordinal="1" offset="1" sl="44" sc="13" el="44" ec="77" bec="0" bev="0" fileid="8" />
                <SequencePoint vc="1" uspid="125" ordinal="2" offset="9" sl="46" sc="13" el="46" ec="82" bec="0" bev="0" fileid="8" />
                <SequencePoint vc="1" uspid="126" ordinal="3" offset="26" sl="47" sc="9" el="47" ec="10" bec="0" bev="0" fileid="8" />
              </SequencePoints>
              <BranchPoints />
              <MethodPoint xsi:type="SequencePoint" vc="1" uspid="123" ordinal="0" offset="0" sl="43" sc="9" el="43" ec="10" bec="0" bev="0" fileid="8" />
            </Method>
            <Method visited="true" cyclomaticComplexity="1" nPathComplexity="0" sequenceCoverage="100" branchCoverage="100" isConstructor="false" isStatic="false" isGetter="false" isSetter="false">
              <Summary numSequencePoints="4" visitedSequencePoints="4" numBranchPoints="1" visitedBranchPoints="1" sequenceCoverage="100" branchCoverage="100" maxCyclomaticComplexity="1" minCyclomaticComplexity="1" visitedClasses="0" numClasses="0" visitedMethods="1" numMethods="1" />
              <MetadataToken>100663366</MetadataToken>
              <Name>System.Void DomainModel.Models.Tests.ValidationLogTests::ToString_AddressInvalid_Success()</Name>
              <FileRef uid="8" />
              <SequencePoints>
                <SequencePoint vc="1" uspid="127" ordinal="0" offset="0" sl="51" sc="9" el="51" ec="10" bec="0" bev="0" fileid="8" />
                <SequencePoint vc="1" uspid="128" ordinal="1" offset="1" sl="52" sc="13" el="52" ec="82" bec="0" bev="0" fileid="8" />
                <SequencePoint vc="1" uspid="129" ordinal="2" offset="9" sl="54" sc="13" el="54" ec="74" bec="0" bev="0" fileid="8" />
                <SequencePoint vc="1" uspid="130" ordinal="3" offset="26" sl="55" sc="9" el="55" ec="10" bec="0" bev="0" fileid="8" />
              </SequencePoints>
              <BranchPoints />
              <MethodPoint xsi:type="SequencePoint" vc="1" uspid="127" ordinal="0" offset="0" sl="51" sc="9" el="51" ec="10" bec="0" bev="0" fileid="8" />
            </Method>
            <Method visited="true" cyclomaticComplexity="1" nPathComplexity="0" sequenceCoverage="100" branchCoverage="100" isConstructor="false" isStatic="false" isGetter="false" isSetter="false">
              <Summary numSequencePoints="4" visitedSequencePoints="4" numBranchPoints="1" visitedBranchPoints="1" sequenceCoverage="100" branchCoverage="100" maxCyclomaticComplexity="1" minCyclomaticComplexity="1" visitedClasses="0" numClasses="0" visitedMethods="1" numMethods="1" />
              <MetadataToken>100663367</MetadataToken>
              <Name>System.Void DomainModel.Models.Tests.ValidationLogTests::ToString_MaskInvalid_Success()</Name>
              <FileRef uid="8" />
              <SequencePoints>
                <SequencePoint vc="1" uspid="131" ordinal="0" offset="0" sl="59" sc="9" el="59" ec="10" bec="0" bev="0" fileid="8" />
                <SequencePoint vc="1" uspid="132" ordinal="1" offset="1" sl="60" sc="13" el="60" ec="79" bec="0" bev="0" fileid="8" />
                <SequencePoint vc="1" uspid="133" ordinal="2" offset="9" sl="62" sc="13" el="62" ec="74" bec="0" bev="0" fileid="8" />
                <SequencePoint vc="1" uspid="134" ordinal="3" offset="26" sl="63" sc="9" el="63" ec="10" bec="0" bev="0" fileid="8" />
              </SequencePoints>
              <BranchPoints />
              <MethodPoint xsi:type="SequencePoint" vc="1" uspid="131" ordinal="0" offset="0" sl="59" sc="9" el="59" ec="10" bec="0" bev="0" fileid="8" />
            </Method>
            <Method visited="true" cyclomaticComplexity="1" nPathComplexity="0" sequenceCoverage="100" branchCoverage="100" isConstructor="false" isStatic="false" isGetter="false" isSetter="false">
              <Summary numSequencePoints="4" visitedSequencePoints="4" numBranchPoints="1" visitedBranchPoints="1" sequenceCoverage="100" branchCoverage="100" maxCyclomaticComplexity="1" minCyclomaticComplexity="1" visitedClasses="0" numClasses="0" visitedMethods="1" numMethods="1" />
              <MetadataToken>100663368</MetadataToken>
              <Name>System.Void DomainModel.Models.Tests.ValidationLogTests::ToString_EverythingIsFine_Success()</Name>
              <FileRef uid="8" />
              <SequencePoints>
                <SequencePoint vc="1" uspid="135" ordinal="0" offset="0" sl="67" sc="9" el="67" ec="10" bec="0" bev="0" fileid="8" />
                <SequencePoint vc="1" uspid="136" ordinal="1" offset="1" sl="68" sc="13" el="68" ec="86" bec="0" bev="0" fileid="8" />
                <SequencePoint vc="1" uspid="137" ordinal="2" offset="9" sl="70" sc="13" el="70" ec="66" bec="0" bev="0" fileid="8" />
                <SequencePoint vc="1" uspid="138" ordinal="3" offset="26" sl="71" sc="9" el="71" ec="10" bec="0" bev="0" fileid="8" />
              </SequencePoints>
              <BranchPoints />
              <MethodPoint xsi:type="SequencePoint" vc="1" uspid="135" ordinal="0" offset="0" sl="67" sc="9" el="67" ec="10" bec="0" bev="0" fileid="8" />
            </Method>
            <Method visited="true" cyclomaticComplexity="1" nPathComplexity="0" sequenceCoverage="0" branchCoverage="0" isConstructor="true" isStatic="false" isGetter="false" isSetter="false">
              <Summary numSequencePoints="0" visitedSequencePoints="0" numBranchPoints="0" visitedBranchPoints="0" sequenceCoverage="0" branchCoverage="0" maxCyclomaticComplexity="1" minCyclomaticComplexity="1" visitedClasses="0" numClasses="0" visitedMethods="0" numMethods="0" />
              <MetadataToken>100663369</MetadataToken>
              <Name>System.Void DomainModel.Models.Tests.ValidationLogTests::.ctor()</Name>
              <SequencePoints />
              <BranchPoints />
              <MethodPoint vc="1" uspid="139" ordinal="0" offset="0" />
            </Method>
          </Methods>
        </Class>
      </Classes>
    </Module>
    <Module skippedDueTo="Filter" hash="21-E4-90-B5-42-20-26-BA-49-19-94-C3-CA-93-44-7B-60-08-D7-1C">
      <ModulePath>C:\Windows\Microsoft.Net\assembly\GAC_MSIL\System.Xml\v4.0_4.0.0.0__b77a5c561934e089\System.Xml.dll</ModulePath>
      <ModuleTime>2017-06-06T11:17:36Z</ModuleTime>
      <ModuleName>System.Xml</ModuleName>
      <Classes />
    </Module>
    <Module hash="EF-FF-8C-0F-38-4A-32-86-98-25-05-55-2B-F4-FD-B4-E5-A3-7E-10">
      <Summary numSequencePoints="265" visitedSequencePoints="246" numBranchPoints="129" visitedBranchPoints="108" sequenceCoverage="92.83" branchCoverage="83.72" maxCyclomaticComplexity="9" minCyclomaticComplexity="1" visitedClasses="11" numClasses="11" visitedMethods="39" numMethods="39" />
      <ModulePath>C:\Users\golubev.dmitriy\Documents\Visual Studio 2015\Projects\Task 1\Task 1.Tests\bin\Debug\Task 1.dll</ModulePath>
      <ModuleTime>2017-08-07T09:56:51.5841197Z</ModuleTime>
      <ModuleName>Task 1</ModuleName>
      <Files>
        <File uid="17" fullPath="C:\Users\golubev.dmitriy\Documents\Visual Studio 2015\Projects\Task 1\Task 1\DomainModel\Service\SubnetContainerManager.cs" />
        <File uid="18" fullPath="C:\Users\golubev.dmitriy\Documents\Visual Studio 2015\Projects\Task 1\Task 1\DomainModel\Service\SubnetCoverageManager.cs" />
        <File uid="21" fullPath="C:\Users\golubev.dmitriy\Documents\Visual Studio 2015\Projects\Task 1\Task 1\DomainModel\Service\SubnetValidator.cs" />
        <File uid="23" fullPath="C:\Users\golubev.dmitriy\Documents\Visual Studio 2015\Projects\Task 1\Task 1\DomainModel\Repository\DBRepository.cs" />
        <File uid="26" fullPath="C:\Users\golubev.dmitriy\Documents\Visual Studio 2015\Projects\Task 1\Task 1\DomainModel\Models\ValidationLog.cs" />
        <File uid="27" fullPath="C:\Users\golubev.dmitriy\Documents\Visual Studio 2015\Projects\Task 1\Task 1\DomainModel\Models\Subnet.cs" />
      </Files>
      <Classes>
        <Class skippedDueTo="Filter">
          <FullName>&lt;Module&gt;</FullName>
          <Methods />
        </Class>
        <Class skippedDueTo="Filter">
          <FullName>&lt;&gt;f__AnonymousType0`3</FullName>
          <Methods />
        </Class>
        <Class skippedDueTo="Filter">
          <FullName>&lt;&gt;f__AnonymousType1`3</FullName>
          <Methods />
        </Class>
        <Class skippedDueTo="Filter">
          <FullName>&lt;&gt;f__AnonymousType2`3</FullName>
          <Methods />
        </Class>
        <Class skippedDueTo="Filter">
          <FullName>&lt;&gt;f__AnonymousType3`3</FullName>
          <Methods />
        </Class>
        <Class>
          <Summary numSequencePoints="57" visitedSequencePoints="48" numBranchPoints="35" visitedBranchPoints="26" sequenceCoverage="84.21" branchCoverage="74.29" maxCyclomaticComplexity="9" minCyclomaticComplexity="1" visitedClasses="1" numClasses="1" visitedMethods="5" numMethods="5" />
          <FullName>DomainModel.Service.SubnetContainerManager</FullName>
          <Methods>
            <Method visited="true" cyclomaticComplexity="2" nPathComplexity="2" sequenceCoverage="83.33" branchCoverage="66.67" isConstructor="true" isStatic="false" isGetter="false" isSetter="false">
              <Summary numSequencePoints="6" visitedSequencePoints="5" numBranchPoints="3" visitedBranchPoints="2" sequenceCoverage="83.33" branchCoverage="66.67" maxCyclomaticComplexity="2" minCyclomaticComplexity="2" visitedClasses="0" numClasses="0" visitedMethods="1" numMethods="1" />
              <MetadataToken>100663325</MetadataToken>
              <Name>System.Void DomainModel.Service.SubnetContainerManager::.ctor(DomainModel.Repository.IRepository)</Name>
              <FileRef uid="17" />
              <SequencePoints>
                <SequencePoint vc="16" uspid="140" ordinal="0" offset="0" sl="23" sc="9" el="23" ec="62" bec="0" bev="0" fileid="17" />
                <SequencePoint vc="16" uspid="141" ordinal="1" offset="7" sl="24" sc="9" el="24" ec="10" bec="0" bev="0" fileid="17" />
                <SequencePoint vc="16" uspid="142" ordinal="2" offset="8" sl="25" sc="13" el="25" ec="36" bec="2" bev="1" fileid="17" />
                <SequencePoint vc="0" uspid="143" ordinal="3" offset="16" sl="26" sc="17" el="27" ec="104" bec="0" bev="0" fileid="17" />
                <SequencePoint vc="16" uspid="144" ordinal="4" offset="32" sl="29" sc="13" el="29" ec="38" bec="0" bev="0" fileid="17" />
                <SequencePoint vc="16" uspid="145" ordinal="5" offset="39" sl="30" sc="9" el="30" ec="10" bec="0" bev="0" fileid="17" />
              </SequencePoints>
              <BranchPoints>
                <BranchPoint vc="0" uspid="146" ordinal="0" offset="14" sl="25" path="0" offsetend="16" fileid="17" />
                <BranchPoint vc="16" uspid="147" ordinal="1" offset="14" sl="25" path="1" offsetend="32" fileid="17" />
              </BranchPoints>
              <MethodPoint xsi:type="SequencePoint" vc="16" uspid="140" ordinal="0" offset="0" sl="23" sc="9" el="23" ec="62" bec="0" bev="0" fileid="17" />
            </Method>
            <Method visited="true" cyclomaticComplexity="1" nPathComplexity="0" sequenceCoverage="100" branchCoverage="100" isConstructor="false" isStatic="false" isGetter="false" isSetter="false">
              <Summary numSequencePoints="3" visitedSequencePoints="3" numBranchPoints="1" visitedBranchPoints="1" sequenceCoverage="100" branchCoverage="100" maxCyclomaticComplexity="1" minCyclomaticComplexity="1" visitedClasses="0" numClasses="0" visitedMethods="1" numMethods="1" />
              <MetadataToken>100663326</MetadataToken>
              <Name>System.Collections.Generic.List`1&lt;DomainModel.Models.Subnet&gt; DomainModel.Service.SubnetContainerManager::Get()</Name>
              <FileRef uid="17" />
              <SequencePoints>
                <SequencePoint vc="13" uspid="148" ordinal="0" offset="0" sl="37" sc="9" el="37" ec="10" bec="0" bev="0" fileid="17" />
                <SequencePoint vc="13" uspid="149" ordinal="1" offset="1" sl="38" sc="13" el="38" ec="38" bec="0" bev="0" fileid="17" />
                <SequencePoint vc="13" uspid="150" ordinal="2" offset="15" sl="39" sc="9" el="39" ec="10" bec="0" bev="0" fileid="17" />
              </SequencePoints>
              <BranchPoints />
              <MethodPoint xsi:type="SequencePoint" vc="13" uspid="148" ordinal="0" offset="0" sl="37" sc="9" el="37" ec="10" bec="0" bev="0" fileid="17" />
            </Method>
            <Method visited="true" cyclomaticComplexity="6" nPathComplexity="32" sequenceCoverage="88.24" branchCoverage="81.82" isConstructor="false" isStatic="false" isGetter="false" isSetter="false">
              <Summary numSequencePoints="17" visitedSequencePoints="15" numBranchPoints="11" visitedBranchPoints="9" sequenceCoverage="88.24" branchCoverage="81.82" maxCyclomaticComplexity="6" minCyclomaticComplexity="6" visitedClasses="0" numClasses="0" visitedMethods="1" numMethods="1" />
              <MetadataToken>100663327</MetadataToken>
              <Name>DomainModel.Models.ValidationLog DomainModel.Service.SubnetContainerManager::Create(System.String,System.String)</Name>
              <FileRef uid="17" />
              <SequencePoints>
                <SequencePoint vc="5" uspid="151" ordinal="0" offset="0" sl="49" sc="9" el="49" ec="10" bec="0" bev="0" fileid="17" />
                <SequencePoint vc="5" uspid="152" ordinal="1" offset="1" sl="50" sc="13" el="50" ec="41" bec="2" bev="1" fileid="17" />
                <SequencePoint vc="0" uspid="153" ordinal="2" offset="11" sl="51" sc="17" el="51" ec="112" bec="0" bev="0" fileid="17" />
                <SequencePoint vc="5" uspid="154" ordinal="3" offset="27" sl="52" sc="13" el="52" ec="49" bec="2" bev="1" fileid="17" />
                <SequencePoint vc="0" uspid="155" ordinal="4" offset="39" sl="53" sc="17" el="54" ec="109" bec="0" bev="0" fileid="17" />
                <SequencePoint vc="5" uspid="156" ordinal="5" offset="55" sl="56" sc="13" el="56" ec="69" bec="0" bev="0" fileid="17" />
                <SequencePoint vc="5" uspid="157" ordinal="6" offset="68" sl="57" sc="13" el="57" ec="53" bec="2" bev="2" fileid="17" />
                <SequencePoint vc="2" uspid="158" ordinal="7" offset="86" sl="58" sc="17" el="58" ec="31" bec="0" bev="0" fileid="17" />
                <SequencePoint vc="3" uspid="159" ordinal="8" offset="91" sl="60" sc="13" el="60" ec="74" bec="0" bev="0" fileid="17" />
                <SequencePoint vc="3" uspid="160" ordinal="9" offset="98" sl="61" sc="13" el="61" ec="57" bec="2" bev="2" fileid="17" />
                <SequencePoint vc="1" uspid="161" ordinal="10" offset="116" sl="62" sc="17" el="62" ec="36" bec="0" bev="0" fileid="17" />
                <SequencePoint vc="2" uspid="162" ordinal="11" offset="121" sl="64" sc="13" el="64" ec="68" bec="0" bev="0" fileid="17" />
                <SequencePoint vc="2" uspid="163" ordinal="12" offset="128" sl="65" sc="13" el="65" ec="54" bec="2" bev="2" fileid="17" />
                <SequencePoint vc="1" uspid="164" ordinal="13" offset="146" sl="66" sc="17" el="66" ec="33" bec="0" bev="0" fileid="17" />
                <SequencePoint vc="1" uspid="165" ordinal="14" offset="151" sl="68" sc="13" el="68" ec="48" bec="0" bev="0" fileid="17" />
                <SequencePoint vc="1" uspid="166" ordinal="15" offset="165" sl="69" sc="13" el="69" ec="80" bec="0" bev="0" fileid="17" />
                <SequencePoint vc="5" uspid="167" ordinal="16" offset="176" sl="71" sc="9" el="71" ec="10" bec="0" bev="0" fileid="17" />
              </SequencePoints>
              <BranchPoints>
                <BranchPoint vc="0" uspid="168" ordinal="0" offset="9" sl="50" path="0" offsetend="11" fileid="17" />
                <BranchPoint vc="5" uspid="169" ordinal="1" offset="9" sl="50" path="1" offsetend="27" fileid="17" />
                <BranchPoint vc="0" uspid="170" ordinal="2" offset="37" sl="52" path="0" offsetend="39" fileid="17" />
                <BranchPoint vc="5" uspid="171" ordinal="3" offset="37" sl="52" path="1" offsetend="55" fileid="17" />
                <BranchPoint vc="2" uspid="172" ordinal="4" offset="84" sl="57" path="0" offsetend="86" fileid="17" />
                <BranchPoint vc="3" uspid="173" ordinal="5" offset="84" sl="57" path="1" offsetend="91" fileid="17" />
                <BranchPoint vc="1" uspid="174" ordinal="6" offset="114" sl="61" path="0" offsetend="116" fileid="17" />
                <BranchPoint vc="2" uspid="175" ordinal="7" offset="114" sl="61" path="1" offsetend="121" fileid="17" />
                <BranchPoint vc="1" uspid="176" ordinal="8" offset="144" sl="65" path="0" offsetend="146" fileid="17" />
                <BranchPoint vc="1" uspid="177" ordinal="9" offset="144" sl="65" path="1" offsetend="151" fileid="17" />
              </BranchPoints>
              <MethodPoint xsi:type="SequencePoint" vc="5" uspid="151" ordinal="0" offset="0" sl="49" sc="9" el="49" ec="10" bec="0" bev="0" fileid="17" />
            </Method>
            <Method visited="true" cyclomaticComplexity="3" nPathComplexity="4" sequenceCoverage="100" branchCoverage="100" isConstructor="false" isStatic="false" isGetter="false" isSetter="false">
              <Summary numSequencePoints="9" visitedSequencePoints="9" numBranchPoints="5" visitedBranchPoints="5" sequenceCoverage="100" branchCoverage="100" maxCyclomaticComplexity="3" minCyclomaticComplexity="3" visitedClasses="0" numClasses="0" visitedMethods="1" numMethods="1" />
              <MetadataToken>100663328</MetadataToken>
              <Name>DomainModel.Models.ValidationLog DomainModel.Service.SubnetContainerManager::Delete(System.String)</Name>
              <FileRef uid="17" />
              <SequencePoints>
                <SequencePoint vc="3" uspid="178" ordinal="0" offset="0" sl="79" sc="9" el="79" ec="10" bec="0" bev="0" fileid="17" />
                <SequencePoint vc="3" uspid="179" ordinal="1" offset="1" sl="80" sc="13" el="80" ec="41" bec="2" bev="2" fileid="17" />
                <SequencePoint vc="1" uspid="180" ordinal="2" offset="11" sl="81" sc="17" el="82" ec="110" bec="0" bev="0" fileid="17" />
                <SequencePoint vc="2" uspid="181" ordinal="3" offset="27" sl="84" sc="13" el="84" ec="69" bec="0" bev="0" fileid="17" />
                <SequencePoint vc="2" uspid="182" ordinal="4" offset="40" sl="85" sc="13" el="85" ec="53" bec="2" bev="2" fileid="17" />
                <SequencePoint vc="1" uspid="183" ordinal="5" offset="53" sl="86" sc="17" el="86" ec="31" bec="0" bev="0" fileid="17" />
                <SequencePoint vc="1" uspid="184" ordinal="6" offset="57" sl="88" sc="13" el="88" ec="36" bec="0" bev="0" fileid="17" />
                <SequencePoint vc="1" uspid="185" ordinal="7" offset="70" sl="89" sc="13" el="89" ec="80" bec="0" bev="0" fileid="17" />
[...]
              <Summary numSequencePoints="1" visitedSequencePoints="1" numBranchPoints="1" visitedBranchPoints="1" sequenceCoverage="100" branchCoverage="100" maxCyclomaticComplexity="1" minCyclomaticComplexity="1" visitedClasses="0" numClasses="0" visitedMethods="1" numMethods="1" />
              <MetadataToken>100663352</MetadataToken>
              <Name>System.String DomainModel.Models.Subnet::get_Id()</Name>
              <FileRef uid="27" />
              <SequencePoints>
                <SequencePoint vc="271" uspid="489" ordinal="0" offset="0" sl="12" sc="28" el="12" ec="32" bec="0" bev="0" fileid="27" />
              </SequencePoints>
              <BranchPoints />
              <MethodPoint xsi:type="SequencePoint" vc="271" uspid="489" ordinal="0" offset="0" sl="12" sc="28" el="12" ec="32" bec="0" bev="0" fileid="27" />
            </Method>
            <Method visited="true" cyclomaticComplexity="1" nPathComplexity="0" sequenceCoverage="100" branchCoverage="100" isConstructor="false" isStatic="false" isGetter="true" isSetter="false">
              <Summary numSequencePoints="1" visitedSequencePoints="1" numBranchPoints="1" visitedBranchPoints="1" sequenceCoverage="100" branchCoverage="100" maxCyclomaticComplexity="1" minCyclomaticComplexity="1" visitedClasses="0" numClasses="0" visitedMethods="1" numMethods="1" />
              <MetadataToken>100663353</MetadataToken>
              <Name>LukeSkywalker.IPNetwork.IPNetwork DomainModel.Models.Subnet::get_Network()</Name>
              <FileRef uid="27" />
              <SequencePoints>
                <SequencePoint vc="231" uspid="490" ordinal="0" offset="0" sl="13" sc="36" el="13" ec="40" bec="0" bev="0" fileid="27" />
              </SequencePoints>
              <BranchPoints />
              <MethodPoint xsi:type="SequencePoint" vc="231" uspid="490" ordinal="0" offset="0" sl="13" sc="36" el="13" ec="40" bec="0" bev="0" fileid="27" />
            </Method>
            <Method visited="true" cyclomaticComplexity="2" nPathComplexity="2" sequenceCoverage="90" branchCoverage="66.67" isConstructor="true" isStatic="false" isGetter="false" isSetter="false">
              <Summary numSequencePoints="10" visitedSequencePoints="9" numBranchPoints="3" visitedBranchPoints="2" sequenceCoverage="90" branchCoverage="66.67" maxCyclomaticComplexity="2" minCyclomaticComplexity="2" visitedClasses="0" numClasses="0" visitedMethods="1" numMethods="1" />
              <MetadataToken>100663354</MetadataToken>
              <Name>System.Void DomainModel.Models.Subnet::.ctor(System.String,System.String)</Name>
              <FileRef uid="27" />
              <SequencePoints>
                <SequencePoint vc="78" uspid="491" ordinal="0" offset="0" sl="15" sc="9" el="17" ec="101" bec="0" bev="0" fileid="27" />
                <SequencePoint vc="78" uspid="492" ordinal="1" offset="11" sl="25" sc="9" el="25" ec="52" bec="0" bev="0" fileid="27" />
                <SequencePoint vc="78" uspid="493" ordinal="2" offset="18" sl="26" sc="9" el="26" ec="10" bec="0" bev="0" fileid="27" />
                <SequencePoint vc="78" uspid="494" ordinal="3" offset="19" sl="27" sc="13" el="27" ec="44" bec="0" bev="0" fileid="27" />
                <SequencePoint vc="78" uspid="495" ordinal="4" offset="27" sl="28" sc="13" el="28" ec="28" bec="0" bev="0" fileid="27" />
                <SequencePoint vc="78" uspid="496" ordinal="5" offset="35" sl="29" sc="13" el="29" ec="51" bec="2" bev="1" fileid="27" />
                <SequencePoint vc="0" uspid="497" ordinal="6" offset="49" sl="30" sc="17" el="30" ec="91" bec="0" bev="0" fileid="27" />
                <SequencePoint vc="78" uspid="498" ordinal="7" offset="68" sl="31" sc="13" el="31" ec="21" bec="0" bev="0" fileid="27" />
                <SequencePoint vc="78" uspid="499" ordinal="8" offset="75" sl="32" sc="13" el="32" ec="51" bec="0" bev="0" fileid="27" />
                <SequencePoint vc="78" uspid="500" ordinal="9" offset="87" sl="33" sc="9" el="33" ec="10" bec="0" bev="0" fileid="27" />
              </SequencePoints>
              <BranchPoints>
                <BranchPoint vc="0" uspid="501" ordinal="0" offset="47" sl="29" path="0" offsetend="49" fileid="27" />
                <BranchPoint vc="78" uspid="502" ordinal="1" offset="47" sl="29" path="1" offsetend="68" fileid="27" />
              </BranchPoints>
              <MethodPoint xsi:type="SequencePoint" vc="78" uspid="491" ordinal="0" offset="0" sl="15" sc="9" el="17" ec="101" bec="0" bev="0" fileid="27" />
            </Method>
            <Method visited="true" cyclomaticComplexity="1" nPathComplexity="0" sequenceCoverage="100" branchCoverage="100" isConstructor="false" isStatic="false" isGetter="false" isSetter="false">
              <Summary numSequencePoints="3" visitedSequencePoints="3" numBranchPoints="1" visitedBranchPoints="1" sequenceCoverage="100" branchCoverage="100" maxCyclomaticComplexity="1" minCyclomaticComplexity="1" visitedClasses="0" numClasses="0" visitedMethods="1" numMethods="1" />
              <MetadataToken>100663355</MetadataToken>
              <Name>System.Int32 DomainModel.Models.Subnet::GetHashCode()</Name>
              <FileRef uid="27" />
              <SequencePoints>
                <SequencePoint vc="53" uspid="503" ordinal="0" offset="0" sl="36" sc="9" el="36" ec="10" bec="0" bev="0" fileid="27" />
                <SequencePoint vc="53" uspid="504" ordinal="1" offset="1" sl="37" sc="13" el="37" ec="37" bec="0" bev="0" fileid="27" />
                <SequencePoint vc="53" uspid="505" ordinal="2" offset="15" sl="38" sc="9" el="38" ec="10" bec="0" bev="0" fileid="27" />
              </SequencePoints>
              <BranchPoints />
              <MethodPoint xsi:type="SequencePoint" vc="53" uspid="503" ordinal="0" offset="0" sl="36" sc="9" el="36" ec="10" bec="0" bev="0" fileid="27" />
            </Method>
            <Method visited="true" cyclomaticComplexity="3" nPathComplexity="2" sequenceCoverage="100" branchCoverage="100" isConstructor="false" isStatic="false" isGetter="false" isSetter="false">
              <Summary numSequencePoints="6" visitedSequencePoints="6" numBranchPoints="3" visitedBranchPoints="3" sequenceCoverage="100" branchCoverage="100" maxCyclomaticComplexity="3" minCyclomaticComplexity="3" visitedClasses="0" numClasses="0" visitedMethods="1" numMethods="1" />
              <MetadataToken>100663356</MetadataToken>
              <Name>System.Boolean DomainModel.Models.Subnet::Equals(System.Object)</Name>
              <FileRef uid="27" />
              <SequencePoints>
                <SequencePoint vc="103" uspid="506" ordinal="0" offset="0" sl="46" sc="9" el="46" ec="10" bec="0" bev="0" fileid="27" />
                <SequencePoint vc="103" uspid="507" ordinal="1" offset="1" sl="47" sc="13" el="47" ec="48" bec="0" bev="0" fileid="27" />
                <SequencePoint vc="103" uspid="508" ordinal="2" offset="8" sl="48" sc="13" el="48" ec="38" bec="2" bev="2" fileid="27" />
                <SequencePoint vc="1" uspid="509" ordinal="3" offset="16" sl="49" sc="17" el="49" ec="30" bec="0" bev="0" fileid="27" />
                <SequencePoint vc="102" uspid="510" ordinal="4" offset="20" sl="50" sc="13" el="50" ec="77" bec="0" bev="0" fileid="27" />
                <SequencePoint vc="103" uspid="511" ordinal="5" offset="62" sl="51" sc="9" el="51" ec="10" bec="0" bev="0" fileid="27" />
              </SequencePoints>
              <BranchPoints>
                <BranchPoint vc="1" uspid="512" ordinal="0" offset="14" sl="48" path="0" offsetend="16" fileid="27" />
                <BranchPoint vc="102" uspid="513" ordinal="1" offset="14" sl="48" path="1" offsetend="20" fileid="27" />
              </BranchPoints>
              <MethodPoint xsi:type="SequencePoint" vc="103" uspid="506" ordinal="0" offset="0" sl="46" sc="9" el="46" ec="10" bec="0" bev="0" fileid="27" />
            </Method>
            <Method visited="true" cyclomaticComplexity="1" nPathComplexity="0" sequenceCoverage="100" branchCoverage="100" isConstructor="false" isStatic="false" isGetter="false" isSetter="false">
              <Summary numSequencePoints="3" visitedSequencePoints="3" numBranchPoints="1" visitedBranchPoints="1" sequenceCoverage="100" branchCoverage="100" maxCyclomaticComplexity="1" minCyclomaticComplexity="1" visitedClasses="0" numClasses="0" visitedMethods="1" numMethods="1" />
              <MetadataToken>100663357</MetadataToken>
              <Name>System.Boolean DomainModel.Models.Subnet::IsCovering(DomainModel.Models.Subnet)</Name>
              <FileRef uid="27" />
              <SequencePoints>
                <SequencePoint vc="67" uspid="516" ordinal="0" offset="0" sl="60" sc="9" el="60" ec="10" bec="0" bev="0" fileid="27" />
                <SequencePoint vc="67" uspid="517" ordinal="1" offset="1" sl="61" sc="13" el="61" ec="74" bec="0" bev="0" fileid="27" />
                <SequencePoint vc="67" uspid="518" ordinal="2" offset="21" sl="62" sc="9" el="62" ec="10" bec="0" bev="0" fileid="27" />
              </SequencePoints>
              <BranchPoints />
              <MethodPoint xsi:type="SequencePoint" vc="67" uspid="516" ordinal="0" offset="0" sl="60" sc="9" el="60" ec="10" bec="0" bev="0" fileid="27" />
            </Method>
            <Method visited="true" cyclomaticComplexity="3" nPathComplexity="4" sequenceCoverage="100" branchCoverage="100" isConstructor="false" isStatic="false" isGetter="false" isSetter="false">
              <Summary numSequencePoints="8" visitedSequencePoints="8" numBranchPoints="5" visitedBranchPoints="5" sequenceCoverage="100" branchCoverage="100" maxCyclomaticComplexity="3" minCyclomaticComplexity="3" visitedClasses="0" numClasses="0" visitedMethods="1" numMethods="1" />
              <MetadataToken>100663358</MetadataToken>
              <Name>System.Int32 DomainModel.Models.Subnet::CompareTo(System.Object)</Name>
              <FileRef uid="27" />
              <SequencePoints>
                <SequencePoint vc="11" uspid="519" ordinal="0" offset="0" sl="71" sc="9" el="71" ec="10" bec="0" bev="0" fileid="27" />
                <SequencePoint vc="11" uspid="520" ordinal="1" offset="1" sl="72" sc="13" el="72" ec="39" bec="0" bev="0" fileid="27" />
                <SequencePoint vc="11" uspid="521" ordinal="2" offset="8" sl="73" sc="13" el="73" ec="37" bec="2" bev="2" fileid="27" />
                <SequencePoint vc="3" uspid="522" ordinal="3" offset="19" sl="74" sc="17" el="74" ec="26" bec="0" bev="0" fileid="27" />
                <SequencePoint vc="8" uspid="523" ordinal="4" offset="23" sl="75" sc="13" el="75" ec="42" bec="2" bev="2" fileid="27" />
                <SequencePoint vc="6" uspid="524" ordinal="5" offset="34" sl="76" sc="17" el="76" ec="27" bec="0" bev="0" fileid="27" />
                <SequencePoint vc="2" uspid="525" ordinal="6" offset="38" sl="77" sc="13" el="77" ec="22" bec="0" bev="0" fileid="27" />
                <SequencePoint vc="11" uspid="526" ordinal="7" offset="42" sl="78" sc="9" el="78" ec="10" bec="0" bev="0" fileid="27" />
              </SequencePoints>
              <BranchPoints>
                <BranchPoint vc="3" uspid="527" ordinal="0" offset="17" sl="73" path="0" offsetend="19" fileid="27" />
                <BranchPoint vc="8" uspid="528" ordinal="1" offset="17" sl="73" path="1" offsetend="23" fileid="27" />
                <BranchPoint vc="6" uspid="529" ordinal="2" offset="32" sl="75" path="0" offsetend="34" fileid="27" />
                <BranchPoint vc="2" uspid="530" ordinal="3" offset="32" sl="75" path="1" offsetend="38" fileid="27" />
              </BranchPoints>
              <MethodPoint xsi:type="SequencePoint" vc="11" uspid="519" ordinal="0" offset="0" sl="71" sc="9" el="71" ec="10" bec="0" bev="0" fileid="27" />
            </Method>
            <Method visited="true" cyclomaticComplexity="3" nPathComplexity="0" sequenceCoverage="100" branchCoverage="100" isConstructor="false" isStatic="true" isGetter="false" isSetter="false">
              <Summary numSequencePoints="3" visitedSequencePoints="3" numBranchPoints="1" visitedBranchPoints="1" sequenceCoverage="100" branchCoverage="100" maxCyclomaticComplexity="3" minCyclomaticComplexity="3" visitedClasses="0" numClasses="0" visitedMethods="1" numMethods="1" />
              <MetadataToken>100663359</MetadataToken>
              <Name>System.Boolean DomainModel.Models.Subnet::IsValidArguments(System.String,System.String)</Name>
              <FileRef uid="27" />
              <SequencePoints>
                <SequencePoint vc="78" uspid="531" ordinal="0" offset="0" sl="81" sc="9" el="81" ec="10" bec="0" bev="0" fileid="27" />
                <SequencePoint vc="78" uspid="532" ordinal="1" offset="1" sl="82" sc="13" el="84" ec="62" bec="0" bev="0" fileid="27" />
                <SequencePoint vc="78" uspid="533" ordinal="2" offset="49" sl="85" sc="9" el="85" ec="10" bec="0" bev="0" fileid="27" />
              </SequencePoints>
              <BranchPoints />
              <MethodPoint xsi:type="SequencePoint" vc="78" uspid="531" ordinal="0" offset="0" sl="81" sc="9" el="81" ec="10" bec="0" bev="0" fileid="27" />
            </Method>
          </Methods>
        </Class>
        <Class skippedDueTo="Filter">
          <FullName>Task_1.BundleConfig</FullName>
          <Methods />
        </Class>
        <Class skippedDueTo="Filter">
          <FullName>Task_1.FilterConfig</FullName>
          <Methods />
        </Class>
        <Class skippedDueTo="Filter">
          <FullName>Task_1.RouteConfig</FullName>
          <Methods />
        </Class>
        <Class skippedDueTo="Filter">
          <FullName>Task_1.MvcApplication</FullName>
          <Methods />
        </Class>
        <Class skippedDueTo="Filter">
          <FullName>Task_1.Startup</FullName>
          <Methods />
        </Class>
        <Class skippedDueTo="Filter">
          <FullName>Task_1.Controllers.SubnetContainerController</FullName>
          <Methods />
        </Class>
        <Class skippedDueTo="Filter">
          <FullName>Task_1.Controllers.SubnetContainerController/&lt;&gt;c</FullName>
          <Methods />
        </Class>
      </Classes>
    </Module>
    <Module skippedDueTo="Filter" hash="C4-70-7F-F9-A6-42-46-29-2F-07-22-01-7B-20-F8-01-B5-1D-B5-65">
      <ModulePath>C:\Windows\Microsoft.Net\assembly\GAC_64\System.Data\v4.0_4.0.0.0__b77a5c561934e089\System.Data.dll</ModulePath>
      <ModuleTime>2017-06-06T11:13:06Z</ModuleTime>
      <ModuleName>System.Data</ModuleName>
      <Classes />
    </Module>
    <Module skippedDueTo="Filter" hash="D5-70-14-31-85-3E-8A-7F-81-54-77-50-40-AB-F0-0E-60-2D-F8-DF">
      <ModulePath>C:\Windows\Microsoft.Net\assembly\GAC_MSIL\System.Data.resources\v4.0_4.0.0.0_ru_b77a5c561934e089\System.Data.resources.dll</ModulePath>
      <ModuleTime>2017-04-21T10:40:56Z</ModuleTime>
      <ModuleName>System.Data.resources</ModuleName>
      <Classes />
    </Module>
    <Module skippedDueTo="Filter" hash="FB-D4-0E-90-EA-AB-B0-1B-C4-12-8E-0A-26-C7-FA-75-AA-39-11-98">
      <ModulePath>C:\Windows\Microsoft.Net\assembly\GAC_MSIL\System.Configuration\v4.0_4.0.0.0__b03f5f7f11d50a3a\System.Configuration.dll</ModulePath>
      <ModuleTime>2017-04-21T09:53:36Z</ModuleTime>
      <ModuleName>System.Configuration</ModuleName>
      <Classes />
    </Module>
    <Module skippedDueTo="Filter" hash="22-0C-40-2B-79-9D-03-A6-B0-45-8F-23-CC-B0-10-73-A9-80-8E-E4">
      <ModulePath>C:\Windows\Microsoft.Net\assembly\GAC_64\System.Transactions\v4.0_4.0.0.0__b77a5c561934e089\System.Transactions.dll</ModulePath>
      <ModuleTime>2017-06-06T11:13:06Z</ModuleTime>
      <ModuleName>System.Transactions</ModuleName>
      <Classes />
    </Module>
    <Module skippedDueTo="Filter" hash="47-FA-87-D2-48-3D-9E-F9-70-AD-0B-6E-A7-3D-AA-E1-73-03-34-56">
      <ModulePath>C:\Windows\Microsoft.Net\assembly\GAC_64\System.EnterpriseServices\v4.0_4.0.0.0__b03f5f7f11d50a3a\System.EnterpriseServices.dll</ModulePath>
      <ModuleTime>2017-04-21T09:50:56Z</ModuleTime>
      <ModuleName>System.EnterpriseServices</ModuleName>
      <Classes />
    </Module>
    <Module skippedDueTo="MissingPdb" hash="9E-E6-00-91-BF-6E-1C-C0-09-CC-28-9C-E8-E0-B8-C6-C6-02-B9-63">
      <ModulePath>C:\Users\golubev.dmitriy\Documents\Visual Studio 2015\Projects\Task 1\Task 1.Tests\bin\Debug\WebGrease.dll</ModulePath>
      <ModuleTime>2014-01-23T07:57:34Z</ModuleTime>
      <ModuleName>WebGrease</ModuleName>
      <Classes />
    </Module>
    <Module skippedDueTo="MissingPdb" hash="4A-23-1A-B4-CB-CC-F1-F1-0B-9F-2E-ED-11-93-14-89-90-FF-D7-54">
      <ModulePath>C:\Users\golubev.dmitriy\Documents\Visual Studio 2015\Projects\Task 1\Task 1.Tests\bin\Debug\LukeSkywalker.IPNetwork.dll</ModulePath>
      <ModuleTime>2015-08-05T15:38:44Z</ModuleTime>
      <ModuleName>LukeSkywalker.IPNetwork</ModuleName>
      <Classes />
    </Module>
    <Module skippedDueTo="MissingPdb" hash="88-EC-12-E1-D8-D9-A0-93-44-3E-FD-F2-64-DB-71-C5-72-CF-9F-79">
      <ModulePath>C:\Users\golubev.dmitriy\Documents\Visual Studio 2015\Projects\Task 1\Task 1.Tests\bin\Debug\Dapper.dll</ModulePath>
      <ModuleTime>2016-07-22T09:52:40Z</ModuleTime>
      <ModuleName>Dapper</ModuleName>
      <Classes />
    </Module>
    <Module skippedDueTo="Filter" hash="B2-31-39-27-96-0D-DA-C8-84-F0-DF-5B-04-82-6D-8E-48-52-05-EA">
      <ModulePath>C:\Windows\Microsoft.Net\assembly\GAC_MSIL\System.Xml.Linq\v4.0_4.0.0.0__b77a5c561934e089\System.Xml.Linq.dll</ModulePath>
      <ModuleTime>2017-04-21T09:53:36Z</ModuleTime>
      <ModuleName>System.Xml.Linq</ModuleName>
      <Classes />
    </Module>
    <Module skippedDueTo="MissingPdb" hash="E1-72-DB-A0-A9-65-95-88-D3-65-8E-CF-AA-D1-FE-F2-EE-14-A7-D3">
      <ModulePath>C:\Users\golubev.dmitriy\Documents\Visual Studio 2015\Projects\Task 1\Task 1.Tests\bin\Debug\Moq.dll</ModulePath>
      <ModuleTime>2017-06-21T04:45:32Z</ModuleTime>
      <ModuleName>Moq</ModuleName>
      <Classes />
    </Module>
    <Module skippedDueTo="MissingPdb" hash="53-54-81-CD-09-B0-EE-47-62-6F-DF-B9-02-57-93-BE-53-44-BC-95">
      <ModulePath>C:\Users\golubev.dmitriy\Documents\Visual Studio 2015\Projects\Task 1\Task 1.Tests\bin\Debug\Castle.Core.dll</ModulePath>
      <ModuleTime>2017-06-11T00:51:38Z</ModuleTime>
      <ModuleName>Castle.Core</ModuleName>
      <Classes />
    </Module>
    <Module skippedDueTo="MissingPdb" hash="">
      <ModulePath>RefEmit_InMemoryManifestModule</ModulePath>
      <ModuleTime>0001-01-01T00:00:00</ModuleTime>
      <ModuleName>DynamicProxyGenAssembly2</ModuleName>
      <Classes />
    </Module>
    <Module skippedDueTo="MissingPdb" hash="">
      <ModulePath>RefEmit_InMemoryManifestModule</ModulePath>
      <ModuleTime>0001-01-01T00:00:00</ModuleTime>
      <ModuleName>DynamicProxyGenAssembly2</ModuleName>
      <Classes />
    </Module>
    <Module skippedDueTo="MissingPdb" hash="">
      <ModulePath>RefEmit_InMemoryManifestModule</ModulePath>
      <ModuleTime>0001-01-01T00:00:00</ModuleTime>
      <ModuleName>Anonymously Hosted DynamicMethods Assembly</ModuleName>
      <Classes />
    </Module>
    <Module skippedDueTo="Filter" hash="9B-D8-C2-5A-88-46-41-E1-1C-0F-2D-D4-8B-47-53-DB-D6-65-65-66">
      <ModulePath>C:\Windows\Microsoft.Net\assembly\GAC_MSIL\mscorlib.resources\v4.0_4.0.0.0_ru_b77a5c561934e089\mscorlib.resources.dll</ModulePath>
      <ModuleTime>2017-04-21T10:40:56Z</ModuleTime>
      <ModuleName>mscorlib.resources</ModuleName>
      <Classes />
    </Module>
    <Module skippedDueTo="Filter" hash="9B-D8-C2-5A-88-46-41-E1-1C-0F-2D-D4-8B-47-53-DB-D6-65-65-66">
      <ModulePath>C:\Windows\Microsoft.Net\assembly\GAC_MSIL\mscorlib.resources\v4.0_4.0.0.0_ru_b77a5c561934e089\mscorlib.resources.dll</ModulePath>
      <ModuleTime>2017-04-21T10:40:56Z</ModuleTime>
      <ModuleName>mscorlib.resources</ModuleName>
      <Classes />
    </Module>
  </Modules>
</CoverageSession>