<?xml version="1.0" encoding="utf-8"?>
<CoverageSession xmlns:xsd="http://www.w3.org/2001/XMLSchema" xmlns:xsi="http://www.w3.org/2001/XMLSchema-instance">
  <Summary numSequencePoints="409" visitedSequencePoints="398" numBranchPoints="175" visitedBranchPoints="162" sequenceCoverage="97.31" branchCoverage="92.57" maxCyclomaticComplexity="9" minCyclomaticComplexity="1" visitedClasses="20" numClasses="20" visitedMethods="73" numMethods="73" />
  <Modules>
    <Module skippedDueTo="Filter" hash="F6-1C-26-32-B8-C7-A6-87-68-7E-80-4F-D3-1F-1C-EF-30-D1-05-7D">
      <ModulePath>C:\Windows\Microsoft.Net\assembly\GAC_64\mscorlib\v4.0_4.0.0.0__b77a5c561934e089\mscorlib.dll</ModulePath>
      <ModuleTime>2017-06-06T11:13:06Z</ModuleTime>
      <ModuleName>mscorlib</ModuleName>
      <Classes />
    </Module>
    <Module skippedDueTo="MissingPdb" hash="73-2C-23-38-69-24-C6-47-B0-15-58-8D-B3-63-F3-64-AC-79-40-D5">
      <ModulePath>C:\Users\golubev.dmitriy\Documents\Visual Studio 2015\Projects\Task 1\packages\NUnit.ConsoleRunner.3.7.0\tools\nunit3-console.exe</ModulePath>
      <ModuleTime>2017-07-13T15:33:20Z</ModuleTime>
      <ModuleName>nunit3-console</ModuleName>
      <Classes />
    </Module>
    <Module skippedDueTo="Filter" hash="D6-2A-7C-69-81-E8-45-28-51-34-62-77-0B-DB-92-5B-A0-28-0A-4E">
      <ModulePath>C:\Windows\Microsoft.Net\assembly\GAC_MSIL\System\v4.0_4.0.0.0__b77a5c561934e089\System.dll</ModulePath>
      <ModuleTime>2017-06-06T11:17:36Z</ModuleTime>
      <ModuleName>System</ModuleName>
      <Classes />
    </Module>
    <Module skippedDueTo="MissingPdb" hash="4D-3A-F8-21-37-BF-6C-40-07-B1-F2-B3-C1-40-95-02-8B-29-D6-BF">
      <ModulePath>C:\Users\golubev.dmitriy\Documents\Visual Studio 2015\Projects\Task 1\packages\NUnit.ConsoleRunner.3.7.0\tools\nunit.engine.api.dll</ModulePath>
      <ModuleTime>2017-07-13T15:33:20Z</ModuleTime>
      <ModuleName>nunit.engine.api</ModuleName>
      <Classes />
    </Module>
    <Module skippedDueTo="MissingPdb" hash="78-8A-37-55-1D-1C-A6-13-69-DB-A2-FA-8C-58-E6-62-DB-70-B5-E7">
      <ModulePath>C:\Users\golubev.dmitriy\Documents\Visual Studio 2015\Projects\Task 1\packages\NUnit.ConsoleRunner.3.7.0\tools\nunit.engine.dll</ModulePath>
      <ModuleTime>2017-07-13T15:33:20Z</ModuleTime>
      <ModuleName>nunit.engine</ModuleName>
      <Classes />
    </Module>
    <Module skippedDueTo="MissingPdb" hash="78-8A-37-55-1D-1C-A6-13-69-DB-A2-FA-8C-58-E6-62-DB-70-B5-E7">
      <ModulePath>C:\Users\golubev.dmitriy\Documents\Visual Studio 2015\Projects\Task 1\packages\NUnit.ConsoleRunner.3.7.0\tools\nunit.engine.dll</ModulePath>
      <ModuleTime>2017-07-13T15:33:20Z</ModuleTime>
      <ModuleName>nunit.engine</ModuleName>
      <Classes />
    </Module>
    <Module skippedDueTo="Filter" hash="21-E4-90-B5-42-20-26-BA-49-19-94-C3-CA-93-44-7B-60-08-D7-1C">
      <ModulePath>C:\Windows\Microsoft.Net\assembly\GAC_MSIL\System.Xml\v4.0_4.0.0.0__b77a5c561934e089\System.Xml.dll</ModulePath>
      <ModuleTime>2017-06-06T11:17:36Z</ModuleTime>
      <ModuleName>System.Xml</ModuleName>
      <Classes />
    </Module>
    <Module skippedDueTo="Filter" hash="70-F6-3D-D8-EA-FC-2C-07-C9-3D-29-89-45-1E-1F-36-32-1B-39-E7">
      <ModulePath>C:\Windows\Microsoft.Net\assembly\GAC_64\System.Web\v4.0_4.0.0.0__b03f5f7f11d50a3a\System.Web.dll</ModulePath>
      <ModuleTime>2017-06-06T11:13:06Z</ModuleTime>
      <ModuleName>System.Web</ModuleName>
      <Classes />
    </Module>
    <Module skippedDueTo="MissingPdb" hash="8A-2E-8F-D6-9D-39-02-4A-2F-30-FC-06-42-F7-0F-A8-32-69-07-72">
      <ModulePath>C:\Users\golubev.dmitriy\Documents\Visual Studio 2015\Projects\Task 1\packages\NUnit.ConsoleRunner.3.7.0\tools\Mono.Cecil.dll</ModulePath>
      <ModuleTime>2017-07-13T15:33:20Z</ModuleTime>
      <ModuleName>Mono.Cecil</ModuleName>
      <Classes />
    </Module>
    <Module skippedDueTo="Filter" hash="A1-47-D1-CE-C9-BC-C0-A8-0B-2A-B5-42-EF-73-A0-6C-13-30-72-81">
      <ModulePath>C:\Windows\Microsoft.Net\assembly\GAC_MSIL\System.Runtime.Remoting\v4.0_4.0.0.0__b77a5c561934e089\System.Runtime.Remoting.dll</ModulePath>
      <ModuleTime>2017-04-21T09:53:36Z</ModuleTime>
      <ModuleName>System.Runtime.Remoting</ModuleName>
      <Classes />
    </Module>
    <Module skippedDueTo="Filter" hash="FB-D4-0E-90-EA-AB-B0-1B-C4-12-8E-0A-26-C7-FA-75-AA-39-11-98">
      <ModulePath>C:\Windows\Microsoft.Net\assembly\GAC_MSIL\System.Configuration\v4.0_4.0.0.0__b03f5f7f11d50a3a\System.Configuration.dll</ModulePath>
      <ModuleTime>2017-04-21T09:53:36Z</ModuleTime>
      <ModuleName>System.Configuration</ModuleName>
      <Classes />
    </Module>
    <Module skippedDueTo="Filter" hash="F6-1C-26-32-B8-C7-A6-87-68-7E-80-4F-D3-1F-1C-EF-30-D1-05-7D">
      <ModulePath>C:\Windows\Microsoft.Net\assembly\GAC_64\mscorlib\v4.0_4.0.0.0__b77a5c561934e089\mscorlib.dll</ModulePath>
      <ModuleTime>2017-06-06T11:13:06Z</ModuleTime>
      <ModuleName>mscorlib</ModuleName>
      <Classes />
    </Module>
    <Module skippedDueTo="MissingPdb" hash="F5-B4-D0-7A-07-D3-FB-8D-44-18-EB-94-5A-2A-C5-32-D7-96-48-25">
      <ModulePath>C:\Users\golubev.dmitriy\Documents\Visual Studio 2015\Projects\Task 1\packages\NUnit.ConsoleRunner.3.7.0\tools\nunit-agent.exe</ModulePath>
      <ModuleTime>2017-07-13T15:33:20Z</ModuleTime>
      <ModuleName>nunit-agent</ModuleName>
      <Classes />
    </Module>
    <Module skippedDueTo="MissingPdb" hash="78-8A-37-55-1D-1C-A6-13-69-DB-A2-FA-8C-58-E6-62-DB-70-B5-E7">
      <ModulePath>C:\Users\golubev.dmitriy\Documents\Visual Studio 2015\Projects\Task 1\packages\NUnit.ConsoleRunner.3.7.0\tools\nunit.engine.dll</ModulePath>
      <ModuleTime>2017-07-13T15:33:20Z</ModuleTime>
      <ModuleName>nunit.engine</ModuleName>
      <Classes />
    </Module>
    <Module skippedDueTo="MissingPdb" hash="4D-3A-F8-21-37-BF-6C-40-07-B1-F2-B3-C1-40-95-02-8B-29-D6-BF">
      <ModulePath>C:\Users\golubev.dmitriy\Documents\Visual Studio 2015\Projects\Task 1\packages\NUnit.ConsoleRunner.3.7.0\tools\nunit.engine.api.dll</ModulePath>
      <ModuleTime>2017-07-13T15:33:20Z</ModuleTime>
      <ModuleName>nunit.engine.api</ModuleName>
      <Classes />
    </Module>
    <Module skippedDueTo="Filter" hash="D6-2A-7C-69-81-E8-45-28-51-34-62-77-0B-DB-92-5B-A0-28-0A-4E">
      <ModulePath>C:\Windows\Microsoft.Net\assembly\GAC_MSIL\System\v4.0_4.0.0.0__b77a5c561934e089\System.dll</ModulePath>
      <ModuleTime>2017-06-06T11:17:36Z</ModuleTime>
      <ModuleName>System</ModuleName>
      <Classes />
    </Module>
    <Module skippedDueTo="Filter" hash="21-E4-90-B5-42-20-26-BA-49-19-94-C3-CA-93-44-7B-60-08-D7-1C">
      <ModulePath>C:\Windows\Microsoft.Net\assembly\GAC_MSIL\System.Xml\v4.0_4.0.0.0__b77a5c561934e089\System.Xml.dll</ModulePath>
      <ModuleTime>2017-06-06T11:17:36Z</ModuleTime>
      <ModuleName>System.Xml</ModuleName>
      <Classes />
    </Module>
    <Module skippedDueTo="Filter" hash="70-F6-3D-D8-EA-FC-2C-07-C9-3D-29-89-45-1E-1F-36-32-1B-39-E7">
      <ModulePath>C:\Windows\Microsoft.Net\assembly\GAC_64\System.Web\v4.0_4.0.0.0__b03f5f7f11d50a3a\System.Web.dll</ModulePath>
      <ModuleTime>2017-06-06T11:13:06Z</ModuleTime>
      <ModuleName>System.Web</ModuleName>
      <Classes />
    </Module>
    <Module skippedDueTo="MissingPdb" hash="8A-2E-8F-D6-9D-39-02-4A-2F-30-FC-06-42-F7-0F-A8-32-69-07-72">
      <ModulePath>C:\Users\golubev.dmitriy\Documents\Visual Studio 2015\Projects\Task 1\packages\NUnit.ConsoleRunner.3.7.0\tools\Mono.Cecil.dll</ModulePath>
      <ModuleTime>2017-07-13T15:33:20Z</ModuleTime>
      <ModuleName>Mono.Cecil</ModuleName>
      <Classes />
    </Module>
    <Module skippedDueTo="Filter" hash="A1-47-D1-CE-C9-BC-C0-A8-0B-2A-B5-42-EF-73-A0-6C-13-30-72-81">
      <ModulePath>C:\Windows\Microsoft.Net\assembly\GAC_MSIL\System.Runtime.Remoting\v4.0_4.0.0.0__b77a5c561934e089\System.Runtime.Remoting.dll</ModulePath>
      <ModuleTime>2017-04-21T09:53:36Z</ModuleTime>
      <ModuleName>System.Runtime.Remoting</ModuleName>
      <Classes />
    </Module>
    <Module skippedDueTo="Filter" hash="FB-D4-0E-90-EA-AB-B0-1B-C4-12-8E-0A-26-C7-FA-75-AA-39-11-98">
      <ModulePath>C:\Windows\Microsoft.Net\assembly\GAC_MSIL\System.Configuration\v4.0_4.0.0.0__b03f5f7f11d50a3a\System.Configuration.dll</ModulePath>
      <ModuleTime>2017-04-21T09:53:36Z</ModuleTime>
      <ModuleName>System.Configuration</ModuleName>
      <Classes />
    </Module>
    <Module skippedDueTo="MissingPdb" hash="DE-6F-4F-B5-38-CC-77-7B-8C-2C-DD-D4-82-02-87-E2-91-2C-AE-6A">
      <ModulePath>C:\Users\golubev.dmitriy\Documents\Visual Studio 2015\Projects\Task 1\Task 1.Tests\bin\Debug\nunit.framework.dll</ModulePath>
      <ModuleTime>2017-06-05T16:49:18Z</ModuleTime>
      <ModuleName>nunit.framework</ModuleName>
      <Classes />
    </Module>
    <Module skippedDueTo="Filter" hash="D6-2A-7C-69-81-E8-45-28-51-34-62-77-0B-DB-92-5B-A0-28-0A-4E">
      <ModulePath>C:\Windows\Microsoft.Net\assembly\GAC_MSIL\System\v4.0_4.0.0.0__b77a5c561934e089\System.dll</ModulePath>
      <ModuleTime>2017-06-06T11:17:36Z</ModuleTime>
      <ModuleName>System</ModuleName>
      <Classes />
    </Module>
    <Module skippedDueTo="Filter" hash="EC-C8-73-33-83-EB-E9-33-AC-FD-CC-8D-E1-9C-57-8F-47-55-09-A9">
      <ModulePath>C:\Windows\Microsoft.Net\assembly\GAC_MSIL\System.Core\v4.0_4.0.0.0__b77a5c561934e089\System.Core.dll</ModulePath>
      <ModuleTime>2017-06-06T11:17:36Z</ModuleTime>
      <ModuleName>System.Core</ModuleName>
      <Classes />
    </Module>
    <Module skippedDueTo="MissingPdb" hash="78-8A-37-55-1D-1C-A6-13-69-DB-A2-FA-8C-58-E6-62-DB-70-B5-E7">
      <ModulePath>C:\Users\golubev.dmitriy\Documents\Visual Studio 2015\Projects\Task 1\Task 1.Tests\bin\Debug\nunit.engine.dll</ModulePath>
      <ModuleTime>2017-07-19T08:08:38Z</ModuleTime>
      <ModuleName>nunit.engine</ModuleName>
      <Classes />
    </Module>
    <Module skippedDueTo="Filter" hash="70-F6-3D-D8-EA-FC-2C-07-C9-3D-29-89-45-1E-1F-36-32-1B-39-E7">
      <ModulePath>C:\Windows\Microsoft.Net\assembly\GAC_64\System.Web\v4.0_4.0.0.0__b03f5f7f11d50a3a\System.Web.dll</ModulePath>
      <ModuleTime>2017-06-06T11:13:06Z</ModuleTime>
      <ModuleName>System.Web</ModuleName>
      <Classes />
    </Module>
    <Module hash="9C-CA-7F-4D-58-52-1D-8D-47-E1-1D-C7-2D-4D-8C-8A-97-16-0F-0C">
      <Summary numSequencePoints="134" visitedSequencePoints="134" numBranchPoints="34" visitedBranchPoints="34" sequenceCoverage="100" branchCoverage="100" maxCyclomaticComplexity="3" minCyclomaticComplexity="1" visitedClasses="9" numClasses="9" visitedMethods="34" numMethods="34" />
      <ModulePath>C:\Users\golubev.dmitriy\Documents\Visual Studio 2015\Projects\Task 1\Task 1.Tests\bin\Debug\Task 1.Tests.dll</ModulePath>
      <ModuleTime>2017-08-08T10:32:17.8219378Z</ModuleTime>
      <ModuleName>Task 1.Tests</ModuleName>
      <Files>
        <File uid="1" fullPath="C:\Users\golubev.dmitriy\Documents\Visual Studio 2015\Projects\Task 1\Task 1.Tests\DomainModel\Repository\DBRepositoryTests.cs" />
        <File uid="9" fullPath="C:\Users\golubev.dmitriy\Documents\Visual Studio 2015\Projects\Task 1\Task 1.Tests\DomainModel\Models\ValidationLogTests.cs" />
      </Files>
      <Classes>
        <Class skippedDueTo="Filter">
          <FullName>&lt;Module&gt;</FullName>
          <Methods />
        </Class>
        <Class skippedDueTo="Filter">
          <FullName>Task_1.DomainModel.Service.Tests.SubnetCoverageManagerTests</FullName>
          <Methods />
        </Class>
        <Class skippedDueTo="Filter">
          <FullName>Task_1.DomainModel.Service.Tests.SubnetCoverageManagerTests/&lt;&gt;c</FullName>
          <Methods />
        </Class>
        <Class skippedDueTo="Filter">
          <FullName>Task_1.DomainModel.Service.Tests.SubnetValidatorTests</FullName>
          <Methods />
        </Class>
        <Class skippedDueTo="Filter">
          <FullName>Task_1.DomainModel.Service.Tests.SubnetContainerManagerTests</FullName>
          <Methods />
        </Class>
        <Class skippedDueTo="Filter">
          <FullName>Task_1.DomainModel.Service.Tests.SubnetContainerManagerTests/&lt;&gt;c</FullName>
          <Methods />
        </Class>
        <Class skippedDueTo="Filter">
          <FullName>Task_1.DomainModel.Service.Tests.SubnetContainerManagerTests/&lt;&gt;c__DisplayClass6_0</FullName>
          <Methods />
        </Class>
        <Class skippedDueTo="Filter">
          <FullName>Task_1.DomainModel.Service.Tests.SubnetContainerManagerTests/&lt;&gt;c__DisplayClass7_0</FullName>
          <Methods />
        </Class>
        <Class skippedDueTo="Filter">
          <FullName>Task_1.DomainModel.Service.Tests.SubnetContainerManagerTests/&lt;&gt;c__DisplayClass13_0</FullName>
          <Methods />
        </Class>
        <Class skippedDueTo="Filter">
          <FullName>Task_1.DomainModel.Service.Tests.SubnetContainerManagerTests/&lt;&gt;c__DisplayClass14_0</FullName>
          <Methods />
        </Class>
        <Class skippedDueTo="Filter">
          <FullName>Task_1.DomainModel.Service.Tests.SubnetContainerManagerTests/&lt;&gt;c__DisplayClass17_0</FullName>
          <Methods />
        </Class>
        <Class skippedDueTo="Filter">
          <FullName>Task_1.DomainModel.Service.Tests.SubnetContainerManagerTests/&lt;&gt;c__DisplayClass18_0</FullName>
          <Methods />
        </Class>
        <Class skippedDueTo="Filter">
          <FullName>Task_1.DomainModel.Service.Tests.SubnetContainerManagerTests/&lt;&gt;c__DisplayClass19_0</FullName>
          <Methods />
        </Class>
        <Class skippedDueTo="Filter">
          <FullName>Task_1.Models.Tests.SubnetTests</FullName>
          <Methods />
        </Class>
        <Class skippedDueTo="Filter">
          <FullName>Task_1.Models.Tests.SubnetTests/&lt;&gt;c</FullName>
          <Methods />
        </Class>
        <Class>
          <Summary numSequencePoints="94" visitedSequencePoints="94" numBranchPoints="19" visitedBranchPoints="19" sequenceCoverage="100" branchCoverage="100" maxCyclomaticComplexity="3" minCyclomaticComplexity="1" visitedClasses="1" numClasses="1" visitedMethods="19" numMethods="19" />
          <FullName>DomainModel.Repository.Tests.DBRepositoryTests</FullName>
          <Methods>
            <Method visited="true" cyclomaticComplexity="3" nPathComplexity="0" sequenceCoverage="100" branchCoverage="100" isConstructor="true" isStatic="false" isGetter="false" isSetter="false">
              <Summary numSequencePoints="13" visitedSequencePoints="13" numBranchPoints="1" visitedBranchPoints="1" sequenceCoverage="100" branchCoverage="100" maxCyclomaticComplexity="3" minCyclomaticComplexity="3" visitedClasses="0" numClasses="0" visitedMethods="1" numMethods="1" />
              <MetadataToken>100663357</MetadataToken>
              <Name>System.Void DomainModel.Repository.Tests.DBRepositoryTests::.ctor()</Name>
              <FileRef uid="1" />
              <SequencePoints>
                <SequencePoint vc="1" uspid="1" ordinal="0" offset="0" sl="16" sc="9" el="16" ec="35" bec="0" bev="0" fileid="1" />
                <SequencePoint vc="1" uspid="2" ordinal="1" offset="7" sl="17" sc="9" el="17" ec="10" bec="0" bev="0" fileid="1" />
                <SequencePoint vc="1" uspid="3" ordinal="2" offset="8" sl="18" sc="13" el="20" ec="53" bec="0" bev="0" fileid="1" />
                <SequencePoint vc="1" uspid="4" ordinal="3" offset="19" sl="21" sc="13" el="21" ec="46" bec="0" bev="0" fileid="1" />
                <SequencePoint vc="1" uspid="5" ordinal="4" offset="30" sl="22" sc="13" el="22" ec="33" bec="0" bev="0" fileid="1" />
                <SequencePoint vc="1" uspid="6" ordinal="5" offset="41" sl="23" sc="13" el="27" ec="44" bec="0" bev="0" fileid="1" />
                <SequencePoint vc="1" uspid="7" ordinal="6" offset="64" sl="29" sc="20" el="29" ec="78" bec="0" bev="0" fileid="1" />
                <SequencePoint vc="1" uspid="8" ordinal="7" offset="76" sl="30" sc="13" el="30" ec="14" bec="0" bev="0" fileid="1" />
                <SequencePoint vc="1" uspid="9" ordinal="8" offset="77" sl="31" sc="17" el="31" ec="35" bec="0" bev="0" fileid="1" />
                <SequencePoint vc="1" uspid="10" ordinal="9" offset="84" sl="32" sc="24" el="32" ec="80" bec="0" bev="0" fileid="1" />
                <SequencePoint vc="1" uspid="11" ordinal="10" offset="92" sl="33" sc="21" el="33" ec="47" bec="0" bev="0" fileid="1" />
                <SequencePoint vc="1" uspid="12" ordinal="11" offset="112" sl="34" sc="13" el="34" ec="14" bec="0" bev="0" fileid="1" />
                <SequencePoint vc="1" uspid="13" ordinal="12" offset="126" sl="35" sc="9" el="35" ec="10" bec="0" bev="0" fileid="1" />
              </SequencePoints>
              <BranchPoints />
              <MethodPoint xsi:type="SequencePoint" vc="1" uspid="1" ordinal="0" offset="0" sl="16" sc="9" el="16" ec="35" bec="0" bev="0" fileid="1" />
            </Method>
            <Method visited="true" cyclomaticComplexity="1" nPathComplexity="0" sequenceCoverage="100" branchCoverage="100" isConstructor="false" isStatic="false" isGetter="false" isSetter="false">
              <Summary numSequencePoints="3" visitedSequencePoints="3" numBranchPoints="1" visitedBranchPoints="1" sequenceCoverage="100" branchCoverage="100" maxCyclomaticComplexity="1" minCyclomaticComplexity="1" visitedClasses="0" numClasses="0" visitedMethods="1" numMethods="1" />
              <MetadataToken>100663358</MetadataToken>
              <Name>System.Void DomainModel.Repository.Tests.DBRepositoryTests::DBRepository_RightConnectionString_Success()</Name>
              <FileRef uid="1" />
              <SequencePoints>
                <SequencePoint vc="1" uspid="14" ordinal="0" offset="0" sl="40" sc="9" el="40" ec="10" bec="0" bev="0" fileid="1" />
                <SequencePoint vc="1" uspid="15" ordinal="1" offset="1" sl="41" sc="13" el="41" ec="81" bec="0" bev="0" fileid="1" />
                <SequencePoint vc="1" uspid="16" ordinal="2" offset="19" sl="42" sc="9" el="42" ec="10" bec="0" bev="0" fileid="1" />
              </SequencePoints>
              <BranchPoints />
              <MethodPoint xsi:type="SequencePoint" vc="1" uspid="14" ordinal="0" offset="0" sl="40" sc="9" el="40" ec="10" bec="0" bev="0" fileid="1" />
            </Method>
            <Method visited="true" cyclomaticComplexity="1" nPathComplexity="0" sequenceCoverage="100" branchCoverage="100" isConstructor="false" isStatic="false" isGetter="false" isSetter="false">
              <Summary numSequencePoints="3" visitedSequencePoints="3" numBranchPoints="1" visitedBranchPoints="1" sequenceCoverage="100" branchCoverage="100" maxCyclomaticComplexity="1" minCyclomaticComplexity="1" visitedClasses="0" numClasses="0" visitedMethods="1" numMethods="1" />
              <MetadataToken>100663359</MetadataToken>
              <Name>System.Void DomainModel.Repository.Tests.DBRepositoryTests::DBRepository_WrongConnectionString_ThrowsException()</Name>
              <FileRef uid="1" />
              <SequencePoints>
                <SequencePoint vc="1" uspid="17" ordinal="0" offset="0" sl="46" sc="9" el="46" ec="10" bec="0" bev="0" fileid="1" />
                <SequencePoint vc="1" uspid="18" ordinal="1" offset="1" sl="47" sc="13" el="47" ec="94" bec="0" bev="0" fileid="1" />
                <SequencePoint vc="1" uspid="19" ordinal="2" offset="19" sl="48" sc="9" el="48" ec="10" bec="0" bev="0" fileid="1" />
              </SequencePoints>
              <BranchPoints />
              <MethodPoint xsi:type="SequencePoint" vc="1" uspid="17" ordinal="0" offset="0" sl="46" sc="9" el="46" ec="10" bec="0" bev="0" fileid="1" />
            </Method>
            <Method visited="true" cyclomaticComplexity="1" nPathComplexity="0" sequenceCoverage="100" branchCoverage="100" isConstructor="false" isStatic="false" isGetter="false" isSetter="false">
              <Summary numSequencePoints="3" visitedSequencePoints="3" numBranchPoints="1" visitedBranchPoints="1" sequenceCoverage="100" branchCoverage="100" maxCyclomaticComplexity="1" minCyclomaticComplexity="1" visitedClasses="0" numClasses="0" visitedMethods="1" numMethods="1" />
              <MetadataToken>100663360</MetadataToken>
              <Name>System.Void DomainModel.Repository.Tests.DBRepositoryTests::DBRepository_NullTableName_ThrowsException()</Name>
              <FileRef uid="1" />
              <SequencePoints>
                <SequencePoint vc="1" uspid="20" ordinal="0" offset="0" sl="52" sc="9" el="52" ec="10" bec="0" bev="0" fileid="1" />
                <SequencePoint vc="1" uspid="21" ordinal="1" offset="1" sl="53" sc="13" el="53" ec="104" bec="0" bev="0" fileid="1" />
                <SequencePoint vc="1" uspid="22" ordinal="2" offset="19" sl="54" sc="9" el="54" ec="10" bec="0" bev="0" fileid="1" />
              </SequencePoints>
              <BranchPoints />
              <MethodPoint xsi:type="SequencePoint" vc="1" uspid="20" ordinal="0" offset="0" sl="52" sc="9" el="52" ec="10" bec="0" bev="0" fileid="1" />
            </Method>
            <Method visited="true" cyclomaticComplexity="2" nPathComplexity="0" sequenceCoverage="100" branchCoverage="100" isConstructor="false" isStatic="false" isGetter="false" isSetter="false">
              <Summary numSequencePoints="3" visitedSequencePoints="3" numBranchPoints="1" visitedBranchPoints="1" sequenceCoverage="100" branchCoverage="100" maxCyclomaticComplexity="2" minCyclomaticComplexity="2" visitedClasses="0" numClasses="0" visitedMethods="1" numMethods="1" />
              <MetadataToken>100663361</MetadataToken>
              <Name>System.Void DomainModel.Repository.Tests.DBRepositoryTests::DBRepository_NullConnectionString_ThrowsException()</Name>
              <FileRef uid="1" />
              <SequencePoints>
                <SequencePoint vc="1" uspid="23" ordinal="0" offset="0" sl="58" sc="9" el="58" ec="10" bec="0" bev="0" fileid="1" />
                <SequencePoint vc="1" uspid="24" ordinal="1" offset="1" sl="59" sc="13" el="59" ec="89" bec="0" bev="0" fileid="1" />
                <SequencePoint vc="1" uspid="25" ordinal="2" offset="38" sl="60" sc="9" el="60" ec="10" bec="0" bev="0" fileid="1" />
              </SequencePoints>
              <BranchPoints />
              <MethodPoint xsi:type="SequencePoint" vc="1" uspid="23" ordinal="0" offset="0" sl="58" sc="9" el="58" ec="10" bec="0" bev="0" fileid="1" />
            </Method>
            <Method visited="true" cyclomaticComplexity="1" nPathComplexity="0" sequenceCoverage="100" branchCoverage="100" isConstructor="false" isStatic="false" isGetter="false" isSetter="false">
              <Summary numSequencePoints="9" visitedSequencePoints="9" numBranchPoints="1" visitedBranchPoints="1" sequenceCoverage="100" branchCoverage="100" maxCyclomaticComplexity="1" minCyclomaticComplexity="1" visitedClasses="0" numClasses="0" visitedMethods="1" numMethods="1" />
              <MetadataToken>100663362</MetadataToken>
              <Name>System.Void DomainModel.Repository.Tests.DBRepositoryTests::Create_ValidData_Success()</Name>
              <FileRef uid="1" />
              <SequencePoints>
                <SequencePoint vc="1" uspid="28" ordinal="0" offset="0" sl="65" sc="9" el="65" ec="10" bec="0" bev="0" fileid="1" />
                <SequencePoint vc="1" uspid="29" ordinal="1" offset="1" sl="66" sc="13" el="66" ec="33" bec="0" bev="0" fileid="1" />
                <SequencePoint vc="1" uspid="30" ordinal="2" offset="8" sl="67" sc="13" el="67" ec="31" bec="0" bev="0" fileid="1" />
                <SequencePoint vc="1" uspid="31" ordinal="3" offset="14" sl="68" sc="13" el="68" ec="47" bec="0" bev="0" fileid="1" />
                <SequencePoint vc="1" uspid="32" ordinal="4" offset="20" sl="69" sc="13" el="69" ec="77" bec="0" bev="0" fileid="1" />
                <SequencePoint vc="1" uspid="33" ordinal="5" offset="38" sl="70" sc="13" el="73" ec="15" bec="0" bev="0" fileid="1" />
                <SequencePoint vc="1" uspid="34" ordinal="6" offset="58" sl="74" sc="13" el="74" ec="41" bec="0" bev="0" fileid="1" />
                <SequencePoint vc="1" uspid="35" ordinal="7" offset="67" sl="75" sc="13" el="75" ec="51" bec="0" bev="0" fileid="1" />
                <SequencePoint vc="1" uspid="36" ordinal="8" offset="76" sl="77" sc="9" el="77" ec="10" bec="0" bev="0" fileid="1" />
              </SequencePoints>
              <BranchPoints />
              <MethodPoint xsi:type="SequencePoint" vc="1" uspid="28" ordinal="0" offset="0" sl="65" sc="9" el="65" ec="10" bec="0" bev="0" fileid="1" />
            </Method>
            <Method visited="true" cyclomaticComplexity="1" nPathComplexity="0" sequenceCoverage="100" branchCoverage="100" isConstructor="false" isStatic="false" isGetter="false" isSetter="false">
              <Summary numSequencePoints="4" visitedSequencePoints="4" numBranchPoints="1" visitedBranchPoints="1" sequenceCoverage="100" branchCoverage="100" maxCyclomaticComplexity="1" minCyclomaticComplexity="1" visitedClasses="0" numClasses="0" visitedMethods="1" numMethods="1" />
              <MetadataToken>100663363</MetadataToken>
              <Name>System.Void DomainModel.Repository.Tests.DBRepositoryTests::Create_NullId_ThrowsException()</Name>
              <FileRef uid="1" />
              <SequencePoints>
                <SequencePoint vc="1" uspid="37" ordinal="0" offset="6" sl="81" sc="9" el="81" ec="10" bec="0" bev="0" fileid="1" />
                <SequencePoint vc="1" uspid="38" ordinal="1" offset="7" sl="82" sc="13" el="82" ec="77" bec="0" bev="0" fileid="1" />
                <SequencePoint vc="1" uspid="39" ordinal="2" offset="30" sl="83" sc="13" el="83" ec="98" bec="0" bev="0" fileid="1" />
                <SequencePoint vc="1" uspid="40" ordinal="3" offset="48" sl="84" sc="9" el="84" ec="10" bec="0" bev="0" fileid="1" />
              </SequencePoints>
              <BranchPoints />
              <MethodPoint vc="1" uspid="41" ordinal="0" offset="0" />
            </Method>
            <Method visited="true" cyclomaticComplexity="1" nPathComplexity="0" sequenceCoverage="100" branchCoverage="100" isConstructor="false" isStatic="false" isGetter="false" isSetter="false">
              <Summary numSequencePoints="4" visitedSequencePoints="4" numBranchPoints="1" visitedBranchPoints="1" sequenceCoverage="100" branchCoverage="100" maxCyclomaticComplexity="1" minCyclomaticComplexity="1" visitedClasses="0" numClasses="0" visitedMethods="1" numMethods="1" />
              <MetadataToken>100663364</MetadataToken>
              <Name>System.Void DomainModel.Repository.Tests.DBRepositoryTests::Create_NullSubnet_ThrowsException()</Name>
              <FileRef uid="1" />
              <SequencePoints>
                <SequencePoint vc="1" uspid="42" ordinal="0" offset="6" sl="88" sc="9" el="88" ec="10" bec="0" bev="0" fileid="1" />
                <SequencePoint vc="1" uspid="43" ordinal="1" offset="7" sl="89" sc="13" el="89" ec="77" bec="0" bev="0" fileid="1" />
                <SequencePoint vc="1" uspid="44" ordinal="2" offset="30" sl="90" sc="13" el="90" ec="86" bec="0" bev="0" fileid="1" />
                <SequencePoint vc="1" uspid="45" ordinal="3" offset="48" sl="91" sc="9" el="91" ec="10" bec="0" bev="0" fileid="1" />
              </SequencePoints>
              <BranchPoints />
              <MethodPoint vc="1" uspid="46" ordinal="0" offset="0" />
            </Method>
            <Method visited="true" cyclomaticComplexity="1" nPathComplexity="0" sequenceCoverage="100" branchCoverage="100" isConstructor="false" isStatic="false" isGetter="false" isSetter="false">
              <Summary numSequencePoints="9" visitedSequencePoints="9" numBranchPoints="1" visitedBranchPoints="1" sequenceCoverage="100" branchCoverage="100" maxCyclomaticComplexity="1" minCyclomaticComplexity="1" visitedClasses="0" numClasses="0" visitedMethods="1" numMethods="1" />
              <MetadataToken>100663365</MetadataToken>
              <Name>System.Void DomainModel.Repository.Tests.DBRepositoryTests::Delete_ValidData_Success()</Name>
              <FileRef uid="1" />
              <SequencePoints>
                <SequencePoint vc="1" uspid="47" ordinal="0" offset="0" sl="96" sc="9" el="96" ec="10" bec="0" bev="0" fileid="1" />
                <SequencePoint vc="1" uspid="48" ordinal="1" offset="1" sl="97" sc="13" el="97" ec="33" bec="0" bev="0" fileid="1" />
                <SequencePoint vc="1" uspid="49" ordinal="2" offset="8" sl="98" sc="13" el="98" ec="31" bec="0" bev="0" fileid="1" />
                <SequencePoint vc="1" uspid="50" ordinal="3" offset="14" sl="99" sc="13" el="99" ec="47" bec="0" bev="0" fileid="1" />
                <SequencePoint vc="1" uspid="51" ordinal="4" offset="20" sl="100" sc="13" el="100" ec="77" bec="0" bev="0" fileid="1" />
                <SequencePoint vc="1" uspid="52" ordinal="5" offset="38" sl="101" sc="13" el="101" ec="41" bec="0" bev="0" fileid="1" />
                <SequencePoint vc="1" uspid="53" ordinal="6" offset="47" sl="102" sc="13" el="102" ec="29" bec="0" bev="0" fileid="1" />
                <SequencePoint vc="1" uspid="54" ordinal="7" offset="55" sl="103" sc="13" el="103" ec="61" bec="0" bev="0" fileid="1" />
                <SequencePoint vc="1" uspid="55" ordinal="8" offset="68" sl="105" sc="9" el="105" ec="10" bec="0" bev="0" fileid="1" />
              </SequencePoints>
              <BranchPoints />
              <MethodPoint xsi:type="SequencePoint" vc="1" uspid="47" ordinal="0" offset="0" sl="96" sc="9" el="96" ec="10" bec="0" bev="0" fileid="1" />
            </Method>
            <Method visited="true" cyclomaticComplexity="1" nPathComplexity="0" sequenceCoverage="100" branchCoverage="100" isConstructor="false" isStatic="false" isGetter="false" isSetter="false">
              <Summary numSequencePoints="4" visitedSequencePoints="4" numBranchPoints="1" visitedBranchPoints="1" sequenceCoverage="100" branchCoverage="100" maxCyclomaticComplexity="1" minCyclomaticComplexity="1" visitedClasses="0" numClasses="0" visitedMethods="1" numMethods="1" />
              <MetadataToken>100663366</MetadataToken>
              <Name>System.Void DomainModel.Repository.Tests.DBRepositoryTests::Delete_NullId_ThrowsException()</Name>
              <FileRef uid="1" />
              <SequencePoints>
                <SequencePoint vc="1" uspid="56" ordinal="0" offset="6" sl="109" sc="9" el="109" ec="10" bec="0" bev="0" fileid="1" />
                <SequencePoint vc="1" uspid="57" ordinal="1" offset="7" sl="110" sc="13" el="110" ec="77" bec="0" bev="0" fileid="1" />
                <SequencePoint vc="1" uspid="58" ordinal="2" offset="30" sl="111" sc="13" el="111" ec="75" bec="0" bev="0" fileid="1" />
                <SequencePoint vc="1" uspid="59" ordinal="3" offset="48" sl="112" sc="9" el="112" ec="10" bec="0" bev="0" fileid="1" />
              </SequencePoints>
              <BranchPoints />
              <MethodPoint vc="1" uspid="60" ordinal="0" offset="0" />
            </Method>
            <Method visited="true" cyclomaticComplexity="1" nPathComplexity="0" sequenceCoverage="100" branchCoverage="100" isConstructor="false" isStatic="false" isGetter="false" isSetter="false">
              <Summary numSequencePoints="11" visitedSequencePoints="11" numBranchPoints="1" visitedBranchPoints="1" sequenceCoverage="100" branchCoverage="100" maxCyclomaticComplexity="1" minCyclomaticComplexity="1" visitedClasses="0" numClasses="0" visitedMethods="1" numMethods="1" />
              <MetadataToken>100663367</MetadataToken>
              <Name>System.Void DomainModel.Repository.Tests.DBRepositoryTests::Edit_ValidData_Success()</Name>
              <FileRef uid="1" />
              <SequencePoints>
                <SequencePoint vc="1" uspid="61" ordinal="0" offset="0" sl="117" sc="9" el="117" ec="10" bec="0" bev="0" fileid="1" />
                <SequencePoint vc="1" uspid="62" ordinal="1" offset="1" sl="118" sc="13" el="118" ec="33" bec="0" bev="0" fileid="1" />
                <SequencePoint vc="1" uspid="63" ordinal="2" offset="8" sl="119" sc="13" el="119" ec="35" bec="0" bev="0" fileid="1" />
                <SequencePoint vc="1" uspid="64" ordinal="3" offset="14" sl="120" sc="13" el="120" ec="47" bec="0" bev="0" fileid="1" />
                <SequencePoint vc="1" uspid="65" ordinal="4" offset="20" sl="121" sc="13" el="121" ec="77" bec="0" bev="0" fileid="1" />
                <SequencePoint vc="1" uspid="66" ordinal="5" offset="38" sl="122" sc="13" el="122" ec="45" bec="0" bev="0" fileid="1" />
                <SequencePoint vc="1" uspid="67" ordinal="6" offset="47" sl="123" sc="13" el="123" ec="35" bec="0" bev="0" fileid="1" />
                <SequencePoint vc="1" uspid="68" ordinal="7" offset="53" sl="124" sc="13" el="127" ec="15" bec="0" bev="0" fileid="1" />
                <SequencePoint vc="1" uspid="69" ordinal="8" offset="74" sl="129" sc="13" el="129" ec="51" bec="0" bev="0" fileid="1" />
                <SequencePoint vc="1" uspid="70" ordinal="9" offset="84" sl="130" sc="13" el="130" ec="51" bec="0" bev="0" fileid="1" />
                <SequencePoint vc="1" uspid="71" ordinal="10" offset="94" sl="132" sc="9" el="132" ec="10" bec="0" bev="0" fileid="1" />
              </SequencePoints>
              <BranchPoints />
              <MethodPoint xsi:type="SequencePoint" vc="1" uspid="61" ordinal="0" offset="0" sl="117" sc="9" el="117" ec="10" bec="0" bev="0" fileid="1" />
            </Method>
            <Method visited="true" cyclomaticComplexity="1" nPathComplexity="0" sequenceCoverage="100" branchCoverage="100" isConstructor="false" isStatic="false" isGetter="false" isSetter="false">
              <Summary numSequencePoints="4" visitedSequencePoints="4" numBranchPoints="1" visitedBranchPoints="1" sequenceCoverage="100" branchCoverage="100" maxCyclomaticComplexity="1" minCyclomaticComplexity="1" visitedClasses="0" numClasses="0" visitedMethods="1" numMethods="1" />
              <MetadataToken>100663368</MetadataToken>
              <Name>System.Void DomainModel.Repository.Tests.DBRepositoryTests::Edit_NullOldId_ThrowsException()</Name>
              <FileRef uid="1" />
              <SequencePoints>
                <SequencePoint vc="1" uspid="72" ordinal="0" offset="6" sl="136" sc="9" el="136" ec="10" bec="0" bev="0" fileid="1" />
                <SequencePoint vc="1" uspid="73" ordinal="1" offset="7" sl="137" sc="13" el="137" ec="77" bec="0" bev="0" fileid="1" />
                <SequencePoint vc="1" uspid="74" ordinal="2" offset="30" sl="138" sc="13" el="138" ec="119" bec="0" bev="0" fileid="1" />
                <SequencePoint vc="1" uspid="75" ordinal="3" offset="48" sl="139" sc="9" el="139" ec="10" bec="0" bev="0" fileid="1" />
              </SequencePoints>
              <BranchPoints />
              <MethodPoint vc="1" uspid="76" ordinal="0" offset="0" />
            </Method>
            <Method visited="true" cyclomaticComplexity="1" nPathComplexity="0" sequenceCoverage="100" branchCoverage="100" isConstructor="false" isStatic="false" isGetter="false" isSetter="false">
              <Summary numSequencePoints="4" visitedSequencePoints="4" numBranchPoints="1" visitedBranchPoints="1" sequenceCoverage="100" branchCoverage="100" maxCyclomaticComplexity="1" minCyclomaticComplexity="1" visitedClasses="0" numClasses="0" visitedMethods="1" numMethods="1" />
              <MetadataToken>100663369</MetadataToken>
              <Name>System.Void DomainModel.Repository.Tests.DBRepositoryTests::Edit_NullNewId_ThrowsException()</Name>
              <FileRef uid="1" />
              <SequencePoints>
                <SequencePoint vc="1" uspid="77" ordinal="0" offset="6" sl="143" sc="9" el="143" ec="10" bec="0" bev="0" fileid="1" />
                <SequencePoint vc="1" uspid="78" ordinal="1" offset="7" sl="144" sc="13" el="144" ec="77" bec="0" bev="0" fileid="1" />
                <SequencePoint vc="1" uspid="79" ordinal="2" offset="30" sl="145" sc="13" el="145" ec="119" bec="0" bev="0" fileid="1" />
                <SequencePoint vc="1" uspid="80" ordinal="3" offset="48" sl="146" sc="9" el="146" ec="10" bec="0" bev="0" fileid="1" />
              </SequencePoints>
              <BranchPoints />
              <MethodPoint vc="1" uspid="81" ordinal="0" offset="0" />
            </Method>
            <Method visited="true" cyclomaticComplexity="1" nPathComplexity="0" sequenceCoverage="100" branchCoverage="100" isConstructor="false" isStatic="false" isGetter="false" isSetter="false">
              <Summary numSequencePoints="4" visitedSequencePoints="4" numBranchPoints="1" visitedBranchPoints="1" sequenceCoverage="100" branchCoverage="100" maxCyclomaticComplexity="1" minCyclomaticComplexity="1" visitedClasses="0" numClasses="0" visitedMethods="1" numMethods="1" />
              <MetadataToken>100663370</MetadataToken>
              <Name>System.Void DomainModel.Repository.Tests.DBRepositoryTests::Edit_NullSubnet_ThrowsException()</Name>
              <FileRef uid="1" />
              <SequencePoints>
                <SequencePoint vc="1" uspid="82" ordinal="0" offset="6" sl="150" sc="9" el="150" ec="10" bec="0" bev="0" fileid="1" />
                <SequencePoint vc="1" uspid="83" ordinal="1" offset="7" sl="151" sc="13" el="151" ec="77" bec="0" bev="0" fileid="1" />
                <SequencePoint vc="1" uspid="84" ordinal="2" offset="30" sl="152" sc="13" el="152" ec="99" bec="0" bev="0" fileid="1" />
                <SequencePoint vc="1" uspid="85" ordinal="3" offset="48" sl="153" sc="9" el="153" ec="10" bec="0" bev="0" fileid="1" />
              </SequencePoints>
              <BranchPoints />
              <MethodPoint vc="1" uspid="86" ordinal="0" offset="0" />
            </Method>
            <Method visited="true" cyclomaticComplexity="1" nPathComplexity="0" sequenceCoverage="100" branchCoverage="100" isConstructor="false" isStatic="false" isGetter="false" isSetter="false">
              <Summary numSequencePoints="4" visitedSequencePoints="4" numBranchPoints="1" visitedBranchPoints="1" sequenceCoverage="100" branchCoverage="100" maxCyclomaticComplexity="1" minCyclomaticComplexity="1" visitedClasses="0" numClasses="0" visitedMethods="1" numMethods="1" />
              <MetadataToken>100663371</MetadataToken>
              <Name>System.Void DomainModel.Repository.Tests.DBRepositoryTests::TestRepositoryContent(DomainModel.Repository.IRepository,System.Collections.Generic.List`1&lt;DomainModel.Models.Subnet&gt;)</Name>
              <FileRef uid="1" />
              <SequencePoints>
                <SequencePoint vc="3" uspid="87" ordinal="0" offset="0" sl="157" sc="9" el="157" ec="10" bec="0" bev="0" fileid="1" />
                <SequencePoint vc="3" uspid="88" ordinal="1" offset="1" sl="158" sc="13" el="158" ec="44" bec="0" bev="0" fileid="1" />
                <SequencePoint vc="3" uspid="89" ordinal="2" offset="8" sl="159" sc="13" el="159" ec="63" bec="0" bev="0" fileid="1" />
                <SequencePoint vc="3" uspid="90" ordinal="3" offset="16" sl="160" sc="9" el="160" ec="10" bec="0" bev="0" fileid="1" />
              </SequencePoints>
              <BranchPoints />
              <MethodPoint xsi:type="SequencePoint" vc="3" uspid="87" ordinal="0" offset="0" sl="157" sc="9" el="157" ec="10" bec="0" bev="0" fileid="1" />
            </Method>
            <Method visited="true" cyclomaticComplexity="3" nPathComplexity="0" sequenceCoverage="100" branchCoverage="100" isConstructor="false" isStatic="false" isGetter="false" isSetter="false">
              <Summary numSequencePoints="9" visitedSequencePoints="9" numBranchPoints="1" visitedBranchPoints="1" sequenceCoverage="100" branchCoverage="100" maxCyclomaticComplexity="3" minCyclomaticComplexity="3" visitedClasses="0" numClasses="0" visitedMethods="1" numMethods="1" />
              <MetadataToken>100663372</MetadataToken>
              <Name>System.Void DomainModel.Repository.Tests.DBRepositoryTests::RecreateTestTable()</Name>
              <FileRef uid="1" />
              <SequencePoints>
                <SequencePoint vc="3" uspid="91" ordinal="0" offset="0" sl="162" sc="9" el="162" ec="10" bec="0" bev="0" fileid="1" />
                <SequencePoint vc="3" uspid="92" ordinal="1" offset="1" sl="163" sc="13" el="167" ec="44" bec="0" bev="0" fileid="1" />
                <SequencePoint vc="3" uspid="93" ordinal="2" offset="24" sl="169" sc="20" el="169" ec="78" bec="0" bev="0" fileid="1" />
                <SequencePoint vc="3" uspid="94" ordinal="3" offset="36" sl="170" sc="13" el="170" ec="14" bec="0" bev="0" fileid="1" />
                <SequencePoint vc="3" uspid="95" ordinal="4" offset="37" sl="171" sc="17" el="171" ec="35" bec="0" bev="0" fileid="1" />
                <SequencePoint vc="3" uspid="96" ordinal="5" offset="44" sl="172" sc="24" el="172" ec="80" bec="0" bev="0" fileid="1" />
                <SequencePoint vc="3" uspid="97" ordinal="6" offset="52" sl="173" sc="21" el="173" ec="47" bec="0" bev="0" fileid="1" />
                <SequencePoint vc="3" uspid="98" ordinal="7" offset="72" sl="174" sc="13" el="174" ec="14" bec="0" bev="0" fileid="1" />
                <SequencePoint vc="3" uspid="99" ordinal="8" offset="86" sl="175" sc="9" el="175" ec="10" bec="0" bev="0" fileid="1" />
              </SequencePoints>
              <BranchPoints />
              <MethodPoint xsi:type="SequencePoint" vc="3" uspid="91" ordinal="0" offset="0" sl="162" sc="9" el="162" ec="10" bec="0" bev="0" fileid="1" />
            </Method>
            <Method visited="true" cyclomaticComplexity="1" nPathComplexity="0" sequenceCoverage="100" branchCoverage="100" isConstructor="false" isStatic="false" isGetter="false" isSetter="false">
              <Summary numSequencePoints="1" visitedSequencePoints="1" numBranchPoints="1" visitedBranchPoints="1" sequenceCoverage="100" branchCoverage="100" maxCyclomaticComplexity="1" minCyclomaticComplexity="1" visitedClasses="0" numClasses="0" visitedMethods="1" numMethods="1" />
              <MetadataToken>100663373</MetadataToken>
              <Name>System.Void DomainModel.Repository.Tests.DBRepositoryTests::&lt;DBRepository_RightConnectionString_Success&gt;b__4_0()</Name>
              <FileRef uid="1" />
              <SequencePoints>
                <SequencePoint vc="1" uspid="100" ordinal="0" offset="0" sl="41" sc="39" el="41" ec="79" bec="0" bev="0" fileid="1" />
              </SequencePoints>
              <BranchPoints />
              <MethodPoint xsi:type="SequencePoint" vc="1" uspid="100" ordinal="0" offset="0" sl="41" sc="39" el="41" ec="79" bec="0" bev="0" fileid="1" />
            </Method>
            <Method visited="true" cyclomaticComplexity="1" nPathComplexity="0" sequenceCoverage="100" branchCoverage="100" isConstructor="false" isStatic="false" isGetter="false" isSetter="false">
              <Summary numSequencePoints="1" visitedSequencePoints="1" numBranchPoints="1" visitedBranchPoints="1" sequenceCoverage="100" branchCoverage="100" maxCyclomaticComplexity="1" minCyclomaticComplexity="1" visitedClasses="0" numClasses="0" visitedMethods="1" numMethods="1" />
              <MetadataToken>100663374</MetadataToken>
              <Name>System.Void DomainModel.Repository.Tests.DBRepositoryTests::&lt;DBRepository_WrongConnectionString_ThrowsException&gt;b__5_0()</Name>
              <FileRef uid="1" />
              <SequencePoints>
                <SequencePoint vc="1" uspid="101" ordinal="0" offset="0" sl="47" sc="52" el="47" ec="92" bec="0" bev="0" fileid="1" />
              </SequencePoints>
              <BranchPoints />
              <MethodPoint xsi:type="SequencePoint" vc="1" uspid="101" ordinal="0" offset="0" sl="47" sc="52" el="47" ec="92" bec="0" bev="0" fileid="1" />
            </Method>
            <Method visited="true" cyclomaticComplexity="1" nPathComplexity="0" sequenceCoverage="100" branchCoverage="100" isConstructor="false" isStatic="false" isGetter="false" isSetter="false">
              <Summary numSequencePoints="1" visitedSequencePoints="1" numBranchPoints="1" visitedBranchPoints="1" sequenceCoverage="100" branchCoverage="100" maxCyclomaticComplexity="1" minCyclomaticComplexity="1" visitedClasses="0" numClasses="0" visitedMethods="1" numMethods="1" />
              <MetadataToken>100663375</MetadataToken>
              <Name>System.Void DomainModel.Repository.Tests.DBRepositoryTests::&lt;DBRepository_NullTableName_ThrowsException&gt;b__6_0()</Name>
              <FileRef uid="1" />
              <SequencePoints>
                <SequencePoint vc="1" uspid="102" ordinal="0" offset="0" sl="53" sc="56" el="53" ec="102" bec="0" bev="0" fileid="1" />
              </SequencePoints>
              <BranchPoints />
              <MethodPoint xsi:type="SequencePoint" vc="1" uspid="102" ordinal="0" offset="0" sl="53" sc="56" el="53" ec="102" bec="0" bev="0" fileid="1" />
            </Method>
          </Methods>
        </Class>
        <Class>
          <Summary numSequencePoints="1" visitedSequencePoints="1" numBranchPoints="1" visitedBranchPoints="1" sequenceCoverage="100" branchCoverage="100" maxCyclomaticComplexity="1" minCyclomaticComplexity="1" visitedClasses="1" numClasses="1" visitedMethods="1" numMethods="1" />
          <FullName>DomainModel.Repository.Tests.DBRepositoryTests/&lt;&gt;c</FullName>
          <Methods>
            <Method visited="true" cyclomaticComplexity="1" nPathComplexity="0" sequenceCoverage="0" branchCoverage="0" isConstructor="true" isStatic="true" isGetter="false" isSetter="false">
              <Summary numSequencePoints="0" visitedSequencePoints="0" numBranchPoints="0" visitedBranchPoints="0" sequenceCoverage="0" branchCoverage="0" maxCyclomaticComplexity="1" minCyclomaticComplexity="1" visitedClasses="0" numClasses="0" visitedMethods="0" numMethods="0" />
              <MetadataToken>100663409</MetadataToken>
              <Name>System.Void DomainModel.Repository.Tests.DBRepositoryTests/&lt;&gt;c::.cctor()</Name>
              <SequencePoints />
              <BranchPoints />
              <MethodPoint vc="1" uspid="103" ordinal="0" offset="0" />
            </Method>
            <Method visited="true" cyclomaticComplexity="1" nPathComplexity="0" sequenceCoverage="0" branchCoverage="0" isConstructor="true" isStatic="false" isGetter="false" isSetter="false">
              <Summary numSequencePoints="0" visitedSequencePoints="0" numBranchPoints="0" visitedBranchPoints="0" sequenceCoverage="0" branchCoverage="0" maxCyclomaticComplexity="1" minCyclomaticComplexity="1" visitedClasses="0" numClasses="0" visitedMethods="0" numMethods="0" />
              <MetadataToken>100663410</MetadataToken>
              <Name>System.Void DomainModel.Repository.Tests.DBRepositoryTests/&lt;&gt;c::.ctor()</Name>
              <SequencePoints />
              <BranchPoints />
              <MethodPoint vc="1" uspid="104" ordinal="0" offset="0" />
            </Method>
            <Method visited="true" cyclomaticComplexity="1" nPathComplexity="0" sequenceCoverage="100" branchCoverage="100" isConstructor="false" isStatic="false" isGetter="false" isSetter="false">
              <Summary numSequencePoints="1" visitedSequencePoints="1" numBranchPoints="1" visitedBranchPoints="1" sequenceCoverage="100" branchCoverage="100" maxCyclomaticComplexity="1" minCyclomaticComplexity="1" visitedClasses="0" numClasses="0" visitedMethods="1" numMethods="1" />
              <MetadataToken>100663411</MetadataToken>
              <Name>System.Void DomainModel.Repository.Tests.DBRepositoryTests/&lt;&gt;c::&lt;DBRepository_NullConnectionString_ThrowsException&gt;b__7_0()</Name>
              <FileRef uid="1" />
              <SequencePoints>
                <SequencePoint vc="1" uspid="105" ordinal="0" offset="0" sl="59" sc="56" el="59" ec="87" bec="0" bev="0" fileid="1" />
              </SequencePoints>
              <BranchPoints />
              <MethodPoint xsi:type="SequencePoint" vc="1" uspid="105" ordinal="0" offset="0" sl="59" sc="56" el="59" ec="87" bec="0" bev="0" fileid="1" />
            </Method>
          </Methods>
        </Class>
        <Class>
          <Summary numSequencePoints="1" visitedSequencePoints="1" numBranchPoints="1" visitedBranchPoints="1" sequenceCoverage="100" branchCoverage="100" maxCyclomaticComplexity="1" minCyclomaticComplexity="1" visitedClasses="1" numClasses="1" visitedMethods="1" numMethods="1" />
          <FullName>DomainModel.Repository.Tests.DBRepositoryTests/&lt;&gt;c__DisplayClass9_0</FullName>
          <Methods>
            <Method visited="true" cyclomaticComplexity="1" nPathComplexity="0" sequenceCoverage="0" branchCoverage="0" isConstructor="true" isStatic="false" isGetter="false" isSetter="false">
              <Summary numSequencePoints="0" visitedSequencePoints="0" numBranchPoints="0" visitedBranchPoints="0" sequenceCoverage="0" branchCoverage="0" maxCyclomaticComplexity="1" minCyclomaticComplexity="1" visitedClasses="0" numClasses="0" visitedMethods="0" numMethods="0" />
              <MetadataToken>100663412</MetadataToken>
              <Name>System.Void DomainModel.Repository.Tests.DBRepositoryTests/&lt;&gt;c__DisplayClass9_0::.ctor()</Name>
              <SequencePoints />
              <BranchPoints />
              <MethodPoint vc="1" uspid="106" ordinal="0" offset="0" />
            </Method>
            <Method visited="true" cyclomaticComplexity="1" nPathComplexity="0" sequenceCoverage="100" branchCoverage="100" isConstructor="false" isStatic="false" isGetter="false" isSetter="false">
              <Summary numSequencePoints="1" visitedSequencePoints="1" numBranchPoints="1" visitedBranchPoints="1" sequenceCoverage="100" branchCoverage="100" maxCyclomaticComplexity="1" minCyclomaticComplexity="1" visitedClasses="0" numClasses="0" visitedMethods="1" numMethods="1" />
              <MetadataToken>100663413</MetadataToken>
              <Name>System.Void DomainModel.Repository.Tests.DBRepositoryTests/&lt;&gt;c__DisplayClass9_0::&lt;Create_NullId_ThrowsException&gt;b__0()</Name>
              <FileRef uid="1" />
              <SequencePoints>
                <SequencePoint vc="1" uspid="107" ordinal="0" offset="0" sl="83" sc="56" el="83" ec="96" bec="0" bev="0" fileid="1" />
              </SequencePoints>
              <BranchPoints />
              <MethodPoint xsi:type="SequencePoint" vc="1" uspid="107" ordinal="0" offset="0" sl="83" sc="56" el="83" ec="96" bec="0" bev="0" fileid="1" />
            </Method>
          </Methods>
        </Class>
        <Class>
          <Summary numSequencePoints="1" visitedSequencePoints="1" numBranchPoints="1" visitedBranchPoints="1" sequenceCoverage="100" branchCoverage="100" maxCyclomaticComplexity="1" minCyclomaticComplexity="1" visitedClasses="1" numClasses="1" visitedMethods="1" numMethods="1" />
          <FullName>DomainModel.Repository.Tests.DBRepositoryTests/&lt;&gt;c__DisplayClass10_0</FullName>
          <Methods>
            <Method visited="true" cyclomaticComplexity="1" nPathComplexity="0" sequenceCoverage="0" branchCoverage="0" isConstructor="true" isStatic="false" isGetter="false" isSetter="false">
              <Summary numSequencePoints="0" visitedSequencePoints="0" numBranchPoints="0" visitedBranchPoints="0" sequenceCoverage="0" branchCoverage="0" maxCyclomaticComplexity="1" minCyclomaticComplexity="1" visitedClasses="0" numClasses="0" visitedMethods="0" numMethods="0" />
              <MetadataToken>100663414</MetadataToken>
              <Name>System.Void DomainModel.Repository.Tests.DBRepositoryTests/&lt;&gt;c__DisplayClass10_0::.ctor()</Name>
              <SequencePoints />
              <BranchPoints />
              <MethodPoint vc="1" uspid="108" ordinal="0" offset="0" />
            </Method>
            <Method visited="true" cyclomaticComplexity="1" nPathComplexity="0" sequenceCoverage="100" branchCoverage="100" isConstructor="false" isStatic="false" isGetter="false" isSetter="false">
              <Summary numSequencePoints="1" visitedSequencePoints="1" numBranchPoints="1" visitedBranchPoints="1" sequenceCoverage="100" branchCoverage="100" maxCyclomaticComplexity="1" minCyclomaticComplexity="1" visitedClasses="0" numClasses="0" visitedMethods="1" numMethods="1" />
              <MetadataToken>100663415</MetadataToken>
              <Name>System.Void DomainModel.Repository.Tests.DBRepositoryTests/&lt;&gt;c__DisplayClass10_0::&lt;Create_NullSubnet_ThrowsException&gt;b__0()</Name>
              <FileRef uid="1" />
              <SequencePoints>
                <SequencePoint vc="1" uspid="109" ordinal="0" offset="0" sl="90" sc="56" el="90" ec="84" bec="0" bev="0" fileid="1" />
              </SequencePoints>
              <BranchPoints />
              <MethodPoint xsi:type="SequencePoint" vc="1" uspid="109" ordinal="0" offset="0" sl="90" sc="56" el="90" ec="84" bec="0" bev="0" fileid="1" />
            </Method>
          </Methods>
        </Class>
        <Class>
          <Summary numSequencePoints="1" visitedSequencePoints="1" numBranchPoints="1" visitedBranchPoints="1" sequenceCoverage="100" branchCoverage="100" maxCyclomaticComplexity="1" minCyclomaticComplexity="1" visitedClasses="1" numClasses="1" visitedMethods="1" numMethods="1" />
          <FullName>DomainModel.Repository.Tests.DBRepositoryTests/&lt;&gt;c__DisplayClass12_0</FullName>
          <Methods>
            <Method visited="true" cyclomaticComplexity="1" nPathComplexity="0" sequenceCoverage="0" branchCoverage="0" isConstructor="true" isStatic="false" isGetter="false" isSetter="false">
              <Summary numSequencePoints="0" visitedSequencePoints="0" numBranchPoints="0" visitedBranchPoints="0" sequenceCoverage="0" branchCoverage="0" maxCyclomaticComplexity="1" minCyclomaticComplexity="1" visitedClasses="0" numClasses="0" visitedMethods="0" numMethods="0" />
              <MetadataToken>100663416</MetadataToken>
              <Name>System.Void DomainModel.Repository.Tests.DBRepositoryTests/&lt;&gt;c__DisplayClass12_0::.ctor()</Name>
              <SequencePoints />
              <BranchPoints />
              <MethodPoint vc="1" uspid="110" ordinal="0" offset="0" />
            </Method>
            <Method visited="true" cyclomaticComplexity="1" nPathComplexity="0" sequenceCoverage="100" branchCoverage="100" isConstructor="false" isStatic="false" isGetter="false" isSetter="false">
              <Summary numSequencePoints="1" visitedSequencePoints="1" numBranchPoints="1" visitedBranchPoints="1" sequenceCoverage="100" branchCoverage="100" maxCyclomaticComplexity="1" minCyclomaticComplexity="1" visitedClasses="0" numClasses="0" visitedMethods="1" numMethods="1" />
              <MetadataToken>100663417</MetadataToken>
              <Name>System.Void DomainModel.Repository.Tests.DBRepositoryTests/&lt;&gt;c__DisplayClass12_0::&lt;Delete_NullId_ThrowsException&gt;b__0()</Name>
              <FileRef uid="1" />
              <SequencePoints>
                <SequencePoint vc="1" uspid="111" ordinal="0" offset="0" sl="111" sc="56" el="111" ec="73" bec="0" bev="0" fileid="1" />
              </SequencePoints>
              <BranchPoints />
              <MethodPoint xsi:type="SequencePoint" vc="1" uspid="111" ordinal="0" offset="0" sl="111" sc="56" el="111" ec="73" bec="0" bev="0" fileid="1" />
            </Method>
          </Methods>
        </Class>
        <Class>
          <Summary numSequencePoints="1" visitedSequencePoints="1" numBranchPoints="1" visitedBranchPoints="1" sequenceCoverage="100" branchCoverage="100" maxCyclomaticComplexity="1" minCyclomaticComplexity="1" visitedClasses="1" numClasses="1" visitedMethods="1" numMethods="1" />
          <FullName>DomainModel.Repository.Tests.DBRepositoryTests/&lt;&gt;c__DisplayClass14_0</FullName>
          <Methods>
            <Method visited="true" cyclomaticComplexity="1" nPathComplexity="0" sequenceCoverage="0" branchCoverage="0" isConstructor="true" isStatic="false" isGetter="false" isSetter="false">
              <Summary numSequencePoints="0" visitedSequencePoints="0" numBranchPoints="0" visitedBranchPoints="0" sequenceCoverage="0" branchCoverage="0" maxCyclomaticComplexity="1" minCyclomaticComplexity="1" visitedClasses="0" numClasses="0" visitedMethods="0" numMethods="0" />
              <MetadataToken>100663418</MetadataToken>
              <Name>System.Void DomainModel.Repository.Tests.DBRepositoryTests/&lt;&gt;c__DisplayClass14_0::.ctor()</Name>
              <SequencePoints />
              <BranchPoints />
              <MethodPoint vc="1" uspid="112" ordinal="0" offset="0" />
            </Method>
            <Method visited="true" cyclomaticComplexity="1" nPathComplexity="0" sequenceCoverage="100" branchCoverage="100" isConstructor="false" isStatic="false" isGetter="false" isSetter="false">
              <Summary numSequencePoints="1" visitedSequencePoints="1" numBranchPoints="1" visitedBranchPoints="1" sequenceCoverage="100" branchCoverage="100" maxCyclomaticComplexity="1" minCyclomaticComplexity="1" visitedClasses="0" numClasses="0" visitedMethods="1" numMethods="1" />
              <MetadataToken>100663419</MetadataToken>
              <Name>System.Void DomainModel.Repository.Tests.DBRepositoryTests/&lt;&gt;c__DisplayClass14_0::&lt;Edit_NullOldId_ThrowsException&gt;b__0()</Name>
              <FileRef uid="1" />
              <SequencePoints>
                <SequencePoint vc="1" uspid="113" ordinal="0" offset="0" sl="138" sc="56" el="138" ec="117" bec="0" bev="0" fileid="1" />
              </SequencePoints>
              <BranchPoints />
              <MethodPoint xsi:type="SequencePoint" vc="1" uspid="113" ordinal="0" offset="0" sl="138" sc="56" el="138" ec="117" bec="0" bev="0" fileid="1" />
            </Method>
          </Methods>
        </Class>
        <Class>
          <Summary numSequencePoints="1" visitedSequencePoints="1" numBranchPoints="1" visitedBranchPoints="1" sequenceCoverage="100" branchCoverage="100" maxCyclomaticComplexity="1" minCyclomaticComplexity="1" visitedClasses="1" numClasses="1" visitedMethods="1" numMethods="1" />
          <FullName>DomainModel.Repository.Tests.DBRepositoryTests/&lt;&gt;c__DisplayClass15_0</FullName>
          <Methods>
            <Method visited="true" cyclomaticComplexity="1" nPathComplexity="0" sequenceCoverage="0" branchCoverage="0" isConstructor="true" isStatic="false" isGetter="false" isSetter="false">
              <Summary numSequencePoints="0" visitedSequencePoints="0" numBranchPoints="0" visitedBranchPoints="0" sequenceCoverage="0" branchCoverage="0" maxCyclomaticComplexity="1" minCyclomaticComplexity="1" visitedClasses="0" numClasses="0" visitedMethods="0" numMethods="0" />
              <MetadataToken>100663420</MetadataToken>
              <Name>System.Void DomainModel.Repository.Tests.DBRepositoryTests/&lt;&gt;c__DisplayClass15_0::.ctor()</Name>
              <SequencePoints />
              <BranchPoints />
              <MethodPoint vc="1" uspid="114" ordinal="0" offset="0" />
            </Method>
            <Method visited="true" cyclomaticComplexity="1" nPathComplexity="0" sequenceCoverage="100" branchCoverage="100" isConstructor="false" isStatic="false" isGetter="false" isSetter="false">
              <Summary numSequencePoints="1" visitedSequencePoints="1" numBranchPoints="1" visitedBranchPoints="1" sequenceCoverage="100" branchCoverage="100" maxCyclomaticComplexity="1" minCyclomaticComplexity="1" visitedClasses="0" numClasses="0" visitedMethods="1" numMethods="1" />
              <MetadataToken>100663421</MetadataToken>
              <Name>System.Void DomainModel.Repository.Tests.DBRepositoryTests/&lt;&gt;c__DisplayClass15_0::&lt;Edit_NullNewId_ThrowsException&gt;b__0()</Name>
              <FileRef uid="1" />
              <SequencePoints>
                <SequencePoint vc="1" uspid="115" ordinal="0" offset="0" sl="145" sc="56" el="145" ec="117" bec="0" bev="0" fileid="1" />
              </SequencePoints>
              <BranchPoints />
              <MethodPoint xsi:type="SequencePoint" vc="1" uspid="115" ordinal="0" offset="0" sl="145" sc="56" el="145" ec="117" bec="0" bev="0" fileid="1" />
            </Method>
          </Methods>
        </Class>
        <Class>
          <Summary numSequencePoints="1" visitedSequencePoints="1" numBranchPoints="1" visitedBranchPoints="1" sequenceCoverage="100" branchCoverage="100" maxCyclomaticComplexity="1" minCyclomaticComplexity="1" visitedClasses="1" numClasses="1" visitedMethods="1" numMethods="1" />
          <FullName>DomainModel.Repository.Tests.DBRepositoryTests/&lt;&gt;c__DisplayClass16_0</FullName>
          <Methods>
            <Method visited="true" cyclomaticComplexity="1" nPathComplexity="0" sequenceCoverage="0" branchCoverage="0" isConstructor="true" isStatic="false" isGetter="false" isSetter="false">
              <Summary numSequencePoints="0" visitedSequencePoints="0" numBranchPoints="0" visitedBranchPoints="0" sequenceCoverage="0" branchCoverage="0" maxCyclomaticComplexity="1" minCyclomaticComplexity="1" visitedClasses="0" numClasses="0" visitedMethods="0" numMethods="0" />
              <MetadataToken>100663422</MetadataToken>
              <Name>System.Void DomainModel.Repository.Tests.DBRepositoryTests/&lt;&gt;c__DisplayClass16_0::.ctor()</Name>
              <SequencePoints />
              <BranchPoints />
              <MethodPoint vc="1" uspid="116" ordinal="0" offset="0" />
            </Method>
            <Method visited="true" cyclomaticComplexity="1" nPathComplexity="0" sequenceCoverage="100" branchCoverage="100" isConstructor="false" isStatic="false" isGetter="false" isSetter="false">
              <Summary numSequencePoints="1" visitedSequencePoints="1" numBranchPoints="1" visitedBranchPoints="1" sequenceCoverage="100" branchCoverage="100" maxCyclomaticComplexity="1" minCyclomaticComplexity="1" visitedClasses="0" numClasses="0" visitedMethods="1" numMethods="1" />
              <MetadataToken>100663423</MetadataToken>
              <Name>System.Void DomainModel.Repository.Tests.DBRepositoryTests/&lt;&gt;c__DisplayClass16_0::&lt;Edit_NullSubnet_ThrowsException&gt;b__0()</Name>
              <FileRef uid="1" />
              <SequencePoints>
                <SequencePoint vc="1" uspid="117" ordinal="0" offset="0" sl="152" sc="56" el="152" ec="97" bec="0" bev="0" fileid="1" />
              </SequencePoints>
              <BranchPoints />
              <MethodPoint xsi:type="SequencePoint" vc="1" uspid="117" ordinal="0" offset="0" sl="152" sc="56" el="152" ec="97" bec="0" bev="0" fileid="1" />
            </Method>
          </Methods>
        </Class>
        <Class>
          <Summary numSequencePoints="33" visitedSequencePoints="33" numBranchPoints="8" visitedBranchPoints="8" sequenceCoverage="100" branchCoverage="100" maxCyclomaticComplexity="1" minCyclomaticComplexity="1" visitedClasses="1" numClasses="1" visitedMethods="8" numMethods="8" />
          <FullName>DomainModel.Models.Tests.ValidationLogTests</FullName>
          <Methods>
            <Method visited="true" cyclomaticComplexity="1" nPathComplexity="0" sequenceCoverage="100" branchCoverage="100" isConstructor="false" isStatic="false" isGetter="false" isSetter="false">
              <Summary numSequencePoints="5" visitedSequencePoints="5" numBranchPoints="1" visitedBranchPoints="1" sequenceCoverage="100" branchCoverage="100" maxCyclomaticComplexity="1" minCyclomaticComplexity="1" visitedClasses="0" numClasses="0" visitedMethods="1" numMethods="1" />
              <MetadataToken>100663376</MetadataToken>
              <Name>System.Void DomainModel.Models.Tests.ValidationLogTests::ValidationLog_ValidParams_Success()</Name>
              <FileRef uid="9" />
              <SequencePoints>
                <SequencePoint vc="1" uspid="118" ordinal="0" offset="0" sl="11" sc="9" el="11" ec="10" bec="0" bev="0" fileid="9" />
                <SequencePoint vc="1" uspid="119" ordinal="1" offset="1" sl="12" sc="13" el="12" ec="78" bec="0" bev="0" fileid="9" />
                <SequencePoint vc="1" uspid="120" ordinal="2" offset="9" sl="14" sc="13" el="14" ec="59" bec="0" bev="0" fileid="9" />
                <SequencePoint vc="1" uspid="121" ordinal="3" offset="32" sl="15" sc="13" el="15" ec="63" bec="0" bev="0" fileid="9" />
                <SequencePoint vc="1" uspid="122" ordinal="4" offset="55" sl="16" sc="9" el="16" ec="10" bec="0" bev="0" fileid="9" />
              </SequencePoints>
              <BranchPoints />
              <MethodPoint xsi:type="SequencePoint" vc="1" uspid="118" ordinal="0" offset="0" sl="11" sc="9" el="11" ec="10" bec="0" bev="0" fileid="9" />
            </Method>
            <Method visited="true" cyclomaticComplexity="1" nPathComplexity="0" sequenceCoverage="100" branchCoverage="100" isConstructor="false" isStatic="false" isGetter="false" isSetter="false">
              <Summary numSequencePoints="4" visitedSequencePoints="4" numBranchPoints="1" visitedBranchPoints="1" sequenceCoverage="100" branchCoverage="100" maxCyclomaticComplexity="1" minCyclomaticComplexity="1" visitedClasses="0" numClasses="0" visitedMethods="1" numMethods="1" />
              <MetadataToken>100663377</MetadataToken>
              <Name>System.Void DomainModel.Models.Tests.ValidationLogTests::ToString_IdNoErrors_Success()</Name>
              <FileRef uid="9" />
              <SequencePoints>
                <SequencePoint vc="1" uspid="123" ordinal="0" offset="0" sl="20" sc="9" el="20" ec="10" bec="0" bev="0" fileid="9" />
                <SequencePoint vc="1" uspid="124" ordinal="1" offset="1" sl="21" sc="13" el="21" ec="78" bec="0" bev="0" fileid="9" />
                <SequencePoint vc="1" uspid="125" ordinal="2" offset="9" sl="23" sc="13" el="23" ec="76" bec="0" bev="0" fileid="9" />
                <SequencePoint vc="1" uspid="126" ordinal="3" offset="26" sl="24" sc="9" el="24" ec="10" bec="0" bev="0" fileid="9" />
              </SequencePoints>
              <BranchPoints />
              <MethodPoint xsi:type="SequencePoint" vc="1" uspid="123" ordinal="0" offset="0" sl="20" sc="9" el="20" ec="10" bec="0" bev="0" fileid="9" />
            </Method>
            <Method visited="true" cyclomaticComplexity="1" nPathComplexity="0" sequenceCoverage="100" branchCoverage="100" isConstructor="false" isStatic="false" isGetter="false" isSetter="false">
              <Summary numSequencePoints="4" visitedSequencePoints="4" numBranchPoints="1" visitedBranchPoints="1" sequenceCoverage="100" branchCoverage="100" maxCyclomaticComplexity="1" minCyclomaticComplexity="1" visitedClasses="0" numClasses="0" visitedMethods="1" numMethods="1" />
              <MetadataToken>100663378</MetadataToken>
              <Name>System.Void DomainModel.Models.Tests.ValidationLogTests::ToString_IdNotUnique_Success()</Name>
              <FileRef uid="9" />
              <SequencePoints>
                <SequencePoint vc="1" uspid="127" ordinal="0" offset="0" sl="28" sc="9" el="28" ec="10" bec="0" bev="0" fileid="9" />
                <SequencePoint vc="1" uspid="128" ordinal="1" offset="1" sl="29" sc="13" el="29" ec="79" bec="0" bev="0" fileid="9" />
                <SequencePoint vc="1" uspid="129" ordinal="2" offset="9" sl="31" sc="13" el="31" ec="78" bec="0" bev="0" fileid="9" />
                <SequencePoint vc="1" uspid="130" ordinal="3" offset="26" sl="32" sc="9" el="32" ec="10" bec="0" bev="0" fileid="9" />
              </SequencePoints>
              <BranchPoints />
              <MethodPoint xsi:type="SequencePoint" vc="1" uspid="127" ordinal="0" offset="0" sl="28" sc="9" el="28" ec="10" bec="0" bev="0" fileid="9" />
            </Method>
            <Method visited="true" cyclomaticComplexity="1" nPathComplexity="0" sequenceCoverage="100" branchCoverage="100" isConstructor="false" isStatic="false" isGetter="false" isSetter="false">
              <Summary numSequencePoints="4" visitedSequencePoints="4" numBranchPoints="1" visitedBranchPoints="1" sequenceCoverage="100" branchCoverage="100" maxCyclomaticComplexity="1" minCyclomaticComplexity="1" visitedClasses="0" numClasses="0" visitedMethods="1" numMethods="1" />
              <MetadataToken>100663379</MetadataToken>
              <Name>System.Void DomainModel.Models.Tests.ValidationLogTests::ToString_IdNotExists_Success()</Name>
              <FileRef uid="9" />
              <SequencePoints>
                <SequencePoint vc="1" uspid="131" ordinal="0" offset="0" sl="36" sc="9" el="36" ec="10" bec="0" bev="0" fileid="9" />
                <SequencePoint vc="1" uspid="132" ordinal="1" offset="1" sl="37" sc="13" el="37" ec="79" bec="0" bev="0" fileid="9" />
                <SequencePoint vc="1" uspid="133" ordinal="2" offset="9" sl="39" sc="13" el="39" ec="80" bec="0" bev="0" fileid="9" />
                <SequencePoint vc="1" uspid="134" ordinal="3" offset="26" sl="40" sc="9" el="40" ec="10" bec="0" bev="0" fileid="9" />
              </SequencePoints>
              <BranchPoints />
              <MethodPoint xsi:type="SequencePoint" vc="1" uspid="131" ordinal="0" offset="0" sl="36" sc="9" el="36" ec="10" bec="0" bev="0" fileid="9" />
            </Method>
            <Method visited="true" cyclomaticComplexity="1" nPathComplexity="0" sequenceCoverage="100" branchCoverage="100" isConstructor="false" isStatic="false" isGetter="false" isSetter="false">
              <Summary numSequencePoints="4" visitedSequencePoints="4" numBranchPoints="1" visitedBranchPoints="1" sequenceCoverage="100" branchCoverage="100" maxCyclomaticComplexity="1" minCyclomaticComplexity="1" visitedClasses="0" numClasses="0" visitedMethods="1" numMethods="1" />
              <MetadataToken>100663380</MetadataToken>
              <Name>System.Void DomainModel.Models.Tests.ValidationLogTests::ToString_IdInvalid_Success()</Name>
              <FileRef uid="9" />
              <SequencePoints>
                <SequencePoint vc="1" uspid="135" ordinal="0" offset="0" sl="44" sc="9" el="44" ec="10" bec="0" bev="0" fileid="9" />
                <SequencePoint vc="1" uspid="136" ordinal="1" offset="1" sl="45" sc="13" el="45" ec="77" bec="0" bev="0" fileid="9" />
                <SequencePoint vc="1" uspid="137" ordinal="2" offset="9" sl="47" sc="13" el="47" ec="82" bec="0" bev="0" fileid="9" />
                <SequencePoint vc="1" uspid="138" ordinal="3" offset="26" sl="48" sc="9" el="48" ec="10" bec="0" bev="0" fileid="9" />
              </SequencePoints>
              <BranchPoints />
              <MethodPoint xsi:type="SequencePoint" vc="1" uspid="135" ordinal="0" offset="0" sl="44" sc="9" el="44" ec="10" bec="0" bev="0" fileid="9" />
            </Method>
            <Method visited="true" cyclomaticComplexity="1" nPathComplexity="0" sequenceCoverage="100" branchCoverage="100" isConstructor="false" isStatic="false" isGetter="false" isSetter="false">
              <Summary numSequencePoints="4" visitedSequencePoints="4" numBranchPoints="1" visitedBranchPoints="1" sequenceCoverage="100" branchCoverage="100" maxCyclomaticComplexity="1" minCyclomaticComplexity="1" visitedClasses="0" numClasses="0" visitedMethods="1" numMethods="1" />
              <MetadataToken>100663381</MetadataToken>
              <Name>System.Void DomainModel.Models.Tests.ValidationLogTests::ToString_AddressInvalid_Success()</Name>
              <FileRef uid="9" />
              <SequencePoints>
                <SequencePoint vc="1" uspid="139" ordinal="0" offset="0" sl="52" sc="9" el="52" ec="10" bec="0" bev="0" fileid="9" />
                <SequencePoint vc="1" uspid="140" ordinal="1" offset="1" sl="53" sc="13" el="53" ec="82" bec="0" bev="0" fileid="9" />
                <SequencePoint vc="1" uspid="141" ordinal="2" offset="9" sl="55" sc="13" el="55" ec="74" bec="0" bev="0" fileid="9" />
                <SequencePoint vc="1" uspid="142" ordinal="3" offset="26" sl="56" sc="9" el="56" ec="10" bec="0" bev="0" fileid="9" />
              </SequencePoints>
              <BranchPoints />
              <MethodPoint xsi:type="SequencePoint" vc="1" uspid="139" ordinal="0" offset="0" sl="52" sc="9" el="52" ec="10" bec="0" bev="0" fileid="9" />
            </Method>
            <Method visited="true" cyclomaticComplexity="1" nPathComplexity="0" sequenceCoverage="100" branchCoverage="100" isConstructor="false" isStatic="false" isGetter="false" isSetter="false">
              <Summary numSequencePoints="4" visitedSequencePoints="4" numBranchPoints="1" visitedBranchPoints="1" sequenceCoverage="100" branchCoverage="100" maxCyclomaticComplexity="1" minCyclomaticComplexity="1" visitedClasses="0" numClasses="0" visitedMethods="1" numMethods="1" />
              <MetadataToken>100663382</MetadataToken>
              <Name>System.Void DomainModel.Models.Tests.ValidationLogTests::ToString_MaskInvalid_Success()</Name>
              <FileRef uid="9" />
              <SequencePoints>
                <SequencePoint vc="1" uspid="143" ordinal="0" offset="0" sl="60" sc="9" el="60" ec="10" bec="0" bev="0" fileid="9" />
                <SequencePoint vc="1" uspid="144" ordinal="1" offset="1" sl="61" sc="13" el="61" ec="79" bec="0" bev="0" fileid="9" />
                <SequencePoint vc="1" uspid="145" ordinal="2" offset="9" sl="63" sc="13" el="63" ec="74" bec="0" bev="0" fileid="9" />
                <SequencePoint vc="1" uspid="146" ordinal="3" offset="26" sl="64" sc="9" el="64" ec="10" bec="0" bev="0" fileid="9" />
              </SequencePoints>
              <BranchPoints />
              <MethodPoint xsi:type="SequencePoint" vc="1" uspid="143" ordinal="0" offset="0" sl="60" sc="9" el="60" ec="10" bec="0" bev="0" fileid="9" />
            </Method>
            <Method visited="true" cyclomaticComplexity="1" nPathComplexity="0" sequenceCoverage="100" branchCoverage="100" isConstructor="false" isStatic="false" isGetter="false" isSetter="false">
              <Summary numSequencePoints="4" visitedSequencePoints="4" numBranchPoints="1" visitedBranchPoints="1" sequenceCoverage="100" branchCoverage="100" maxCyclomaticComplexity="1" minCyclomaticComplexity="1" visitedClasses="0" numClasses="0" visitedMethods="1" numMethods="1" />
              <MetadataToken>100663383</MetadataToken>
              <Name>System.Void DomainModel.Models.Tests.ValidationLogTests::ToString_EverythingIsFine_Success()</Name>
              <FileRef uid="9" />
              <SequencePoints>
                <SequencePoint vc="1" uspid="147" ordinal="0" offset="0" sl="68" sc="9" el="68" ec="10" bec="0" bev="0" fileid="9" />
                <SequencePoint vc="1" uspid="148" ordinal="1" offset="1" sl="69" sc="13" el="69" ec="86" bec="0" bev="0" fileid="9" />
                <SequencePoint vc="1" uspid="149" ordinal="2" offset="9" sl="71" sc="13" el="71" ec="66" bec="0" bev="0" fileid="9" />
                <SequencePoint vc="1" uspid="150" ordinal="3" offset="26" sl="72" sc="9" el="72" ec="10" bec="0" bev="0" fileid="9" />
              </SequencePoints>
              <BranchPoints />
              <MethodPoint xsi:type="SequencePoint" vc="1" uspid="147" ordinal="0" offset="0" sl="68" sc="9" el="68" ec="10" bec="0" bev="0" fileid="9" />
            </Method>
            <Method visited="true" cyclomaticComplexity="1" nPathComplexity="0" sequenceCoverage="0" branchCoverage="0" isConstructor="true" isStatic="false" isGetter="false" isSetter="false">
              <Summary numSequencePoints="0" visitedSequencePoints="0" numBranchPoints="0" visitedBranchPoints="0" sequenceCoverage="0" branchCoverage="0" maxCyclomaticComplexity="1" minCyclomaticComplexity="1" visitedClasses="0" numClasses="0" visitedMethods="0" numMethods="0" />
              <MetadataToken>100663384</MetadataToken>
              <Name>System.Void DomainModel.Models.Tests.ValidationLogTests::.ctor()</Name>
              <SequencePoints />
              <BranchPoints />
              <MethodPoint vc="1" uspid="151" ordinal="0" offset="0" />
            </Method>
          </Methods>
        </Class>
      </Classes>
    </Module>
    <Module skippedDueTo="Filter" hash="21-E4-90-B5-42-20-26-BA-49-19-94-C3-CA-93-44-7B-60-08-D7-1C">
      <ModulePath>C:\Windows\Microsoft.Net\assembly\GAC_MSIL\System.Xml\v4.0_4.0.0.0__b77a5c561934e089\System.Xml.dll</ModulePath>
      <ModuleTime>2017-06-06T11:17:36Z</ModuleTime>
      <ModuleName>System.Xml</ModuleName>
      <Classes />
    </Module>
    <Module skippedDueTo="Filter" hash="C4-70-7F-F9-A6-42-46-29-2F-07-22-01-7B-20-F8-01-B5-1D-B5-65">
      <ModulePath>C:\Windows\Microsoft.Net\assembly\GAC_64\System.Data\v4.0_4.0.0.0__b77a5c561934e089\System.Data.dll</ModulePath>
      <ModuleTime>2017-06-06T11:13:06Z</ModuleTime>
      <ModuleName>System.Data</ModuleName>
      <Classes />
    </Module>
    <Module skippedDueTo="Filter" hash="D5-70-14-31-85-3E-8A-7F-81-54-77-50-40-AB-F0-0E-60-2D-F8-DF">
      <ModulePath>C:\Windows\Microsoft.Net\assembly\GAC_MSIL\System.Data.resources\v4.0_4.0.0.0_ru_b77a5c561934e089\System.Data.resources.dll</ModulePath>
      <ModuleTime>2017-04-21T10:40:56Z</ModuleTime>
      <ModuleName>System.Data.resources</ModuleName>
      <Classes />
    </Module>
    <Module skippedDueTo="Filter" hash="FB-D4-0E-90-EA-AB-B0-1B-C4-12-8E-0A-26-C7-FA-75-AA-39-11-98">
      <ModulePath>C:\Windows\Microsoft.Net\assembly\GAC_MSIL\System.Configuration\v4.0_4.0.0.0__b03f5f7f11d50a3a\System.Configuration.dll</ModulePath>
      <ModuleTime>2017-04-21T09:53:36Z</ModuleTime>
      <ModuleName>System.Configuration</ModuleName>
      <Classes />
    </Module>
    <Module skippedDueTo="Filter" hash="22-0C-40-2B-79-9D-03-A6-B0-45-8F-23-CC-B0-10-73-A9-80-8E-E4">
      <ModulePath>C:\Windows\Microsoft.Net\assembly\GAC_64\System.Transactions\v4.0_4.0.0.0__b77a5c561934e089\System.Transactions.dll</ModulePath>
      <ModuleTime>2017-06-06T11:13:06Z</ModuleTime>
      <ModuleName>System.Transactions</ModuleName>
      <Classes />
    </Module>
    <Module skippedDueTo="Filter" hash="47-FA-87-D2-48-3D-9E-F9-70-AD-0B-6E-A7-3D-AA-E1-73-03-34-56">
      <ModulePath>C:\Windows\Microsoft.Net\assembly\GAC_64\System.EnterpriseServices\v4.0_4.0.0.0__b03f5f7f11d50a3a\System.EnterpriseServices.dll</ModulePath>
      <ModuleTime>2017-04-21T09:50:56Z</ModuleTime>
      <ModuleName>System.EnterpriseServices</ModuleName>
      <Classes />
    </Module>
    <Module hash="94-27-48-FB-13-B0-CB-8D-14-46-BA-0E-18-7E-BD-26-8A-E7-1B-A7">
      <Summary numSequencePoints="275" visitedSequencePoints="264" numBranchPoints="141" visitedBranchPoints="128" sequenceCoverage="96" branchCoverage="90.78" maxCyclomaticComplexity="9" minCyclomaticComplexity="1" visitedClasses="11" numClasses="11" visitedMethods="39" numMethods="39" />
      <ModulePath>C:\Users\golubev.dmitriy\Documents\Visual Studio 2015\Projects\Task 1\Task 1.Tests\bin\Debug\Task 1.dll</ModulePath>
      <ModuleTime>2017-08-08T10:19:16.5349378Z</ModuleTime>
      <ModuleName>Task 1</ModuleName>
      <Files>
        <File uid="19" fullPath="C:\Users\golubev.dmitriy\Documents\Visual Studio 2015\Projects\Task 1\Task 1\DomainModel\Service\SubnetContainerManager.cs" />
        <File uid="20" fullPath="C:\Users\golubev.dmitriy\Documents\Visual Studio 2015\Projects\Task 1\Task 1\DomainModel\Service\SubnetCoverageManager.cs" />
        <File uid="23" fullPath="C:\Users\golubev.dmitriy\Documents\Visual Studio 2015\Projects\Task 1\Task 1\DomainModel\Service\SubnetValidator.cs" />
        <File uid="25" fullPath="C:\Users\golubev.dmitriy\Documents\Visual Studio 2015\Projects\Task 1\Task 1\DomainModel\Repository\DBRepository.cs" />
        <File uid="28" fullPath="C:\Users\golubev.dmitriy\Documents\Visual Studio 2015\Projects\Task 1\Task 1\DomainModel\Models\ValidationLog.cs" />
        <File uid="29" fullPath="C:\Users\golubev.dmitriy\Documents\Visual Studio 2015\Projects\Task 1\Task 1\DomainModel\Models\Subnet.cs" />
      </Files>
      <Classes>
        <Class skippedDueTo="Filter">
          <FullName>&lt;Module&gt;</FullName>
[...]
              <MetadataToken>100663353</MetadataToken>
              <Name>LukeSkywalker.IPNetwork.IPNetwork DomainModel.Models.Subnet::get_Network()</Name>
              <FileRef uid="29" />
              <SequencePoints>
                <SequencePoint vc="231" uspid="502" ordinal="0" offset="0" sl="13" sc="36" el="13" ec="40" bec="0" bev="0" fileid="29" />
              </SequencePoints>
              <BranchPoints />
              <MethodPoint xsi:type="SequencePoint" vc="231" uspid="502" ordinal="0" offset="0" sl="13" sc="36" el="13" ec="40" bec="0" bev="0" fileid="29" />
            </Method>
            <Method visited="true" cyclomaticComplexity="4" nPathComplexity="8" sequenceCoverage="92.86" branchCoverage="85.71" isConstructor="true" isStatic="false" isGetter="false" isSetter="false">
              <Summary numSequencePoints="14" visitedSequencePoints="13" numBranchPoints="7" visitedBranchPoints="6" sequenceCoverage="92.86" branchCoverage="85.71" maxCyclomaticComplexity="4" minCyclomaticComplexity="4" visitedClasses="0" numClasses="0" visitedMethods="1" numMethods="1" />
              <MetadataToken>100663354</MetadataToken>
              <Name>System.Void DomainModel.Models.Subnet::.ctor(System.String,System.String)</Name>
              <FileRef uid="29" />
              <SequencePoints>
                <SequencePoint vc="82" uspid="503" ordinal="0" offset="0" sl="15" sc="9" el="17" ec="101" bec="0" bev="0" fileid="29" />
                <SequencePoint vc="82" uspid="504" ordinal="1" offset="11" sl="25" sc="9" el="25" ec="52" bec="0" bev="0" fileid="29" />
                <SequencePoint vc="82" uspid="505" ordinal="2" offset="18" sl="26" sc="9" el="26" ec="10" bec="0" bev="0" fileid="29" />
                <SequencePoint vc="82" uspid="506" ordinal="3" offset="19" sl="27" sc="13" el="27" ec="28" bec="2" bev="2" fileid="29" />
                <SequencePoint vc="1" uspid="507" ordinal="4" offset="27" sl="28" sc="17" el="28" ec="107" bec="0" bev="0" fileid="29" />
                <SequencePoint vc="81" uspid="508" ordinal="5" offset="43" sl="29" sc="13" el="29" ec="36" bec="2" bev="2" fileid="29" />
                <SequencePoint vc="1" uspid="509" ordinal="6" offset="51" sl="30" sc="17" el="30" ec="119" bec="0" bev="0" fileid="29" />
                <SequencePoint vc="80" uspid="510" ordinal="7" offset="67" sl="32" sc="13" el="32" ec="44" bec="0" bev="0" fileid="29" />
                <SequencePoint vc="80" uspid="511" ordinal="8" offset="75" sl="33" sc="13" el="33" ec="28" bec="0" bev="0" fileid="29" />
                <SequencePoint vc="80" uspid="512" ordinal="9" offset="83" sl="34" sc="13" el="34" ec="51" bec="2" bev="1" fileid="29" />
                <SequencePoint vc="0" uspid="513" ordinal="10" offset="97" sl="35" sc="17" el="35" ec="91" bec="0" bev="0" fileid="29" />
                <SequencePoint vc="80" uspid="514" ordinal="11" offset="116" sl="36" sc="13" el="36" ec="21" bec="0" bev="0" fileid="29" />
                <SequencePoint vc="80" uspid="515" ordinal="12" offset="123" sl="37" sc="13" el="37" ec="51" bec="0" bev="0" fileid="29" />
                <SequencePoint vc="80" uspid="516" ordinal="13" offset="135" sl="38" sc="9" el="38" ec="10" bec="0" bev="0" fileid="29" />
              </SequencePoints>
              <BranchPoints>
                <BranchPoint vc="1" uspid="517" ordinal="0" offset="25" sl="27" path="0" offsetend="27" fileid="29" />
                <BranchPoint vc="81" uspid="518" ordinal="1" offset="25" sl="27" path="1" offsetend="43" fileid="29" />
                <BranchPoint vc="1" uspid="519" ordinal="2" offset="49" sl="29" path="0" offsetend="51" fileid="29" />
                <BranchPoint vc="80" uspid="520" ordinal="3" offset="49" sl="29" path="1" offsetend="67" fileid="29" />
                <BranchPoint vc="0" uspid="521" ordinal="4" offset="95" sl="34" path="0" offsetend="97" fileid="29" />
                <BranchPoint vc="80" uspid="522" ordinal="5" offset="95" sl="34" path="1" offsetend="116" fileid="29" />
              </BranchPoints>
              <MethodPoint xsi:type="SequencePoint" vc="82" uspid="503" ordinal="0" offset="0" sl="15" sc="9" el="17" ec="101" bec="0" bev="0" fileid="29" />
            </Method>
            <Method visited="true" cyclomaticComplexity="1" nPathComplexity="0" sequenceCoverage="100" branchCoverage="100" isConstructor="false" isStatic="false" isGetter="false" isSetter="false">
              <Summary numSequencePoints="3" visitedSequencePoints="3" numBranchPoints="1" visitedBranchPoints="1" sequenceCoverage="100" branchCoverage="100" maxCyclomaticComplexity="1" minCyclomaticComplexity="1" visitedClasses="0" numClasses="0" visitedMethods="1" numMethods="1" />
              <MetadataToken>100663355</MetadataToken>
              <Name>System.Int32 DomainModel.Models.Subnet::GetHashCode()</Name>
              <FileRef uid="29" />
              <SequencePoints>
                <SequencePoint vc="53" uspid="523" ordinal="0" offset="0" sl="41" sc="9" el="41" ec="10" bec="0" bev="0" fileid="29" />
                <SequencePoint vc="53" uspid="524" ordinal="1" offset="1" sl="42" sc="13" el="42" ec="37" bec="0" bev="0" fileid="29" />
                <SequencePoint vc="53" uspid="525" ordinal="2" offset="15" sl="43" sc="9" el="43" ec="10" bec="0" bev="0" fileid="29" />
              </SequencePoints>
              <BranchPoints />
              <MethodPoint xsi:type="SequencePoint" vc="53" uspid="523" ordinal="0" offset="0" sl="41" sc="9" el="41" ec="10" bec="0" bev="0" fileid="29" />
            </Method>
            <Method visited="true" cyclomaticComplexity="3" nPathComplexity="2" sequenceCoverage="100" branchCoverage="100" isConstructor="false" isStatic="false" isGetter="false" isSetter="false">
              <Summary numSequencePoints="6" visitedSequencePoints="6" numBranchPoints="3" visitedBranchPoints="3" sequenceCoverage="100" branchCoverage="100" maxCyclomaticComplexity="3" minCyclomaticComplexity="3" visitedClasses="0" numClasses="0" visitedMethods="1" numMethods="1" />
              <MetadataToken>100663356</MetadataToken>
              <Name>System.Boolean DomainModel.Models.Subnet::Equals(System.Object)</Name>
              <FileRef uid="29" />
              <SequencePoints>
                <SequencePoint vc="103" uspid="526" ordinal="0" offset="0" sl="51" sc="9" el="51" ec="10" bec="0" bev="0" fileid="29" />
                <SequencePoint vc="103" uspid="527" ordinal="1" offset="1" sl="52" sc="13" el="52" ec="48" bec="0" bev="0" fileid="29" />
                <SequencePoint vc="103" uspid="528" ordinal="2" offset="8" sl="53" sc="13" el="53" ec="38" bec="2" bev="2" fileid="29" />
                <SequencePoint vc="1" uspid="529" ordinal="3" offset="16" sl="54" sc="17" el="54" ec="30" bec="0" bev="0" fileid="29" />
                <SequencePoint vc="102" uspid="530" ordinal="4" offset="20" sl="55" sc="13" el="55" ec="77" bec="0" bev="0" fileid="29" />
                <SequencePoint vc="103" uspid="531" ordinal="5" offset="62" sl="56" sc="9" el="56" ec="10" bec="0" bev="0" fileid="29" />
              </SequencePoints>
              <BranchPoints>
                <BranchPoint vc="1" uspid="532" ordinal="0" offset="14" sl="53" path="0" offsetend="16" fileid="29" />
                <BranchPoint vc="102" uspid="533" ordinal="1" offset="14" sl="53" path="1" offsetend="20" fileid="29" />
              </BranchPoints>
              <MethodPoint xsi:type="SequencePoint" vc="103" uspid="526" ordinal="0" offset="0" sl="51" sc="9" el="51" ec="10" bec="0" bev="0" fileid="29" />
            </Method>
            <Method visited="true" cyclomaticComplexity="2" nPathComplexity="2" sequenceCoverage="80" branchCoverage="66.67" isConstructor="false" isStatic="false" isGetter="false" isSetter="false">
              <Summary numSequencePoints="5" visitedSequencePoints="4" numBranchPoints="3" visitedBranchPoints="2" sequenceCoverage="80" branchCoverage="66.67" maxCyclomaticComplexity="2" minCyclomaticComplexity="2" visitedClasses="0" numClasses="0" visitedMethods="1" numMethods="1" />
              <MetadataToken>100663357</MetadataToken>
              <Name>System.Boolean DomainModel.Models.Subnet::IsCovering(DomainModel.Models.Subnet)</Name>
              <FileRef uid="29" />
              <SequencePoints>
                <SequencePoint vc="67" uspid="536" ordinal="0" offset="0" sl="65" sc="9" el="65" ec="10" bec="0" bev="0" fileid="29" />
                <SequencePoint vc="67" uspid="537" ordinal="1" offset="1" sl="66" sc="13" el="66" ec="42" bec="2" bev="1" fileid="29" />
                <SequencePoint vc="0" uspid="538" ordinal="2" offset="9" sl="67" sc="17" el="69" ec="99" bec="0" bev="0" fileid="29" />
                <SequencePoint vc="67" uspid="539" ordinal="3" offset="25" sl="71" sc="13" el="71" ec="74" bec="0" bev="0" fileid="29" />
                <SequencePoint vc="67" uspid="540" ordinal="4" offset="45" sl="72" sc="9" el="72" ec="10" bec="0" bev="0" fileid="29" />
              </SequencePoints>
              <BranchPoints>
                <BranchPoint vc="0" uspid="541" ordinal="0" offset="7" sl="66" path="0" offsetend="9" fileid="29" />
                <BranchPoint vc="67" uspid="542" ordinal="1" offset="7" sl="66" path="1" offsetend="25" fileid="29" />
              </BranchPoints>
              <MethodPoint xsi:type="SequencePoint" vc="67" uspid="536" ordinal="0" offset="0" sl="65" sc="9" el="65" ec="10" bec="0" bev="0" fileid="29" />
            </Method>
            <Method visited="true" cyclomaticComplexity="3" nPathComplexity="4" sequenceCoverage="100" branchCoverage="100" isConstructor="false" isStatic="false" isGetter="false" isSetter="false">
              <Summary numSequencePoints="8" visitedSequencePoints="8" numBranchPoints="5" visitedBranchPoints="5" sequenceCoverage="100" branchCoverage="100" maxCyclomaticComplexity="3" minCyclomaticComplexity="3" visitedClasses="0" numClasses="0" visitedMethods="1" numMethods="1" />
              <MetadataToken>100663358</MetadataToken>
              <Name>System.Int32 DomainModel.Models.Subnet::CompareTo(System.Object)</Name>
              <FileRef uid="29" />
              <SequencePoints>
                <SequencePoint vc="11" uspid="543" ordinal="0" offset="0" sl="81" sc="9" el="81" ec="10" bec="0" bev="0" fileid="29" />
                <SequencePoint vc="11" uspid="544" ordinal="1" offset="1" sl="82" sc="13" el="82" ec="39" bec="0" bev="0" fileid="29" />
                <SequencePoint vc="11" uspid="545" ordinal="2" offset="8" sl="83" sc="13" el="83" ec="37" bec="2" bev="2" fileid="29" />
                <SequencePoint vc="3" uspid="546" ordinal="3" offset="19" sl="84" sc="17" el="84" ec="26" bec="0" bev="0" fileid="29" />
                <SequencePoint vc="8" uspid="547" ordinal="4" offset="23" sl="85" sc="13" el="85" ec="42" bec="2" bev="2" fileid="29" />
                <SequencePoint vc="6" uspid="548" ordinal="5" offset="34" sl="86" sc="17" el="86" ec="27" bec="0" bev="0" fileid="29" />
                <SequencePoint vc="2" uspid="549" ordinal="6" offset="38" sl="87" sc="13" el="87" ec="22" bec="0" bev="0" fileid="29" />
                <SequencePoint vc="11" uspid="550" ordinal="7" offset="42" sl="88" sc="9" el="88" ec="10" bec="0" bev="0" fileid="29" />
              </SequencePoints>
              <BranchPoints>
                <BranchPoint vc="3" uspid="551" ordinal="0" offset="17" sl="83" path="0" offsetend="19" fileid="29" />
                <BranchPoint vc="8" uspid="552" ordinal="1" offset="17" sl="83" path="1" offsetend="23" fileid="29" />
                <BranchPoint vc="6" uspid="553" ordinal="2" offset="32" sl="85" path="0" offsetend="34" fileid="29" />
                <BranchPoint vc="2" uspid="554" ordinal="3" offset="32" sl="85" path="1" offsetend="38" fileid="29" />
              </BranchPoints>
              <MethodPoint xsi:type="SequencePoint" vc="11" uspid="543" ordinal="0" offset="0" sl="81" sc="9" el="81" ec="10" bec="0" bev="0" fileid="29" />
            </Method>
            <Method visited="true" cyclomaticComplexity="5" nPathComplexity="4" sequenceCoverage="71.43" branchCoverage="60" isConstructor="false" isStatic="true" isGetter="false" isSetter="false">
              <Summary numSequencePoints="7" visitedSequencePoints="5" numBranchPoints="5" visitedBranchPoints="3" sequenceCoverage="71.43" branchCoverage="60" maxCyclomaticComplexity="5" minCyclomaticComplexity="5" visitedClasses="0" numClasses="0" visitedMethods="1" numMethods="1" />
              <MetadataToken>100663359</MetadataToken>
              <Name>System.Boolean DomainModel.Models.Subnet::IsValidArguments(System.String,System.String)</Name>
              <FileRef uid="29" />
              <SequencePoints>
                <SequencePoint vc="80" uspid="555" ordinal="0" offset="0" sl="91" sc="9" el="91" ec="10" bec="0" bev="0" fileid="29" />
                <SequencePoint vc="80" uspid="556" ordinal="1" offset="1" sl="92" sc="13" el="92" ec="28" bec="2" bev="1" fileid="29" />
                <SequencePoint vc="0" uspid="557" ordinal="2" offset="9" sl="93" sc="17" el="93" ec="119" bec="0" bev="0" fileid="29" />
                <SequencePoint vc="80" uspid="558" ordinal="3" offset="25" sl="94" sc="13" el="94" ec="36" bec="2" bev="1" fileid="29" />
                <SequencePoint vc="0" uspid="559" ordinal="4" offset="33" sl="95" sc="17" el="95" ec="131" bec="0" bev="0" fileid="29" />
                <SequencePoint vc="80" uspid="560" ordinal="5" offset="49" sl="97" sc="13" el="99" ec="62" bec="0" bev="0" fileid="29" />
                <SequencePoint vc="80" uspid="561" ordinal="6" offset="97" sl="100" sc="9" el="100" ec="10" bec="0" bev="0" fileid="29" />
              </SequencePoints>
              <BranchPoints>
                <BranchPoint vc="0" uspid="562" ordinal="0" offset="7" sl="92" path="0" offsetend="9" fileid="29" />
                <BranchPoint vc="80" uspid="563" ordinal="1" offset="7" sl="92" path="1" offsetend="25" fileid="29" />
                <BranchPoint vc="0" uspid="564" ordinal="2" offset="31" sl="94" path="0" offsetend="33" fileid="29" />
                <BranchPoint vc="80" uspid="565" ordinal="3" offset="31" sl="94" path="1" offsetend="49" fileid="29" />
              </BranchPoints>
              <MethodPoint xsi:type="SequencePoint" vc="80" uspid="555" ordinal="0" offset="0" sl="91" sc="9" el="91" ec="10" bec="0" bev="0" fileid="29" />
            </Method>
          </Methods>
        </Class>
        <Class skippedDueTo="Filter">
          <FullName>Task_1.BundleConfig</FullName>
          <Methods />
        </Class>
        <Class skippedDueTo="Filter">
          <FullName>Task_1.FilterConfig</FullName>
          <Methods />
        </Class>
        <Class skippedDueTo="Filter">
          <FullName>Task_1.RouteConfig</FullName>
          <Methods />
        </Class>
        <Class skippedDueTo="Filter">
          <FullName>Task_1.MvcApplication</FullName>
          <Methods />
        </Class>
        <Class skippedDueTo="Filter">
          <FullName>Task_1.Startup</FullName>
          <Methods />
        </Class>
        <Class skippedDueTo="Filter">
          <FullName>Task_1.Controllers.SubnetContainerController</FullName>
          <Methods />
        </Class>
        <Class skippedDueTo="Filter">
          <FullName>Task_1.Controllers.SubnetContainerController/&lt;&gt;c</FullName>
          <Methods />
        </Class>
        <Class skippedDueTo="Filter">
          <FullName>Task_1.ASMX.SeriablizableSubnet</FullName>
          <Methods />
        </Class>
        <Class skippedDueTo="Filter">
          <FullName>Task_1.ASMX.SubnetContainerWebService</FullName>
          <Methods />
        </Class>
        <Class skippedDueTo="Filter">
          <FullName>Task_1.ASMX.SubnetSerializer</FullName>
          <Methods />
        </Class>
        <Class skippedDueTo="Filter">
          <FullName>Task_1.ASMX.SubnetSerializer/&lt;&gt;c</FullName>
          <Methods />
        </Class>
      </Classes>
    </Module>
    <Module skippedDueTo="MissingPdb" hash="9E-E6-00-91-BF-6E-1C-C0-09-CC-28-9C-E8-E0-B8-C6-C6-02-B9-63">
      <ModulePath>C:\Users\golubev.dmitriy\Documents\Visual Studio 2015\Projects\Task 1\Task 1.Tests\bin\Debug\WebGrease.dll</ModulePath>
      <ModuleTime>2014-01-23T07:57:34Z</ModuleTime>
      <ModuleName>WebGrease</ModuleName>
      <Classes />
    </Module>
    <Module skippedDueTo="MissingPdb" hash="4A-23-1A-B4-CB-CC-F1-F1-0B-9F-2E-ED-11-93-14-89-90-FF-D7-54">
      <ModulePath>C:\Users\golubev.dmitriy\Documents\Visual Studio 2015\Projects\Task 1\Task 1.Tests\bin\Debug\LukeSkywalker.IPNetwork.dll</ModulePath>
      <ModuleTime>2015-08-05T15:38:44Z</ModuleTime>
      <ModuleName>LukeSkywalker.IPNetwork</ModuleName>
      <Classes />
    </Module>
    <Module skippedDueTo="MissingPdb" hash="88-EC-12-E1-D8-D9-A0-93-44-3E-FD-F2-64-DB-71-C5-72-CF-9F-79">
      <ModulePath>C:\Users\golubev.dmitriy\Documents\Visual Studio 2015\Projects\Task 1\Task 1.Tests\bin\Debug\Dapper.dll</ModulePath>
      <ModuleTime>2016-07-22T09:52:40Z</ModuleTime>
      <ModuleName>Dapper</ModuleName>
      <Classes />
    </Module>
    <Module skippedDueTo="Filter" hash="B2-31-39-27-96-0D-DA-C8-84-F0-DF-5B-04-82-6D-8E-48-52-05-EA">
      <ModulePath>C:\Windows\Microsoft.Net\assembly\GAC_MSIL\System.Xml.Linq\v4.0_4.0.0.0__b77a5c561934e089\System.Xml.Linq.dll</ModulePath>
      <ModuleTime>2017-04-21T09:53:36Z</ModuleTime>
      <ModuleName>System.Xml.Linq</ModuleName>
      <Classes />
    </Module>
    <Module skippedDueTo="MissingPdb" hash="E1-72-DB-A0-A9-65-95-88-D3-65-8E-CF-AA-D1-FE-F2-EE-14-A7-D3">
      <ModulePath>C:\Users\golubev.dmitriy\Documents\Visual Studio 2015\Projects\Task 1\Task 1.Tests\bin\Debug\Moq.dll</ModulePath>
      <ModuleTime>2017-06-21T04:45:32Z</ModuleTime>
      <ModuleName>Moq</ModuleName>
      <Classes />
    </Module>
    <Module skippedDueTo="MissingPdb" hash="53-54-81-CD-09-B0-EE-47-62-6F-DF-B9-02-57-93-BE-53-44-BC-95">
      <ModulePath>C:\Users\golubev.dmitriy\Documents\Visual Studio 2015\Projects\Task 1\Task 1.Tests\bin\Debug\Castle.Core.dll</ModulePath>
      <ModuleTime>2017-06-11T00:51:38Z</ModuleTime>
      <ModuleName>Castle.Core</ModuleName>
      <Classes />
    </Module>
    <Module skippedDueTo="MissingPdb" hash="">
      <ModulePath>RefEmit_InMemoryManifestModule</ModulePath>
      <ModuleTime>0001-01-01T00:00:00</ModuleTime>
      <ModuleName>DynamicProxyGenAssembly2</ModuleName>
      <Classes />
    </Module>
    <Module skippedDueTo="MissingPdb" hash="">
      <ModulePath>RefEmit_InMemoryManifestModule</ModulePath>
      <ModuleTime>0001-01-01T00:00:00</ModuleTime>
      <ModuleName>DynamicProxyGenAssembly2</ModuleName>
      <Classes />
    </Module>
    <Module skippedDueTo="MissingPdb" hash="">
      <ModulePath>RefEmit_InMemoryManifestModule</ModulePath>
      <ModuleTime>0001-01-01T00:00:00</ModuleTime>
      <ModuleName>Anonymously Hosted DynamicMethods Assembly</ModuleName>
      <Classes />
    </Module>
    <Module skippedDueTo="Filter" hash="9B-D8-C2-5A-88-46-41-E1-1C-0F-2D-D4-8B-47-53-DB-D6-65-65-66">
      <ModulePath>C:\Windows\Microsoft.Net\assembly\GAC_MSIL\mscorlib.resources\v4.0_4.0.0.0_ru_b77a5c561934e089\mscorlib.resources.dll</ModulePath>
      <ModuleTime>2017-04-21T10:40:56Z</ModuleTime>
      <ModuleName>mscorlib.resources</ModuleName>
      <Classes />
    </Module>
    <Module skippedDueTo="Filter" hash="9B-D8-C2-5A-88-46-41-E1-1C-0F-2D-D4-8B-47-53-DB-D6-65-65-66">
      <ModulePath>C:\Windows\Microsoft.Net\assembly\GAC_MSIL\mscorlib.resources\v4.0_4.0.0.0_ru_b77a5c561934e089\mscorlib.resources.dll</ModulePath>
      <ModuleTime>2017-04-21T10:40:56Z</ModuleTime>
      <ModuleName>mscorlib.resources</ModuleName>
      <Classes />
    </Module>
  </Modules>
</CoverageSession>