<?xml version="1.0" encoding="utf-8" standalone="no"?>
<test-run id="2" testcasecount="63" result="Failed" total="63" passed="62" failed="1" inconclusive="0" skipped="0" asserts="84" engine-version="3.7.0.0" clr-version="4.0.30319.42000" start-time="2017-08-07 09:59:27Z" end-time="2017-08-07 09:59:35Z" duration="8.230731">
  <command-line><![CDATA["C:\Users\golubev.dmitriy\Documents\Visual Studio 2015\Projects\Task 1\Task 1.Tests\..\packages\NUnit.ConsoleRunner.3.7.0\tools\nunit3-console.exe" "bin\Debug\Task 1.Tests.dll" --result:test-results.xml;format=nunit3 --workers=1]]></command-line>
  <test-suite type="Assembly" id="0-1069" name="Task 1.Tests.dll" fullname="C:\Users\golubev.dmitriy\Documents\Visual Studio 2015\Projects\Task 1\Task 1.Tests\bin\Debug\Task 1.Tests.dll" runstate="Runnable" testcasecount="63" result="Failed" site="Child" start-time="2017-08-07 09:59:32Z" end-time="2017-08-07 09:59:35Z" duration="3.529550" total="63" passed="62" failed="1" warnings="0" inconclusive="0" skipped="0" asserts="84">
    <environment framework-version="3.7.1.0" clr-version="4.0.30319.42000" os-version="Microsoft Windows NT 6.1.7601 Service Pack 1" platform="Win32NT" cwd="C:\Users\golubev.dmitriy\Documents\Visual Studio 2015\Projects\Task 1\Task 1.Tests" machine-name="ITM90000916" user="golubev.dmitriy" user-domain="CORP" culture="ru-RU" uiculture="ru-RU" os-architecture="x64" />
    <settings>
      <setting name="DisposeRunners" value="True" />
      <setting name="WorkDirectory" value="C:\Users\golubev.dmitriy\Documents\Visual Studio 2015\Projects\Task 1\Task 1.Tests" />
      <setting name="NumberOfTestWorkers" value="1" />
      <setting name="ImageRuntimeVersion" value="4.0.30319" />
      <setting name="ImageTargetFrameworkName" value=".NETFramework,Version=v4.5.2" />
      <setting name="ImageRequiresX86" value="False" />
      <setting name="ImageRequiresDefaultAppDomainAssemblyResolver" value="False" />
    </settings>
    <properties>
      <property name="_PID" value="1756" />
      <property name="_APPDOMAIN" value="domain-" />
    </properties>
    <failure>
      <message><![CDATA[One or more child tests had errors]]></message>
    </failure>
    <test-suite type="TestSuite" id="0-1076" name="DomainModel" fullname="DomainModel" runstate="Runnable" testcasecount="19" result="Passed" start-time="2017-08-07 09:59:32Z" end-time="2017-08-07 09:59:34Z" duration="2.455129" total="19" passed="19" failed="0" warnings="0" inconclusive="0" skipped="0" asserts="20">
      <test-suite type="TestSuite" id="0-1079" name="Models" fullname="DomainModel.Models" runstate="Runnable" testcasecount="8" result="Passed" start-time="2017-08-07 09:59:32Z" end-time="2017-08-07 09:59:32Z" duration="0.569989" total="8" passed="8" failed="0" warnings="0" inconclusive="0" skipped="0" asserts="9">
        <test-suite type="TestSuite" id="0-1080" name="Tests" fullname="DomainModel.Models.Tests" runstate="Runnable" testcasecount="8" result="Passed" start-time="2017-08-07 09:59:32Z" end-time="2017-08-07 09:59:32Z" duration="0.568130" total="8" passed="8" failed="0" warnings="0" inconclusive="0" skipped="0" asserts="9">
          <test-suite type="TestFixture" id="0-1060" name="ValidationLogTests" fullname="DomainModel.Models.Tests.ValidationLogTests" classname="DomainModel.Models.Tests.ValidationLogTests" runstate="Runnable" testcasecount="8" result="Passed" start-time="2017-08-07 09:59:32Z" end-time="2017-08-07 09:59:32Z" duration="0.564795" total="8" passed="8" failed="0" warnings="0" inconclusive="0" skipped="0" asserts="9">
            <test-case id="0-1066" name="ToString_AddressInvalid_Success" fullname="DomainModel.Models.Tests.ValidationLogTests.ToString_AddressInvalid_Success" methodname="ToString_AddressInvalid_Success" classname="DomainModel.Models.Tests.ValidationLogTests" runstate="Runnable" seed="39928692" result="Passed" start-time="2017-08-07 09:59:32Z" end-time="2017-08-07 09:59:32Z" duration="0.447338" asserts="1" />
            <test-case id="0-1068" name="ToString_EverythingIsFine_Success" fullname="DomainModel.Models.Tests.ValidationLogTests.ToString_EverythingIsFine_Success" methodname="ToString_EverythingIsFine_Success" classname="DomainModel.Models.Tests.ValidationLogTests" runstate="Runnable" seed="1705169527" result="Passed" start-time="2017-08-07 09:59:32Z" end-time="2017-08-07 09:59:32Z" duration="0.000719" asserts="1" />
            <test-case id="0-1065" name="ToString_IdInvalid_Success" fullname="DomainModel.Models.Tests.ValidationLogTests.ToString_IdInvalid_Success" methodname="ToString_IdInvalid_Success" classname="DomainModel.Models.Tests.ValidationLogTests" runstate="Runnable" seed="1013388256" result="Passed" start-time="2017-08-07 09:59:32Z" end-time="2017-08-07 09:59:32Z" duration="0.024497" asserts="1" />
            <test-case id="0-1062" name="ToString_IdNoErrors_Success" fullname="DomainModel.Models.Tests.ValidationLogTests.ToString_IdNoErrors_Success" methodname="ToString_IdNoErrors_Success" classname="DomainModel.Models.Tests.ValidationLogTests" runstate="Runnable" seed="646305758" result="Passed" start-time="2017-08-07 09:59:32Z" end-time="2017-08-07 09:59:32Z" duration="0.000440" asserts="1" />
            <test-case id="0-1064" name="ToString_IdNotExists_Success" fullname="DomainModel.Models.Tests.ValidationLogTests.ToString_IdNotExists_Success" methodname="ToString_IdNotExists_Success" classname="DomainModel.Models.Tests.ValidationLogTests" runstate="Runnable" seed="1793065947" result="Passed" start-time="2017-08-07 09:59:32Z" end-time="2017-08-07 09:59:32Z" duration="0.000326" asserts="1" />
            <test-case id="0-1063" name="ToString_IdNotUnique_Success" fullname="DomainModel.Models.Tests.ValidationLogTests.ToString_IdNotUnique_Success" methodname="ToString_IdNotUnique_Success" classname="DomainModel.Models.Tests.ValidationLogTests" runstate="Runnable" seed="1987917376" result="Passed" start-time="2017-08-07 09:59:32Z" end-time="2017-08-07 09:59:32Z" duration="0.004951" asserts="1" />
            <test-case id="0-1067" name="ToString_MaskInvalid_Success" fullname="DomainModel.Models.Tests.ValidationLogTests.ToString_MaskInvalid_Success" methodname="ToString_MaskInvalid_Success" classname="DomainModel.Models.Tests.ValidationLogTests" runstate="Runnable" seed="902988853" result="Passed" start-time="2017-08-07 09:59:32Z" end-time="2017-08-07 09:59:32Z" duration="0.000540" asserts="1" />
            <test-case id="0-1061" name="ValidationLog_ValidParams_Success" fullname="DomainModel.Models.Tests.ValidationLogTests.ValidationLog_ValidParams_Success" methodname="ValidationLog_ValidParams_Success" classname="DomainModel.Models.Tests.ValidationLogTests" runstate="Runnable" seed="2061476849" result="Passed" start-time="2017-08-07 09:59:32Z" end-time="2017-08-07 09:59:32Z" duration="0.003924" asserts="2" />
          </test-suite>
        </test-suite>
      </test-suite>
      <test-suite type="TestSuite" id="0-1077" name="Repository" fullname="DomainModel.Repository" runstate="Runnable" testcasecount="11" result="Passed" start-time="2017-08-07 09:59:32Z" end-time="2017-08-07 09:59:34Z" duration="1.881099" total="11" passed="11" failed="0" warnings="0" inconclusive="0" skipped="0" asserts="11">
        <test-suite type="TestSuite" id="0-1078" name="Tests" fullname="DomainModel.Repository.Tests" runstate="Runnable" testcasecount="11" result="Passed" start-time="2017-08-07 09:59:32Z" end-time="2017-08-07 09:59:34Z" duration="1.879532" total="11" passed="11" failed="0" warnings="0" inconclusive="0" skipped="0" asserts="11">
          <test-suite type="TestFixture" id="0-1048" name="DBRepositoryTests" fullname="DomainModel.Repository.Tests.DBRepositoryTests" classname="DomainModel.Repository.Tests.DBRepositoryTests" runstate="Runnable" testcasecount="11" result="Passed" start-time="2017-08-07 09:59:32Z" end-time="2017-08-07 09:59:34Z" duration="1.876118" total="11" passed="11" failed="0" warnings="0" inconclusive="0" skipped="0" asserts="11">
            <test-case id="0-1052" name="Create_NullId_ThrowsException" fullname="DomainModel.Repository.Tests.DBRepositoryTests.Create_NullId_ThrowsException" methodname="Create_NullId_ThrowsException" classname="DomainModel.Repository.Tests.DBRepositoryTests" runstate="Runnable" seed="840095739" result="Passed" start-time="2017-08-07 09:59:33Z" end-time="2017-08-07 09:59:33Z" duration="0.133206" asserts="1" />
            <test-case id="0-1053" name="Create_NullSubnet_ThrowsException" fullname="DomainModel.Repository.Tests.DBRepositoryTests.Create_NullSubnet_ThrowsException" methodname="Create_NullSubnet_ThrowsException" classname="DomainModel.Repository.Tests.DBRepositoryTests" runstate="Runnable" seed="181374323" result="Passed" start-time="2017-08-07 09:59:33Z" end-time="2017-08-07 09:59:33Z" duration="0.031323" asserts="1" />
            <test-case id="0-1051" name="Create_ValidData_Success" fullname="DomainModel.Repository.Tests.DBRepositoryTests.Create_ValidData_Success" methodname="Create_ValidData_Success" classname="DomainModel.Repository.Tests.DBRepositoryTests" runstate="Runnable" seed="721845289" result="Passed" start-time="2017-08-07 09:59:33Z" end-time="2017-08-07 09:59:34Z" duration="0.147282" asserts="1" />
            <test-case id="0-1049" name="DBRepository_RightConnectionString_Success" fullname="DomainModel.Repository.Tests.DBRepositoryTests.DBRepository_RightConnectionString_Success" methodname="DBRepository_RightConnectionString_Success" classname="DomainModel.Repository.Tests.DBRepositoryTests" runstate="Runnable" seed="1211097387" result="Passed" start-time="2017-08-07 09:59:34Z" end-time="2017-08-07 09:59:34Z" duration="0.025605" asserts="1" />
            <test-case id="0-1050" name="DBRepository_WrongConnectionString_Fail" fullname="DomainModel.Repository.Tests.DBRepositoryTests.DBRepository_WrongConnectionString_Fail" methodname="DBRepository_WrongConnectionString_Fail" classname="DomainModel.Repository.Tests.DBRepositoryTests" runstate="Runnable" seed="1101651720" result="Passed" start-time="2017-08-07 09:59:34Z" end-time="2017-08-07 09:59:34Z" duration="0.004050" asserts="1" />
            <test-case id="0-1055" name="Delete_NullId_ThrowsException" fullname="DomainModel.Repository.Tests.DBRepositoryTests.Delete_NullId_ThrowsException" methodname="Delete_NullId_ThrowsException" classname="DomainModel.Repository.Tests.DBRepositoryTests" runstate="Runnable" seed="26817838" result="Passed" start-time="2017-08-07 09:59:34Z" end-time="2017-08-07 09:59:34Z" duration="0.028470" asserts="1" />
            <test-case id="0-1054" name="Delete_ValidData_Success" fullname="DomainModel.Repository.Tests.DBRepositoryTests.Delete_ValidData_Success" methodname="Delete_ValidData_Success" classname="DomainModel.Repository.Tests.DBRepositoryTests" runstate="Runnable" seed="281639329" result="Passed" start-time="2017-08-07 09:59:34Z" end-time="2017-08-07 09:59:34Z" duration="0.239651" asserts="1" />
            <test-case id="0-1058" name="Edit_NullNewId_ThrowsException" fullname="DomainModel.Repository.Tests.DBRepositoryTests.Edit_NullNewId_ThrowsException" methodname="Edit_NullNewId_ThrowsException" classname="DomainModel.Repository.Tests.DBRepositoryTests" runstate="Runnable" seed="1089206162" result="Passed" start-time="2017-08-07 09:59:34Z" end-time="2017-08-07 09:59:34Z" duration="0.026622" asserts="1" />
            <test-case id="0-1057" name="Edit_NullOldId_ThrowsException" fullname="DomainModel.Repository.Tests.DBRepositoryTests.Edit_NullOldId_ThrowsException" methodname="Edit_NullOldId_ThrowsException" classname="DomainModel.Repository.Tests.DBRepositoryTests" runstate="Runnable" seed="718929391" result="Passed" start-time="2017-08-07 09:59:34Z" end-time="2017-08-07 09:59:34Z" duration="0.025881" asserts="1" />
            <test-case id="0-1059" name="Edit_NullSubnet_ThrowsException" fullname="DomainModel.Repository.Tests.DBRepositoryTests.Edit_NullSubnet_ThrowsException" methodname="Edit_NullSubnet_ThrowsException" classname="DomainModel.Repository.Tests.DBRepositoryTests" runstate="Runnable" seed="662328792" result="Passed" start-time="2017-08-07 09:59:34Z" end-time="2017-08-07 09:59:34Z" duration="0.089540" asserts="1" />
            <test-case id="0-1056" name="Edit_ValidData_Success" fullname="DomainModel.Repository.Tests.DBRepositoryTests.Edit_ValidData_Success" methodname="Edit_ValidData_Success" classname="DomainModel.Repository.Tests.DBRepositoryTests" runstate="Runnable" seed="1558855974" result="Passed" start-time="2017-08-07 09:59:34Z" end-time="2017-08-07 09:59:34Z" duration="0.247742" asserts="1" />
          </test-suite>
        </test-suite>
      </test-suite>
    </test-suite>
    <test-suite type="TestSuite" id="0-1070" name="Task_1" fullname="Task_1" runstate="Runnable" testcasecount="44" result="Failed" site="Child" start-time="2017-08-07 09:59:34Z" end-time="2017-08-07 09:59:35Z" duration="1.055055" total="44" passed="43" failed="1" warnings="0" inconclusive="0" skipped="0" asserts="64">
      <failure>
        <message><![CDATA[One or more child tests had errors]]></message>
      </failure>
      <test-suite type="TestSuite" id="0-1071" name="DomainModel" fullname="Task_1.DomainModel" runstate="Runnable" testcasecount="34" result="Failed" site="Child" start-time="2017-08-07 09:59:34Z" end-time="2017-08-07 09:59:35Z" duration="1.015537" total="34" passed="33" failed="1" warnings="0" inconclusive="0" skipped="0" asserts="51">
        <failure>
          <message><![CDATA[One or more child tests had errors]]></message>
        </failure>
        <test-suite type="TestSuite" id="0-1072" name="Service" fullname="Task_1.DomainModel.Service" runstate="Runnable" testcasecount="34" result="Failed" site="Child" start-time="2017-08-07 09:59:34Z" end-time="2017-08-07 09:59:35Z" duration="1.013208" total="34" passed="33" failed="1" warnings="0" inconclusive="0" skipped="0" asserts="51">
          <failure>
            <message><![CDATA[One or more child tests had errors]]></message>
          </failure>
          <test-suite type="TestSuite" id="0-1073" name="Tests" fullname="Task_1.DomainModel.Service.Tests" runstate="Runnable" testcasecount="34" result="Failed" site="Child" start-time="2017-08-07 09:59:34Z" end-time="2017-08-07 09:59:35Z" duration="1.012067" total="34" passed="33" failed="1" warnings="0" inconclusive="0" skipped="0" asserts="51">
            <failure>
              <message><![CDATA[One or more child tests had errors]]></message>
            </failure>
            <test-suite type="TestFixture" id="0-1020" name="SubnetContainerManagerTests" fullname="Task_1.DomainModel.Service.Tests.SubnetContainerManagerTests" classname="Task_1.DomainModel.Service.Tests.SubnetContainerManagerTests" runstate="Runnable" testcasecount="16" result="Failed" site="Child" start-time="2017-08-07 09:59:34Z" end-time="2017-08-07 09:59:35Z" duration="0.954075" total="16" passed="15" failed="1" warnings="0" inconclusive="0" skipped="0" asserts="19">
              <failure>
                <message><![CDATA[One or more child tests had errors]]></message>
              </failure>
              <test-case id="0-1026" name="Create_ExistingIdSubnet_RepositoryMethodNotCalled" fullname="Task_1.DomainModel.Service.Tests.SubnetContainerManagerTests.Create_ExistingIdSubnet_RepositoryMethodNotCalled" methodname="Create_ExistingIdSubnet_RepositoryMethodNotCalled" classname="Task_1.DomainModel.Service.Tests.SubnetContainerManagerTests" runstate="Runnable" seed="47261126" result="Passed" start-time="2017-08-07 09:59:34Z" end-time="2017-08-07 09:59:35Z" duration="0.534170" asserts="0" />
              <test-case id="0-1029" name="Create_LongId_RepositoryMethodNotCalled" fullname="Task_1.DomainModel.Service.Tests.SubnetContainerManagerTests.Create_LongId_RepositoryMethodNotCalled" methodname="Create_LongId_RepositoryMethodNotCalled" classname="Task_1.DomainModel.Service.Tests.SubnetContainerManagerTests" runstate="Runnable" seed="1975010346" result="Passed" start-time="2017-08-07 09:59:35Z" end-time="2017-08-07 09:59:35Z" duration="0.004414" asserts="0" />
              <test-case id="0-1025" name="Create_ValidSubnet_RepositoryMethodCalled" fullname="Task_1.DomainModel.Service.Tests.SubnetContainerManagerTests.Create_ValidSubnet_RepositoryMethodCalled" methodname="Create_ValidSubnet_RepositoryMethodCalled" classname="Task_1.DomainModel.Service.Tests.SubnetContainerManagerTests" runstate="Runnable" seed="1249146906" result="Passed" start-time="2017-08-07 09:59:35Z" end-time="2017-08-07 09:59:35Z" duration="0.006202" asserts="0" />
              <test-case id="0-1027" name="Create_WrongAddressSubnet_RepositoryMethodNotCalled" fullname="Task_1.DomainModel.Service.Tests.SubnetContainerManagerTests.Create_WrongAddressSubnet_RepositoryMethodNotCalled" methodname="Create_WrongAddressSubnet_RepositoryMethodNotCalled" classname="Task_1.DomainModel.Service.Tests.SubnetContainerManagerTests" runstate="Runnable" seed="1245502951" result="Passed" start-time="2017-08-07 09:59:35Z" end-time="2017-08-07 09:59:35Z" duration="0.003678" asserts="2" />
              <test-case id="0-1028" name="Create_WrongMaskSubnet_RepositoryMethodNotCalled" fullname="Task_1.DomainModel.Service.Tests.SubnetContainerManagerTests.Create_WrongMaskSubnet_RepositoryMethodNotCalled" methodname="Create_WrongMaskSubnet_RepositoryMethodNotCalled" classname="Task_1.DomainModel.Service.Tests.SubnetContainerManagerTests" runstate="Runnable" seed="443298481" result="Passed" start-time="2017-08-07 09:59:35Z" end-time="2017-08-07 09:59:35Z" duration="0.004659" asserts="2" />
              <test-case id="0-1032" name="Delete_EmptyId_RepositoryMethodNotCalled" fullname="Task_1.DomainModel.Service.Tests.SubnetContainerManagerTests.Delete_EmptyId_RepositoryMethodNotCalled" methodname="Delete_EmptyId_RepositoryMethodNotCalled" classname="Task_1.DomainModel.Service.Tests.SubnetContainerManagerTests" runstate="Runnable" seed="1095264564" result="Failed" label="Error" start-time="2017-08-07 09:59:35Z" end-time="2017-08-07 09:59:35Z" duration="0.320558" asserts="0">
                <failure>
                  <message><![CDATA[System.ArgumentNullException : Идентификатор подсети, которую нужно удалить не может быть null.
                                                              Выберите существующий идентификатор подсети.
Имя параметра: id]]></message>
                  <stack-trace><![CDATA[   в DomainModel.Service.SubnetContainerManager.Delete(String id) в C:\Users\golubev.dmitriy\Documents\Visual Studio 2015\Projects\Task 1\Task 1\DomainModel\Service\SubnetContainerManager.cs:строка 81
   в Task_1.DomainModel.Service.Tests.SubnetContainerManagerTests.Delete_EmptyId_RepositoryMethodNotCalled() в C:\Users\golubev.dmitriy\Documents\Visual Studio 2015\Projects\Task 1\Task 1.Tests\DomainModel\Service\SubnetContainerManagerTests.cs:строка 210]]></stack-trace>
                </failure>
              </test-case>
              <test-case id="0-1031" name="Delete_LongId_RepositoryMethodNotCalled" fullname="Task_1.DomainModel.Service.Tests.SubnetContainerManagerTests.Delete_LongId_RepositoryMethodNotCalled" methodname="Delete_LongId_RepositoryMethodNotCalled" classname="Task_1.DomainModel.Service.Tests.SubnetContainerManagerTests" runstate="Runnable" seed="1314650714" result="Passed" start-time="2017-08-07 09:59:35Z" end-time="2017-08-07 09:59:35Z" duration="0.004392" asserts="0" />
              <test-case id="0-1030" name="Delete_ValidId_RepositoryMethodCalled" fullname="Task_1.DomainModel.Service.Tests.SubnetContainerManagerTests.Delete_ValidId_RepositoryMethodCalled" methodname="Delete_ValidId_RepositoryMethodCalled" classname="Task_1.DomainModel.Service.Tests.SubnetContainerManagerTests" runstate="Runnable" seed="1508846040" result="Passed" start-time="2017-08-07 09:59:35Z" end-time="2017-08-07 09:59:35Z" duration="0.009806" asserts="0" />
              <test-case id="0-1034" name="Edit_IDsAreSame_RepositoryMethodCalled" fullname="Task_1.DomainModel.Service.Tests.SubnetContainerManagerTests.Edit_IDsAreSame_RepositoryMethodCalled" methodname="Edit_IDsAreSame_RepositoryMethodCalled" classname="Task_1.DomainModel.Service.Tests.SubnetContainerManagerTests" runstate="Runnable" seed="35924297" result="Passed" start-time="2017-08-07 09:59:35Z" end-time="2017-08-07 09:59:35Z" duration="0.010544" asserts="0" />
              <test-case id="0-1036" name="Edit_InvalidNewId_RepositoryMethodNotCalled" fullname="Task_1.DomainModel.Service.Tests.SubnetContainerManagerTests.Edit_InvalidNewId_RepositoryMethodNotCalled" methodname="Edit_InvalidNewId_RepositoryMethodNotCalled" classname="Task_1.DomainModel.Service.Tests.SubnetContainerManagerTests" runstate="Runnable" seed="1229501371" result="Passed" start-time="2017-08-07 09:59:35Z" end-time="2017-08-07 09:59:35Z" duration="0.004340" asserts="0" />
              <test-case id="0-1035" name="Edit_NotExistingOldId_RepositoryMethodNotCalled" fullname="Task_1.DomainModel.Service.Tests.SubnetContainerManagerTests.Edit_NotExistingOldId_RepositoryMethodNotCalled" methodname="Edit_NotExistingOldId_RepositoryMethodNotCalled" classname="Task_1.DomainModel.Service.Tests.SubnetContainerManagerTests" runstate="Runnable" seed="1382795226" result="Passed" start-time="2017-08-07 09:59:35Z" end-time="2017-08-07 09:59:35Z" duration="0.004350" asserts="2" />
              <test-case id="0-1033" name="Edit_ValidIds_RepositoryMethodCalled" fullname="Task_1.DomainModel.Service.Tests.SubnetContainerManagerTests.Edit_ValidIds_RepositoryMethodCalled" methodname="Edit_ValidIds_RepositoryMethodCalled" classname="Task_1.DomainModel.Service.Tests.SubnetContainerManagerTests" runstate="Runnable" seed="298218585" result="Passed" start-time="2017-08-07 09:59:35Z" end-time="2017-08-07 09:59:35Z" duration="0.004638" asserts="0" />
              <test-case id="0-1022" name="GetTest_CollectionsOfDifferentCount" fullname="Task_1.DomainModel.Service.Tests.SubnetContainerManagerTests.GetTest_CollectionsOfDifferentCount" methodname="GetTest_CollectionsOfDifferentCount" classname="Task_1.DomainModel.Service.Tests.SubnetContainerManagerTests" runstate="Runnable" seed="75558846" result="Passed" start-time="2017-08-07 09:59:35Z" end-time="2017-08-07 09:59:35Z" duration="0.007530" asserts="1" />
              <test-case id="0-1023" name="GetTest_CollectionsOfDifferentElementsId" fullname="Task_1.DomainModel.Service.Tests.SubnetContainerManagerTests.GetTest_CollectionsOfDifferentElementsId" methodname="GetTest_CollectionsOfDifferentElementsId" classname="Task_1.DomainModel.Service.Tests.SubnetContainerManagerTests" runstate="Runnable" seed="1542700877" result="Passed" start-time="2017-08-07 09:59:35Z" end-time="2017-08-07 09:59:35Z" duration="0.003090" asserts="4" />
              <test-case id="0-1024" name="GetTest_CollectionsOfDifferentElementsNetworks" fullname="Task_1.DomainModel.Service.Tests.SubnetContainerManagerTests.GetTest_CollectionsOfDifferentElementsNetworks" methodname="GetTest_CollectionsOfDifferentElementsNetworks" classname="Task_1.DomainModel.Service.Tests.SubnetContainerManagerTests" runstate="Runnable" seed="279045784" result="Passed" start-time="2017-08-07 09:59:35Z" end-time="2017-08-07 09:59:35Z" duration="0.002062" asserts="4" />
              <test-case id="0-1021" name="GetTest_SameCollections" fullname="Task_1.DomainModel.Service.Tests.SubnetContainerManagerTests.GetTest_SameCollections" methodname="GetTest_SameCollections" classname="Task_1.DomainModel.Service.Tests.SubnetContainerManagerTests" runstate="Runnable" seed="475090157" result="Passed" start-time="2017-08-07 09:59:35Z" end-time="2017-08-07 09:59:35Z" duration="0.003210" asserts="4" />
            </test-suite>
            <test-suite type="TestFixture" id="0-1000" name="SubnetCoverageManagerTests" fullname="Task_1.DomainModel.Service.Tests.SubnetCoverageManagerTests" classname="Task_1.DomainModel.Service.Tests.SubnetCoverageManagerTests" runstate="Runnable" testcasecount="5" result="Passed" start-time="2017-08-07 09:59:35Z" end-time="2017-08-07 09:59:35Z" duration="0.023024" total="5" passed="5" failed="0" warnings="0" inconclusive="0" skipped="0" asserts="6">
              <test-case id="0-1001" name="GetMinimalCoverage_OneCoversAnother_Success" fullname="Task_1.DomainModel.Service.Tests.SubnetCoverageManagerTests.GetMinimalCoverage_OneCoversAnother_Success" methodname="GetMinimalCoverage_OneCoversAnother_Success" classname="Task_1.DomainModel.Service.Tests.SubnetCoverageManagerTests" runstate="Runnable" seed="2047901365" result="Passed" start-time="2017-08-07 09:59:35Z" end-time="2017-08-07 09:59:35Z" duration="0.009029" asserts="1" />
              <test-case id="0-1002" name="GetMinimalCoverage_OneCoversAnotherTwo_Success" fullname="Task_1.DomainModel.Service.Tests.SubnetCoverageManagerTests.GetMinimalCoverage_OneCoversAnotherTwo_Success" methodname="GetMinimalCoverage_OneCoversAnotherTwo_Success" classname="Task_1.DomainModel.Service.Tests.SubnetCoverageManagerTests" runstate="Runnable" seed="1195057071" result="Passed" start-time="2017-08-07 09:59:35Z" end-time="2017-08-07 09:59:35Z" duration="0.001112" asserts="1" />
              <test-case id="0-1005" name="GetMinimalCoverage_SameNetwork_CoverBoth" fullname="Task_1.DomainModel.Service.Tests.SubnetCoverageManagerTests.GetMinimalCoverage_SameNetwork_CoverBoth" methodname="GetMinimalCoverage_SameNetwork_CoverBoth" classname="Task_1.DomainModel.Service.Tests.SubnetCoverageManagerTests" runstate="Runnable" seed="1827280976" result="Passed" start-time="2017-08-07 09:59:35Z" end-time="2017-08-07 09:59:35Z" duration="0.001031" asserts="1" />
              <test-case id="0-1004" name="GetMinimalCoverage_TransitiveCoverage_OneCoversAll" fullname="Task_1.DomainModel.Service.Tests.SubnetCoverageManagerTests.GetMinimalCoverage_TransitiveCoverage_OneCoversAll" methodname="GetMinimalCoverage_TransitiveCoverage_OneCoversAll" classname="Task_1.DomainModel.Service.Tests.SubnetCoverageManagerTests" runstate="Runnable" seed="1380760461" result="Passed" start-time="2017-08-07 09:59:35Z" end-time="2017-08-07 09:59:35Z" duration="0.001310" asserts="1" />
              <test-case id="0-1003" name="GetMinimalCoverage_TwoCoverages_Success" fullname="Task_1.DomainModel.Service.Tests.SubnetCoverageManagerTests.GetMinimalCoverage_TwoCoverages_Success" methodname="GetMinimalCoverage_TwoCoverages_Success" classname="Task_1.DomainModel.Service.Tests.SubnetCoverageManagerTests" runstate="Runnable" seed="1745553889" result="Passed" start-time="2017-08-07 09:59:35Z" end-time="2017-08-07 09:59:35Z" duration="0.001325" asserts="2" />
            </test-suite>
            <test-suite type="TestFixture" id="0-1006" name="SubnetValidatorTests" fullname="Task_1.DomainModel.Service.Tests.SubnetValidatorTests" classname="Task_1.DomainModel.Service.Tests.SubnetValidatorTests" runstate="Runnable" testcasecount="13" result="Passed" start-time="2017-08-07 09:59:35Z" end-time="2017-08-07 09:59:35Z" duration="0.028601" total="13" passed="13" failed="0" warnings="0" inconclusive="0" skipped="0" asserts="26">
              <test-case id="0-1012" name="IsValidAddress_NegativeAddress_Fail" fullname="Task_1.DomainModel.Service.Tests.SubnetValidatorTests.IsValidAddress_NegativeAddress_Fail" methodname="IsValidAddress_NegativeAddress_Fail" classname="Task_1.DomainModel.Service.Tests.SubnetValidatorTests" runstate="Runnable" seed="899754496" result="Passed" start-time="2017-08-07 09:59:35Z" end-time="2017-08-07 09:59:35Z" duration="0.000425" asserts="2" />
              <test-case id="0-1010" name="IsValidAddress_NotAnAddress_Fail" fullname="Task_1.DomainModel.Service.Tests.SubnetValidatorTests.IsValidAddress_NotAnAddress_Fail" methodname="IsValidAddress_NotAnAddress_Fail" classname="Task_1.DomainModel.Service.Tests.SubnetValidatorTests" runstate="Runnable" seed="725219334" result="Passed" start-time="2017-08-07 09:59:35Z" end-time="2017-08-07 09:59:35Z" duration="0.000411" asserts="2" />
              <test-case id="0-1007" name="IsValidAddress_RightAddress_Success" fullname="Task_1.DomainModel.Service.Tests.SubnetValidatorTests.IsValidAddress_RightAddress_Success" methodname="IsValidAddress_RightAddress_Success" classname="Task_1.DomainModel.Service.Tests.SubnetValidatorTests" runstate="Runnable" seed="1707845695" result="Passed" start-time="2017-08-07 09:59:35Z" end-time="2017-08-07 09:59:35Z" duration="0.000397" asserts="2" />
              <test-case id="0-1009" name="IsValidAddress_RightMaskedAddress_Success" fullname="Task_1.DomainModel.Service.Tests.SubnetValidatorTests.IsValidAddress_RightMaskedAddress_Success" methodname="IsValidAddress_RightMaskedAddress_Success" classname="Task_1.DomainModel.Service.Tests.SubnetValidatorTests" runstate="Runnable" seed="1811696290" result="Passed" start-time="2017-08-07 09:59:35Z" end-time="2017-08-07 09:59:35Z" duration="0.000448" asserts="2" />
              <test-case id="0-1011" name="IsValidAddress_WrongMaskedAddress_Fail" fullname="Task_1.DomainModel.Service.Tests.SubnetValidatorTests.IsValidAddress_WrongMaskedAddress_Fail" methodname="IsValidAddress_WrongMaskedAddress_Fail" classname="Task_1.DomainModel.Service.Tests.SubnetValidatorTests" runstate="Runnable" seed="150816349" result="Passed" start-time="2017-08-07 09:59:35Z" end-time="2017-08-07 09:59:35Z" duration="0.000385" asserts="2" />
              <test-case id="0-1008" name="IsValidAddress_ZeroAddress_Success" fullname="Task_1.DomainModel.Service.Tests.SubnetValidatorTests.IsValidAddress_ZeroAddress_Success" methodname="IsValidAddress_ZeroAddress_Success" classname="Task_1.DomainModel.Service.Tests.SubnetValidatorTests" runstate="Runnable" seed="450399105" result="Passed" start-time="2017-08-07 09:59:35Z" end-time="2017-08-07 09:59:35Z" duration="0.000411" asserts="2" />
              <test-case id="0-1016" name="IsValidMask_AddressNotAStartForMask_Success" fullname="Task_1.DomainModel.Service.Tests.SubnetValidatorTests.IsValidMask_AddressNotAStartForMask_Success" methodname="IsValidMask_AddressNotAStartForMask_Success" classname="Task_1.DomainModel.Service.Tests.SubnetValidatorTests" runstate="Runnable" seed="5177407" result="Passed" start-time="2017-08-07 09:59:35Z" end-time="2017-08-07 09:59:35Z" duration="0.000383" asserts="2" />
              <test-case id="0-1019" name="IsValidMask_EmptyMask_Fail" fullname="Task_1.DomainModel.Service.Tests.SubnetValidatorTests.IsValidMask_EmptyMask_Fail" methodname="IsValidMask_EmptyMask_Fail" classname="Task_1.DomainModel.Service.Tests.SubnetValidatorTests" runstate="Runnable" seed="1583108741" result="Passed" start-time="2017-08-07 09:59:35Z" end-time="2017-08-07 09:59:35Z" duration="0.000425" asserts="2" />
              <test-case id="0-1017" name="IsValidMask_LargeMask_Fail" fullname="Task_1.DomainModel.Service.Tests.SubnetValidatorTests.IsValidMask_LargeMask_Fail" methodname="IsValidMask_LargeMask_Fail" classname="Task_1.DomainModel.Service.Tests.SubnetValidatorTests" runstate="Runnable" seed="558036886" result="Passed" start-time="2017-08-07 09:59:35Z" end-time="2017-08-07 09:59:35Z" duration="0.000471" asserts="2" />
              <test-case id="0-1018" name="IsValidMask_MoreThanTwoDigitMask_Fail" fullname="Task_1.DomainModel.Service.Tests.SubnetValidatorTests.IsValidMask_MoreThanTwoDigitMask_Fail" methodname="IsValidMask_MoreThanTwoDigitMask_Fail" classname="Task_1.DomainModel.Service.Tests.SubnetValidatorTests" runstate="Runnable" seed="1397336207" result="Passed" start-time="2017-08-07 09:59:35Z" end-time="2017-08-07 09:59:35Z" duration="0.000376" asserts="2" />
              <test-case id="0-1015" name="IsValidMask_NegativeMask_Fail" fullname="Task_1.DomainModel.Service.Tests.SubnetValidatorTests.IsValidMask_NegativeMask_Fail" methodname="IsValidMask_NegativeMask_Fail" classname="Task_1.DomainModel.Service.Tests.SubnetValidatorTests" runstate="Runnable" seed="1045720184" result="Passed" start-time="2017-08-07 09:59:35Z" end-time="2017-08-07 09:59:35Z" duration="0.000438" asserts="2" />
              <test-case id="0-1013" name="IsValidMask_RightMask_Success" fullname="Task_1.DomainModel.Service.Tests.SubnetValidatorTests.IsValidMask_RightMask_Success" methodname="IsValidMask_RightMask_Success" classname="Task_1.DomainModel.Service.Tests.SubnetValidatorTests" runstate="Runnable" seed="791641852" result="Passed" start-time="2017-08-07 09:59:35Z" end-time="2017-08-07 09:59:35Z" duration="0.000492" asserts="2" />
              <test-case id="0-1014" name="IsValidMask_ZeroMask_Success" fullname="Task_1.DomainModel.Service.Tests.SubnetValidatorTests.IsValidMask_ZeroMask_Success" methodname="IsValidMask_ZeroMask_Success" classname="Task_1.DomainModel.Service.Tests.SubnetValidatorTests" runstate="Runnable" seed="862434396" result="Passed" start-time="2017-08-07 09:59:35Z" end-time="2017-08-07 09:59:35Z" duration="0.000718" asserts="2" />
            </test-suite>
          </test-suite>
        </test-suite>
      </test-suite>
      <test-suite type="TestSuite" id="0-1074" name="Models" fullname="Task_1.Models" runstate="Runnable" testcasecount="10" result="Passed" start-time="2017-08-07 09:59:35Z" end-time="2017-08-07 09:59:35Z" duration="0.035673" total="10" passed="10" failed="0" warnings="0" inconclusive="0" skipped="0" asserts="13">
        <test-suite type="TestSuite" id="0-1075" name="Tests" fullname="Task_1.Models.Tests" runstate="Runnable" testcasecount="10" result="Passed" start-time="2017-08-07 09:59:35Z" end-time="2017-08-07 09:59:35Z" duration="0.033017" total="10" passed="10" failed="0" warnings="0" inconclusive="0" skipped="0" asserts="13">
          <test-suite type="TestFixture" id="0-1037" name="SubnetTests" fullname="Task_1.Models.Tests.SubnetTests" classname="Task_1.Models.Tests.SubnetTests" runstate="Runnable" testcasecount="10" result="Passed" start-time="2017-08-07 09:59:35Z" end-time="2017-08-07 09:59:35Z" duration="0.031972" total="10" passed="10" failed="0" warnings="0" inconclusive="0" skipped="0" asserts="13">
            <test-case id="0-1041" name="Equals_DifferentIds_Fail" fullname="Task_1.Models.Tests.SubnetTests.Equals_DifferentIds_Fail" methodname="Equals_DifferentIds_Fail" classname="Task_1.Models.Tests.SubnetTests" runstate="Runnable" seed="834394854" result="Passed" start-time="2017-08-07 09:59:35Z" end-time="2017-08-07 09:59:35Z" duration="0.000719" asserts="1" />
            <test-case id="0-1042" name="Equals_DifferentNetworks_Fail" fullname="Task_1.Models.Tests.SubnetTests.Equals_DifferentNetworks_Fail" methodname="Equals_DifferentNetworks_Fail" classname="Task_1.Models.Tests.SubnetTests" runstate="Runnable" seed="1575261307" result="Passed" start-time="2017-08-07 09:59:35Z" end-time="2017-08-07 09:59:35Z" duration="0.006094" asserts="1" />
            <test-case id="0-1040" name="Equals_EqualSubnets_Success" fullname="Task_1.Models.Tests.SubnetTests.Equals_EqualSubnets_Success" methodname="Equals_EqualSubnets_Success" classname="Task_1.Models.Tests.SubnetTests" runstate="Runnable" seed="1363550818" result="Passed" start-time="2017-08-07 09:59:35Z" end-time="2017-08-07 09:59:35Z" duration="0.000633" asserts="1" />
            <test-case id="0-1043" name="Equals_NotASubnet_Fail" fullname="Task_1.Models.Tests.SubnetTests.Equals_NotASubnet_Fail" methodname="Equals_NotASubnet_Fail" classname="Task_1.Models.Tests.SubnetTests" runstate="Runnable" seed="347849851" result="Passed" start-time="2017-08-07 09:59:35Z" end-time="2017-08-07 09:59:35Z" duration="0.001343" asserts="1" />
            <test-case id="0-1039" name="GetHashCode_SomeString_GivesIdHashCode" fullname="Task_1.Models.Tests.SubnetTests.GetHashCode_SomeString_GivesIdHashCode" methodname="GetHashCode_SomeString_GivesIdHashCode" classname="Task_1.Models.Tests.SubnetTests" runstate="Runnable" seed="2105304472" result="Passed" start-time="2017-08-07 09:59:35Z" end-time="2017-08-07 09:59:35Z" duration="0.000452" asserts="1" />
            <test-case id="0-1044" name="IsCovering_LargeSoversSmall_Success" fullname="Task_1.Models.Tests.SubnetTests.IsCovering_LargeSoversSmall_Success" methodname="IsCovering_LargeSoversSmall_Success" classname="Task_1.Models.Tests.SubnetTests" runstate="Runnable" seed="261634538" result="Passed" start-time="2017-08-07 09:59:35Z" end-time="2017-08-07 09:59:35Z" duration="0.000699" asserts="1" />
            <test-case id="0-1046" name="IsCovering_SameSubnets_Success" fullname="Task_1.Models.Tests.SubnetTests.IsCovering_SameSubnets_Success" methodname="IsCovering_SameSubnets_Success" classname="Task_1.Models.Tests.SubnetTests" runstate="Runnable" seed="36367887" result="Passed" start-time="2017-08-07 09:59:35Z" end-time="2017-08-07 09:59:35Z" duration="0.001077" asserts="1" />
            <test-case id="0-1045" name="IsCovering_SmallCoveringLarge_Fail" fullname="Task_1.Models.Tests.SubnetTests.IsCovering_SmallCoveringLarge_Fail" methodname="IsCovering_SmallCoveringLarge_Fail" classname="Task_1.Models.Tests.SubnetTests" runstate="Runnable" seed="1061769150" result="Passed" start-time="2017-08-07 09:59:35Z" end-time="2017-08-07 09:59:35Z" duration="0.000483" asserts="1" />
            <test-case id="0-1047" name="IsCovering_TransitiveCover_Success" fullname="Task_1.Models.Tests.SubnetTests.IsCovering_TransitiveCover_Success" methodname="IsCovering_TransitiveCover_Success" classname="Task_1.Models.Tests.SubnetTests" runstate="Runnable" seed="1435353260" result="Passed" start-time="2017-08-07 09:59:35Z" end-time="2017-08-07 09:59:35Z" duration="0.000630" asserts="3" />
            <test-case id="0-1038" name="Subnet_FixedParams_CreatedInstance" fullname="Task_1.Models.Tests.SubnetTests.Subnet_FixedParams_CreatedInstance" methodname="Subnet_FixedParams_CreatedInstance" classname="Task_1.Models.Tests.SubnetTests" runstate="Runnable" seed="1632852944" result="Passed" start-time="2017-08-07 09:59:35Z" end-time="2017-08-07 09:59:35Z" duration="0.000602" asserts="2" />
          </test-suite>
        </test-suite>
      </test-suite>
    </test-suite>
  </test-suite>
</test-run>